12/8/2016 11:24:05 AM, Info: Initializing SIMPLSharp Services...
12/8/2016 11:24:05 AM, Info: ProjectInfo successfully initialized.
12/8/2016 11:24:09 AM, Info: Commiting verification transaction...
12/8/2016 11:24:09 AM, Info: Saving project information...
12/8/2016 11:32:06 AM, Info: Initializing SIMPLSharp Services...
12/8/2016 11:32:06 AM, Info: ProjectInfo successfully initialized.
12/8/2016 11:32:09 AM, Info: Commiting verification transaction...
12/8/2016 11:32:09 AM, Info: Saving project information...
12/8/2016 11:41:59 AM, Info: Initializing SIMPLSharp Services...
12/8/2016 11:41:59 AM, Info: ProjectInfo successfully initialized.
12/8/2016 11:42:01 AM, Info: Commiting verification transaction...
12/8/2016 11:42:01 AM, Info: Saving project information...
12/8/2016 11:48:35 AM, Info: Initializing SIMPLSharp Services...
12/8/2016 11:48:35 AM, Info: ProjectInfo successfully initialized.
12/8/2016 11:48:38 AM, Info: Commiting verification transaction...
12/8/2016 11:48:38 AM, Info: Saving project information...
12/8/2016 11:54:40 AM, Info: Initializing SIMPLSharp Services...
12/8/2016 11:54:40 AM, Info: ProjectInfo successfully initialized.
12/8/2016 11:54:43 AM, Info: Commiting verification transaction...
12/8/2016 11:54:43 AM, Info: Saving project information...
12/8/2016 12:05:43 PM, Info: Initializing SIMPLSharp Services...
12/8/2016 12:05:43 PM, Info: ProjectInfo successfully initialized.
12/8/2016 12:05:46 PM, Info: Commiting verification transaction...
12/8/2016 12:05:46 PM, Info: Saving project information...
12/8/2016 12:09:22 PM, Info: Initializing SIMPLSharp Services...
12/8/2016 12:09:22 PM, Info: ProjectInfo successfully initialized.
12/8/2016 12:09:25 PM, Info: Commiting verification transaction...
12/8/2016 12:09:25 PM, Info: Saving project information...
12/8/2016 12:19:43 PM, Info: Initializing SIMPLSharp Services...
12/8/2016 12:19:43 PM, Info: ProjectInfo successfully initialized.
12/8/2016 12:19:46 PM, Info: Commiting verification transaction...
12/8/2016 12:19:46 PM, Info: Saving project information...
12/8/2016 2:35:58 PM, Info: Initializing SIMPLSharp Services...
12/8/2016 2:35:58 PM, Info: ProjectInfo successfully initialized.
12/8/2016 2:36:02 PM, Info: Commiting verification transaction...
12/8/2016 2:36:02 PM, Info: Saving project information...
12/8/2016 2:37:11 PM, Info: Initializing SIMPLSharp Services...
12/8/2016 2:37:11 PM, Info: ProjectInfo successfully initialized.
12/8/2016 2:37:14 PM, Info: Commiting verification transaction...
12/8/2016 2:37:14 PM, Info: Saving project information...
12/8/2016 2:39:22 PM, Info: Initializing SIMPLSharp Services...
12/8/2016 2:39:22 PM, Info: ProjectInfo successfully initialized.
12/8/2016 2:39:25 PM, Info: Commiting verification transaction...
12/8/2016 2:39:25 PM, Info: Saving project information...
12/8/2016 3:10:06 PM, Info: Initializing SIMPLSharp Services...
12/8/2016 3:10:06 PM, Info: ProjectInfo successfully initialized.
12/8/2016 3:10:09 PM, Info: Commiting verification transaction...
12/8/2016 3:10:09 PM, Info: Saving project information...
12/8/2016 3:32:53 PM, Info: Initializing SIMPLSharp Services...
12/8/2016 3:32:53 PM, Info: ProjectInfo successfully initialized.
12/8/2016 3:32:55 PM, Info: Commiting verification transaction...
12/8/2016 3:32:55 PM, Info: Saving project information...
12/8/2016 3:38:02 PM, Info: Initializing SIMPLSharp Services...
12/8/2016 3:38:02 PM, Info: ProjectInfo successfully initialized.
12/8/2016 3:38:04 PM, Info: Commiting verification transaction...
12/8/2016 3:38:04 PM, Info: Saving project information...
12/8/2016 3:54:05 PM, Info: Initializing SIMPLSharp Services...
12/8/2016 3:54:05 PM, Info: ProjectInfo successfully initialized.
12/8/2016 3:54:07 PM, Info: Commiting verification transaction...
12/8/2016 3:54:07 PM, Info: Saving project information...
12/8/2016 3:57:57 PM, Info: Initializing SIMPLSharp Services...
12/8/2016 3:57:57 PM, Info: ProjectInfo successfully initialized.
12/8/2016 3:58:00 PM, Info: Commiting verification transaction...
12/8/2016 3:58:00 PM, Info: Saving project information...
12/8/2016 4:09:22 PM, Info: Initializing SIMPLSharp Services...
12/8/2016 4:09:22 PM, Info: ProjectInfo successfully initialized.
12/8/2016 4:09:25 PM, Info: Commiting verification transaction...
12/8/2016 4:09:25 PM, Info: Saving project information...
12/8/2016 4:31:08 PM, Info: Initializing SIMPLSharp Services...
12/8/2016 4:31:08 PM, Info: ProjectInfo successfully initialized.
12/8/2016 4:31:11 PM, Info: Commiting verification transaction...
12/8/2016 4:31:11 PM, Info: Saving project information...
12/8/2016 5:00:43 PM, Info: Terminating SIMPLSharp Services
12/8/2016 5:00:43 PM, Info: Saving project information...
12/8/2016 5:00:43 PM, Info: Terminating SIMPLSharp Services
12/8/2016 5:00:43 PM, Info: Saving project information...
12/8/2016 5:00:43 PM, Info: Terminating SIMPLSharp Services
12/8/2016 5:00:43 PM, Info: Saving project information...
12/8/2016 5:00:43 PM, Info: Terminating SIMPLSharp Services
12/8/2016 5:00:43 PM, Info: Saving project information...
12/8/2016 5:00:43 PM, Info: Terminating SIMPLSharp Services
12/8/2016 5:00:43 PM, Info: Saving project information...
12/8/2016 5:00:43 PM, Info: Terminating SIMPLSharp Services
12/8/2016 5:00:43 PM, Info: Saving project information...
12/8/2016 5:00:43 PM, Info: Terminating SIMPLSharp Services
12/8/2016 5:00:43 PM, Info: Saving project information...
12/8/2016 5:00:43 PM, Info: Terminating SIMPLSharp Services
12/8/2016 5:00:43 PM, Info: Saving project information...
12/8/2016 5:00:43 PM, Info: Terminating SIMPLSharp Services
12/8/2016 5:00:43 PM, Info: Saving project information...
12/8/2016 5:00:43 PM, Info: Terminating SIMPLSharp Services
12/8/2016 5:00:43 PM, Info: Saving project information...
12/8/2016 5:00:43 PM, Info: Terminating SIMPLSharp Services
12/8/2016 5:00:43 PM, Info: Saving project information...
12/8/2016 5:00:43 PM, Info: Terminating SIMPLSharp Services
12/8/2016 5:00:43 PM, Info: Saving project information...
12/8/2016 5:00:43 PM, Info: Terminating SIMPLSharp Services
12/8/2016 5:00:43 PM, Info: Saving project information...
12/8/2016 5:00:43 PM, Info: Terminating SIMPLSharp Services
12/8/2016 5:00:43 PM, Info: Saving project information...
12/8/2016 5:00:43 PM, Info: Terminating SIMPLSharp Services
12/8/2016 5:00:43 PM, Info: Saving project information...
12/8/2016 5:00:43 PM, Info: Terminating SIMPLSharp Services
12/8/2016 5:00:43 PM, Info: Saving project information...
12/8/2016 5:00:43 PM, Info: Terminating SIMPLSharp Services
12/8/2016 5:00:43 PM, Info: Saving project information...
12/8/2016 5:00:43 PM, Info: Terminating SIMPLSharp Services
