3/24/2017 8:38:35 AM, Info: Initializing SIMPLSharp Services...
3/24/2017 8:38:35 AM, Info: ProjectInfo successfully initialized.
3/24/2017 8:38:36 AM, Info: Verifying archive C:\Users\dja\Documents\GIT-repo\Crestron-MC-Concourse-Displays\SimplSharpNetUtils.clz...
3/24/2017 8:38:39 AM, Info: Saving project information...
3/24/2017 8:38:39 AM, Info: Verifying archive C:\Users\dja\Documents\GIT-repo\Crestron-MC-Concourse-Displays\SimplSharpStringUtils.clz...
3/24/2017 8:38:40 AM, Info: Saving project information...
3/24/2017 8:38:41 AM, Info: Commiting verification transaction...
3/24/2017 8:38:41 AM, Info: Saving project information...
3/24/2017 1:18:30 PM, Info: Initializing SIMPLSharp Services...
3/24/2017 1:18:30 PM, Info: ProjectInfo successfully initialized.
3/24/2017 1:18:30 PM, Info: Verifying archive C:\Users\dja\Documents\GIT-repo\Crestron-MC-Concourse-Displays\SimplSharpNetUtils.clz...
3/24/2017 1:18:32 PM, Info: Saving project information...
3/24/2017 1:18:32 PM, Info: Verifying archive C:\Users\dja\Documents\GIT-repo\Crestron-MC-Concourse-Displays\SimplSharpStringUtils.clz...
3/24/2017 1:18:34 PM, Info: Saving project information...
3/24/2017 1:18:35 PM, Info: Commiting verification transaction...
3/24/2017 1:18:35 PM, Info: Saving project information...
3/24/2017 1:36:52 PM, Info: Initializing SIMPLSharp Services...
3/24/2017 1:36:52 PM, Info: ProjectInfo successfully initialized.
3/24/2017 1:36:53 PM, Info: Verifying archive C:\Users\dja\Documents\GIT-repo\Crestron-MC-Concourse-Displays\SimplSharpNetUtils.clz...
3/24/2017 1:36:55 PM, Info: Saving project information...
3/24/2017 1:36:55 PM, Info: Verifying archive C:\Users\dja\Documents\GIT-repo\Crestron-MC-Concourse-Displays\SimplSharpStringUtils.clz...
3/24/2017 1:36:56 PM, Info: Saving project information...
3/24/2017 1:36:57 PM, Info: Commiting verification transaction...
3/24/2017 1:36:57 PM, Info: Saving project information...
3/24/2017 1:41:57 PM, Info: Initializing SIMPLSharp Services...
3/24/2017 1:41:57 PM, Info: ProjectInfo successfully initialized.
3/24/2017 1:41:58 PM, Info: Verifying archive C:\Users\dja\Documents\GIT-repo\Crestron-MC-Concourse-Displays\SimplSharpNetUtils.clz...
3/24/2017 1:42:00 PM, Info: Saving project information...
3/24/2017 1:42:00 PM, Info: Verifying archive C:\Users\dja\Documents\GIT-repo\Crestron-MC-Concourse-Displays\SimplSharpStringUtils.clz...
3/24/2017 1:42:01 PM, Info: Saving project information...
3/24/2017 1:42:02 PM, Info: Commiting verification transaction...
3/24/2017 1:42:02 PM, Info: Saving project information...
3/24/2017 2:12:02 PM, Info: Initializing SIMPLSharp Services...
3/24/2017 2:12:02 PM, Info: ProjectInfo successfully initialized.
3/24/2017 2:12:03 PM, Info: Verifying archive C:\Users\dja\Documents\GIT-repo\Crestron-MC-Concourse-Displays\SimplSharpNetUtils.clz...
3/24/2017 2:12:05 PM, Info: Saving project information...
3/24/2017 2:12:05 PM, Info: Verifying archive C:\Users\dja\Documents\GIT-repo\Crestron-MC-Concourse-Displays\SimplSharpStringUtils.clz...
3/24/2017 2:12:06 PM, Info: Saving project information...
3/24/2017 2:12:08 PM, Info: Commiting verification transaction...
3/24/2017 2:12:08 PM, Info: Saving project information...
3/24/2017 2:27:38 PM, Info: Initializing SIMPLSharp Services...
3/24/2017 2:27:38 PM, Info: ProjectInfo successfully initialized.
3/24/2017 2:27:39 PM, Info: Verifying archive C:\Users\dja\Documents\GIT-repo\Crestron-MC-Concourse-Displays\SimplSharpNetUtils.clz...
3/24/2017 2:27:41 PM, Info: Saving project information...
3/24/2017 2:27:41 PM, Info: Verifying archive C:\Users\dja\Documents\GIT-repo\Crestron-MC-Concourse-Displays\SimplSharpStringUtils.clz...
3/24/2017 2:27:42 PM, Info: Saving project information...
3/24/2017 2:27:44 PM, Info: Commiting verification transaction...
3/24/2017 2:27:44 PM, Info: Saving project information...
3/24/2017 2:39:45 PM, Info: Initializing SIMPLSharp Services...
3/24/2017 2:39:45 PM, Info: ProjectInfo successfully initialized.
3/24/2017 2:39:46 PM, Info: Verifying archive C:\Users\dja\Documents\GIT-repo\Crestron-MC-Concourse-Displays\SimplSharpNetUtils.clz...
3/24/2017 2:39:48 PM, Info: Saving project information...
3/24/2017 2:39:48 PM, Info: Verifying archive C:\Users\dja\Documents\GIT-repo\Crestron-MC-Concourse-Displays\SimplSharpStringUtils.clz...
3/24/2017 2:39:49 PM, Info: Saving project information...
3/24/2017 2:39:51 PM, Info: Commiting verification transaction...
3/24/2017 2:39:51 PM, Info: Saving project information...
3/24/2017 3:17:54 PM, Info: Initializing SIMPLSharp Services...
3/24/2017 3:17:54 PM, Info: ProjectInfo successfully initialized.
3/24/2017 3:17:55 PM, Info: Verifying archive C:\Users\dja\Documents\GIT-repo\Crestron-MC-Concourse-Displays\SimplSharpNetUtils.clz...
3/24/2017 3:17:57 PM, Info: Saving project information...
3/24/2017 3:17:57 PM, Info: Verifying archive C:\Users\dja\Documents\GIT-repo\Crestron-MC-Concourse-Displays\SimplSharpStringUtils.clz...
3/24/2017 3:17:58 PM, Info: Saving project information...
3/24/2017 3:17:59 PM, Info: Commiting verification transaction...
3/24/2017 3:17:59 PM, Info: Saving project information...
3/24/2017 3:31:15 PM, Info: Initializing SIMPLSharp Services...
3/24/2017 3:31:15 PM, Info: ProjectInfo successfully initialized.
3/24/2017 3:31:16 PM, Info: Verifying archive C:\Users\dja\Documents\GIT-repo\Crestron-MC-Concourse-Displays\SimplSharpNetUtils.clz...
3/24/2017 3:31:18 PM, Info: Saving project information...
3/24/2017 3:31:18 PM, Info: Verifying archive C:\Users\dja\Documents\GIT-repo\Crestron-MC-Concourse-Displays\SimplSharpStringUtils.clz...
3/24/2017 3:31:19 PM, Info: Saving project information...
3/24/2017 3:31:21 PM, Info: Commiting verification transaction...
3/24/2017 3:31:21 PM, Info: Saving project information...
3/24/2017 3:43:16 PM, Info: Initializing SIMPLSharp Services...
3/24/2017 3:43:17 PM, Info: ProjectInfo successfully initialized.
3/24/2017 3:43:17 PM, Info: Verifying archive C:\Users\dja\Documents\GIT-repo\Crestron-MC-Concourse-Displays\SimplSharpNetUtils.clz...
3/24/2017 3:43:19 PM, Info: Saving project information...
3/24/2017 3:43:19 PM, Info: Verifying archive C:\Users\dja\Documents\GIT-repo\Crestron-MC-Concourse-Displays\SimplSharpStringUtils.clz...
3/24/2017 3:43:20 PM, Info: Saving project information...
3/24/2017 3:43:22 PM, Info: Commiting verification transaction...
3/24/2017 3:43:22 PM, Info: Saving project information...
3/24/2017 4:20:59 PM, Info: Terminating SIMPLSharp Services
3/24/2017 4:20:59 PM, Info: Saving project information...
3/24/2017 4:20:59 PM, Info: Terminating SIMPLSharp Services
3/24/2017 4:20:59 PM, Info: Saving project information...
3/24/2017 4:20:59 PM, Info: Terminating SIMPLSharp Services
3/24/2017 4:20:59 PM, Info: Saving project information...
3/24/2017 4:20:59 PM, Info: Terminating SIMPLSharp Services
3/24/2017 4:20:59 PM, Info: Saving project information...
3/24/2017 4:20:59 PM, Info: Terminating SIMPLSharp Services
3/24/2017 4:20:59 PM, Info: Saving project information...
3/24/2017 4:20:59 PM, Info: Terminating SIMPLSharp Services
3/24/2017 4:20:59 PM, Info: Saving project information...
3/24/2017 4:20:59 PM, Info: Terminating SIMPLSharp Services
3/24/2017 4:20:59 PM, Info: Saving project information...
3/24/2017 4:20:59 PM, Info: Terminating SIMPLSharp Services
3/24/2017 4:20:59 PM, Info: Saving project information...
3/24/2017 4:20:59 PM, Info: Terminating SIMPLSharp Services
3/24/2017 4:20:59 PM, Info: Saving project information...
3/24/2017 4:20:59 PM, Info: Terminating SIMPLSharp Services
