2/28/2017 1:44:02 PM, Info: Initializing SIMPLSharp Services...
2/28/2017 1:44:03 PM, Info: ProjectInfo successfully initialized.
2/28/2017 1:44:04 PM, Info: Verifying archive C:\Users\dja\Documents\GIT-repo\Crestron-MC-Concourse-Displays\SimplSharpNetUtils.clz...
2/28/2017 1:44:05 PM, Info: Saving project information...
2/28/2017 2:15:16 PM, Info: Initializing SIMPLSharp Services...
2/28/2017 2:15:16 PM, Info: ProjectInfo successfully initialized.
2/28/2017 2:15:16 PM, Info: Verifying archive C:\Users\dja\Documents\GIT-repo\Crestron-MC-Concourse-Displays\SimplSharpNetUtils.clz...
2/28/2017 2:15:18 PM, Info: Saving project information...
2/28/2017 2:16:18 PM, Info: Initializing SIMPLSharp Services...
2/28/2017 2:16:18 PM, Info: ProjectInfo successfully initialized.
2/28/2017 2:16:19 PM, Info: Verifying archive C:\Users\dja\Documents\GIT-repo\Crestron-MC-Concourse-Displays\SimplSharpNetUtils.clz...
2/28/2017 2:16:20 PM, Info: Saving project information...
2/28/2017 4:38:46 PM, Info: Initializing SIMPLSharp Services...
2/28/2017 4:38:46 PM, Info: ProjectInfo successfully initialized.
2/28/2017 4:38:47 PM, Info: Verifying archive C:\Users\dja\Documents\GIT-repo\Crestron-MC-Concourse-Displays\SimplSharpNetUtils.clz...
2/28/2017 4:38:48 PM, Info: Saving project information...
3/1/2017 11:54:15 AM, Info: Terminating SIMPLSharp Services
3/1/2017 11:54:15 AM, Info: Saving project information...
3/1/2017 11:54:15 AM, Info: Terminating SIMPLSharp Services
3/1/2017 11:54:15 AM, Info: Saving project information...
3/1/2017 11:54:15 AM, Info: Terminating SIMPLSharp Services
3/1/2017 11:54:15 AM, Info: Saving project information...
3/1/2017 11:54:15 AM, Info: Terminating SIMPLSharp Services
