3/9/2017 4:02:58 PM, Info: Initializing SIMPLSharp Services...
3/9/2017 4:02:58 PM, Info: ProjectInfo successfully initialized.
3/9/2017 4:02:59 PM, Info: Verifying archive C:\Users\dja\Documents\GIT-repo\Crestron-MC-Concourse-Displays\SimplSharpNetUtils.clz...
3/9/2017 4:03:00 PM, Info: Saving project information...
3/9/2017 4:03:01 PM, Info: Commiting verification transaction...
3/9/2017 4:03:01 PM, Info: Saving project information...
3/9/2017 4:07:21 PM, Info: Initializing SIMPLSharp Services...
3/9/2017 4:07:21 PM, Info: ProjectInfo successfully initialized.
3/9/2017 4:07:21 PM, Info: Verifying archive C:\Users\dja\Documents\GIT-repo\Crestron-MC-Concourse-Displays\SimplSharpNetUtils.clz...
3/9/2017 4:07:23 PM, Info: Saving project information...
3/9/2017 4:07:24 PM, Info: Commiting verification transaction...
3/9/2017 4:07:24 PM, Info: Saving project information...
3/9/2017 4:11:36 PM, Info: Initializing SIMPLSharp Services...
3/9/2017 4:11:36 PM, Info: ProjectInfo successfully initialized.
3/9/2017 4:11:37 PM, Info: Verifying archive C:\Users\dja\Documents\GIT-repo\Crestron-MC-Concourse-Displays\SimplSharpNetUtils.clz...
3/9/2017 4:11:38 PM, Info: Saving project information...
3/9/2017 4:11:40 PM, Info: Commiting verification transaction...
3/9/2017 4:11:40 PM, Info: Saving project information...
3/9/2017 4:13:18 PM, Info: Initializing SIMPLSharp Services...
3/9/2017 4:13:18 PM, Info: ProjectInfo successfully initialized.
3/9/2017 4:13:19 PM, Info: Verifying archive C:\Users\dja\Documents\GIT-repo\Crestron-MC-Concourse-Displays\SimplSharpNetUtils.clz...
3/9/2017 4:13:20 PM, Info: Saving project information...
3/9/2017 4:13:21 PM, Info: Commiting verification transaction...
3/9/2017 4:13:21 PM, Info: Saving project information...
3/9/2017 4:19:26 PM, Info: Initializing SIMPLSharp Services...
3/9/2017 4:19:26 PM, Info: ProjectInfo successfully initialized.
3/9/2017 4:19:27 PM, Info: Verifying archive C:\Users\dja\Documents\GIT-repo\Crestron-MC-Concourse-Displays\SimplSharpNetUtils.clz...
3/9/2017 4:19:28 PM, Info: Saving project information...
3/9/2017 4:19:29 PM, Info: Commiting verification transaction...
3/9/2017 4:19:29 PM, Info: Saving project information...
3/9/2017 4:57:36 PM, Info: Terminating SIMPLSharp Services
3/9/2017 4:57:36 PM, Info: Saving project information...
3/9/2017 4:57:36 PM, Info: Terminating SIMPLSharp Services
3/9/2017 4:57:36 PM, Info: Saving project information...
3/9/2017 4:57:36 PM, Info: Terminating SIMPLSharp Services
3/9/2017 4:57:36 PM, Info: Saving project information...
3/9/2017 4:57:36 PM, Info: Terminating SIMPLSharp Services
3/9/2017 4:57:36 PM, Info: Saving project information...
3/9/2017 4:57:36 PM, Info: Terminating SIMPLSharp Services
