3/10/2017 1:18:57 PM, Info: Initializing SIMPLSharp Services...
3/10/2017 1:18:58 PM, Info: ProjectInfo successfully initialized.
3/10/2017 1:18:59 PM, Info: Verifying archive C:\Users\dja\Documents\GIT-repo\Crestron-MC-Concourse-Displays\SimplSharpNetUtils.clz...
3/10/2017 1:19:01 PM, Info: Saving project information...
3/10/2017 1:19:16 PM, Info: Initializing SIMPLSharp Services...
3/10/2017 1:19:16 PM, Info: ProjectInfo successfully initialized.
3/10/2017 2:35:30 PM, Info: Initializing SIMPLSharp Services...
3/10/2017 2:35:30 PM, Info: ProjectInfo successfully initialized.
3/10/2017 2:41:53 PM, Info: Initializing SIMPLSharp Services...
3/10/2017 2:41:53 PM, Info: ProjectInfo successfully initialized.
3/10/2017 3:17:20 PM, Info: Initializing SIMPLSharp Services...
3/10/2017 3:17:20 PM, Info: ProjectInfo successfully initialized.
3/10/2017 3:41:17 PM, Info: Initializing SIMPLSharp Services...
3/10/2017 3:41:17 PM, Info: ProjectInfo successfully initialized.
3/10/2017 3:41:19 PM, Info: Verifying archive C:\Users\dja\Documents\GIT-repo\Crestron-MC-Concourse-Displays\SimplSharpNetUtils.clz...
3/10/2017 3:41:20 PM, Info: Saving project information...
3/10/2017 3:42:56 PM, Info: Initializing SIMPLSharp Services...
3/10/2017 3:42:56 PM, Info: ProjectInfo successfully initialized.
3/10/2017 5:19:32 PM, Info: Initializing SIMPLSharp Services...
3/10/2017 5:19:32 PM, Info: ProjectInfo successfully initialized.
3/10/2017 5:19:33 PM, Info: Verifying archive C:\Users\dja\Documents\GIT-repo\Crestron-MC-Concourse-Displays\SimplSharpNetUtils.clz...
3/10/2017 5:19:35 PM, Info: Saving project information...
3/10/2017 5:19:46 PM, Info: Initializing SIMPLSharp Services...
3/10/2017 5:19:46 PM, Info: ProjectInfo successfully initialized.
3/10/2017 5:30:48 PM, Info: Initializing SIMPLSharp Services...
3/10/2017 5:30:48 PM, Info: ProjectInfo successfully initialized.
3/10/2017 5:30:49 PM, Info: Verifying archive C:\Users\dja\Documents\GIT-repo\Crestron-MC-Concourse-Displays\SimplSharpNetUtils.clz...
3/10/2017 5:30:51 PM, Info: Saving project information...
3/10/2017 5:41:59 PM, Info: Terminating SIMPLSharp Services
3/10/2017 5:41:59 PM, Info: Saving project information...
3/10/2017 5:41:59 PM, Info: Terminating SIMPLSharp Services
3/10/2017 5:41:59 PM, Info: Saving project information...
3/10/2017 5:41:59 PM, Info: Terminating SIMPLSharp Services
3/10/2017 5:41:59 PM, Info: Saving project information...
3/10/2017 5:41:59 PM, Info: Terminating SIMPLSharp Services
3/10/2017 5:41:59 PM, Info: Saving project information...
3/10/2017 5:41:59 PM, Info: Terminating SIMPLSharp Services
3/10/2017 5:41:59 PM, Info: Saving project information...
3/10/2017 5:41:59 PM, Info: Terminating SIMPLSharp Services
3/10/2017 5:41:59 PM, Info: Saving project information...
3/10/2017 5:41:59 PM, Info: Terminating SIMPLSharp Services
3/10/2017 5:41:59 PM, Info: Saving project information...
3/10/2017 5:41:59 PM, Info: Terminating SIMPLSharp Services
3/10/2017 5:41:59 PM, Info: Saving project information...
3/10/2017 5:41:59 PM, Info: Terminating SIMPLSharp Services
3/10/2017 5:41:59 PM, Info: Saving project information...
3/10/2017 5:41:59 PM, Info: Terminating SIMPLSharp Services
