3/13/2017 9:38:06 AM, Info: Initializing SIMPLSharp Services...
3/13/2017 9:38:07 AM, Info: ProjectInfo successfully initialized.
3/13/2017 9:38:07 AM, Info: Verifying archive C:\Users\dja\Documents\GIT-repo\Crestron-MC-Concourse-Displays\SimplSharpNetUtils.clz...
3/13/2017 9:38:09 AM, Info: Saving project information...
3/13/2017 9:38:11 AM, Info: Commiting verification transaction...
3/13/2017 9:38:11 AM, Info: Saving project information...
3/13/2017 9:47:31 AM, Info: Initializing SIMPLSharp Services...
3/13/2017 9:47:31 AM, Info: ProjectInfo successfully initialized.
3/13/2017 9:47:32 AM, Info: Verifying archive C:\Users\dja\Documents\GIT-repo\Crestron-MC-Concourse-Displays\SimplSharpNetUtils.clz...
3/13/2017 9:47:34 AM, Info: Saving project information...
3/13/2017 9:47:35 AM, Info: Commiting verification transaction...
3/13/2017 9:47:35 AM, Info: Saving project information...
3/13/2017 11:42:39 AM, Info: Initializing SIMPLSharp Services...
3/13/2017 11:42:39 AM, Info: ProjectInfo successfully initialized.
3/13/2017 11:42:40 AM, Info: Verifying archive C:\Users\dja\Documents\GIT-repo\Crestron-MC-Concourse-Displays\SimplSharpNetUtils.clz...
3/13/2017 11:42:42 AM, Info: Saving project information...
3/13/2017 11:42:43 AM, Info: Commiting verification transaction...
3/13/2017 11:42:43 AM, Info: Saving project information...
3/13/2017 2:11:58 PM, Info: Initializing SIMPLSharp Services...
3/13/2017 2:11:58 PM, Info: ProjectInfo successfully initialized.
3/13/2017 2:11:58 PM, Info: Verifying archive C:\Users\dja\Documents\GIT-repo\Crestron-MC-Concourse-Displays\SimplSharpNetUtils.clz...
3/13/2017 2:12:00 PM, Info: Saving project information...
3/13/2017 2:12:02 PM, Info: Commiting verification transaction...
3/13/2017 2:12:02 PM, Info: Saving project information...
3/13/2017 2:57:50 PM, Info: Initializing SIMPLSharp Services...
3/13/2017 2:57:50 PM, Info: ProjectInfo successfully initialized.
3/13/2017 2:57:51 PM, Info: Verifying archive C:\Users\dja\Documents\GIT-repo\Crestron-MC-Concourse-Displays\SimplSharpNetUtils.clz...
3/13/2017 2:57:53 PM, Info: Saving project information...
3/13/2017 2:57:54 PM, Info: Commiting verification transaction...
3/13/2017 2:57:54 PM, Info: Saving project information...
3/13/2017 3:01:57 PM, Info: Initializing SIMPLSharp Services...
3/13/2017 3:01:57 PM, Info: ProjectInfo successfully initialized.
3/13/2017 3:01:58 PM, Info: Verifying archive C:\Users\dja\Documents\GIT-repo\Crestron-MC-Concourse-Displays\SimplSharpNetUtils.clz...
3/13/2017 3:02:00 PM, Info: Saving project information...
3/13/2017 3:02:02 PM, Info: Commiting verification transaction...
3/13/2017 3:02:02 PM, Info: Saving project information...
3/13/2017 3:07:03 PM, Info: Initializing SIMPLSharp Services...
3/13/2017 3:07:03 PM, Info: ProjectInfo successfully initialized.
3/13/2017 3:07:04 PM, Info: Verifying archive C:\Users\dja\Documents\GIT-repo\Crestron-MC-Concourse-Displays\SimplSharpNetUtils.clz...
3/13/2017 3:07:06 PM, Info: Saving project information...
3/13/2017 3:07:07 PM, Info: Commiting verification transaction...
3/13/2017 3:07:07 PM, Info: Saving project information...
3/13/2017 3:14:39 PM, Info: Initializing SIMPLSharp Services...
3/13/2017 3:14:39 PM, Info: ProjectInfo successfully initialized.
3/13/2017 3:14:40 PM, Info: Verifying archive C:\Users\dja\Documents\GIT-repo\Crestron-MC-Concourse-Displays\SimplSharpNetUtils.clz...
3/13/2017 3:14:42 PM, Info: Saving project information...
3/13/2017 3:14:43 PM, Info: Commiting verification transaction...
3/13/2017 3:14:43 PM, Info: Saving project information...
3/13/2017 3:19:05 PM, Info: Initializing SIMPLSharp Services...
3/13/2017 3:19:05 PM, Info: ProjectInfo successfully initialized.
3/13/2017 3:19:05 PM, Info: Verifying archive C:\Users\dja\Documents\GIT-repo\Crestron-MC-Concourse-Displays\SimplSharpNetUtils.clz...
3/13/2017 3:19:08 PM, Info: Saving project information...
3/13/2017 3:19:09 PM, Info: Commiting verification transaction...
3/13/2017 3:19:09 PM, Info: Saving project information...
3/13/2017 3:23:07 PM, Info: Initializing SIMPLSharp Services...
3/13/2017 3:23:07 PM, Info: ProjectInfo successfully initialized.
3/13/2017 3:23:08 PM, Info: Verifying archive C:\Users\dja\Documents\GIT-repo\Crestron-MC-Concourse-Displays\SimplSharpNetUtils.clz...
3/13/2017 3:23:10 PM, Info: Saving project information...
3/13/2017 3:23:12 PM, Info: Commiting verification transaction...
3/13/2017 3:23:12 PM, Info: Saving project information...
3/14/2017 4:58:39 PM, Info: Initializing SIMPLSharp Services...
3/14/2017 4:58:39 PM, Info: ProjectInfo successfully initialized.
3/14/2017 4:58:40 PM, Info: Verifying archive C:\Users\dja\Documents\GIT-repo\Crestron-MC-Concourse-Displays\SimplSharpNetUtils.clz...
3/14/2017 4:58:42 PM, Info: Saving project information...
3/14/2017 4:58:43 PM, Info: Commiting verification transaction...
3/14/2017 4:58:43 PM, Info: Saving project information...
3/14/2017 5:01:41 PM, Info: Terminating SIMPLSharp Services
3/14/2017 5:01:41 PM, Info: Saving project information...
3/14/2017 5:01:41 PM, Info: Terminating SIMPLSharp Services
3/14/2017 5:01:41 PM, Info: Saving project information...
3/14/2017 5:01:41 PM, Info: Terminating SIMPLSharp Services
3/14/2017 5:01:41 PM, Info: Saving project information...
3/14/2017 5:01:41 PM, Info: Terminating SIMPLSharp Services
3/14/2017 5:01:41 PM, Info: Saving project information...
3/14/2017 5:01:41 PM, Info: Terminating SIMPLSharp Services
3/14/2017 5:01:41 PM, Info: Saving project information...
3/14/2017 5:01:41 PM, Info: Terminating SIMPLSharp Services
3/14/2017 5:01:41 PM, Info: Saving project information...
3/14/2017 5:01:41 PM, Info: Terminating SIMPLSharp Services
3/14/2017 5:01:41 PM, Info: Saving project information...
3/14/2017 5:01:41 PM, Info: Terminating SIMPLSharp Services
3/14/2017 5:01:41 PM, Info: Saving project information...
3/14/2017 5:01:41 PM, Info: Terminating SIMPLSharp Services
3/14/2017 5:01:41 PM, Info: Saving project information...
3/14/2017 5:01:41 PM, Info: Terminating SIMPLSharp Services
3/14/2017 5:01:41 PM, Info: Saving project information...
3/14/2017 5:01:41 PM, Info: Terminating SIMPLSharp Services
