4/3/2017 8:37:41 AM, Info: Initializing SIMPLSharp Services...
4/3/2017 8:37:41 AM, Info: ProjectInfo successfully initialized.
4/3/2017 8:37:42 AM, Info: Verifying archive C:\Users\dja\Documents\GIT-repo\Crestron-MC-Concourse-Displays\SimplSharpNetUtils.clz...
4/3/2017 8:37:44 AM, Info: Saving project information...
4/3/2017 8:37:44 AM, Info: Verifying archive C:\Users\dja\Documents\GIT-repo\Crestron-MC-Concourse-Displays\SimplSharpStringUtils.clz...
4/3/2017 8:37:45 AM, Info: Saving project information...
4/3/2017 8:38:47 AM, Info: Initializing SIMPLSharp Services...
4/3/2017 8:38:47 AM, Info: ProjectInfo successfully initialized.
4/3/2017 8:38:48 AM, Info: Verifying archive C:\Users\dja\Documents\GIT-repo\Crestron-MC-Concourse-Displays\SimplSharpNetUtils.clz...
4/3/2017 8:38:49 AM, Info: Saving project information...
4/3/2017 8:38:49 AM, Info: Verifying archive C:\Users\dja\Documents\GIT-repo\Crestron-MC-Concourse-Displays\SimplSharpStringUtils.clz...
4/3/2017 8:38:50 AM, Info: Saving project information...
4/3/2017 8:50:05 AM, Info: Initializing SIMPLSharp Services...
4/3/2017 8:50:05 AM, Info: ProjectInfo successfully initialized.
4/3/2017 8:50:06 AM, Info: Verifying archive C:\Users\dja\Documents\GIT-repo\Crestron-MC-Concourse-Displays\SimplSharpNetUtils.clz...
4/3/2017 8:50:07 AM, Info: Saving project information...
4/3/2017 8:50:07 AM, Info: Verifying archive C:\Users\dja\Documents\GIT-repo\Crestron-MC-Concourse-Displays\SimplSharpStringUtils.clz...
4/3/2017 8:50:08 AM, Info: Saving project information...
4/3/2017 8:51:46 AM, Info: Initializing SIMPLSharp Services...
4/3/2017 8:51:46 AM, Info: ProjectInfo successfully initialized.
4/3/2017 8:51:46 AM, Info: Verifying archive C:\Users\dja\Documents\GIT-repo\Crestron-MC-Concourse-Displays\SimplSharpNetUtils.clz...
4/3/2017 8:51:48 AM, Info: Saving project information...
4/3/2017 8:51:48 AM, Info: Verifying archive C:\Users\dja\Documents\GIT-repo\Crestron-MC-Concourse-Displays\SimplSharpStringUtils.clz...
4/3/2017 8:51:49 AM, Info: Saving project information...
4/3/2017 9:01:14 AM, Info: Initializing SIMPLSharp Services...
4/3/2017 9:01:14 AM, Info: ProjectInfo successfully initialized.
4/3/2017 9:01:15 AM, Info: Verifying archive C:\Users\dja\Documents\GIT-repo\Crestron-MC-Concourse-Displays\SimplSharpNetUtils.clz...
4/3/2017 9:01:17 AM, Info: Saving project information...
4/3/2017 9:01:17 AM, Info: Verifying archive C:\Users\dja\Documents\GIT-repo\Crestron-MC-Concourse-Displays\SimplSharpStringUtils.clz...
4/3/2017 9:01:17 AM, Info: Saving project information...
4/3/2017 9:22:01 AM, Info: Initializing SIMPLSharp Services...
4/3/2017 9:22:01 AM, Info: ProjectInfo successfully initialized.
4/3/2017 9:22:02 AM, Info: Verifying archive C:\Users\dja\Documents\GIT-repo\Crestron-MC-Concourse-Displays\SimplSharpNetUtils.clz...
4/3/2017 9:22:03 AM, Info: Saving project information...
4/3/2017 9:22:03 AM, Info: Verifying archive C:\Users\dja\Documents\GIT-repo\Crestron-MC-Concourse-Displays\SimplSharpStringUtils.clz...
4/3/2017 9:22:04 AM, Info: Saving project information...
4/3/2017 9:29:08 AM, Info: Initializing SIMPLSharp Services...
4/3/2017 9:29:08 AM, Info: ProjectInfo successfully initialized.
4/3/2017 9:29:09 AM, Info: Verifying archive C:\Users\dja\Documents\GIT-repo\Crestron-MC-Concourse-Displays\SimplSharpNetUtils.clz...
4/3/2017 9:29:11 AM, Info: Saving project information...
4/3/2017 9:29:11 AM, Info: Verifying archive C:\Users\dja\Documents\GIT-repo\Crestron-MC-Concourse-Displays\SimplSharpStringUtils.clz...
4/3/2017 9:29:12 AM, Info: Saving project information...
4/3/2017 9:46:21 AM, Info: Initializing SIMPLSharp Services...
4/3/2017 9:46:21 AM, Info: ProjectInfo successfully initialized.
4/3/2017 9:46:22 AM, Info: Verifying archive C:\Users\dja\Documents\GIT-repo\Crestron-MC-Concourse-Displays\SimplSharpNetUtils.clz...
4/3/2017 9:46:24 AM, Info: Saving project information...
4/3/2017 9:46:24 AM, Info: Verifying archive C:\Users\dja\Documents\GIT-repo\Crestron-MC-Concourse-Displays\SimplSharpStringUtils.clz...
4/3/2017 9:46:25 AM, Info: Saving project information...
4/3/2017 9:50:18 AM, Info: Initializing SIMPLSharp Services...
4/3/2017 9:50:18 AM, Info: ProjectInfo successfully initialized.
4/3/2017 9:50:19 AM, Info: Verifying archive C:\Users\dja\Documents\GIT-repo\Crestron-MC-Concourse-Displays\SimplSharpNetUtils.clz...
4/3/2017 9:50:20 AM, Info: Saving project information...
4/3/2017 9:50:20 AM, Info: Verifying archive C:\Users\dja\Documents\GIT-repo\Crestron-MC-Concourse-Displays\SimplSharpStringUtils.clz...
4/3/2017 9:50:21 AM, Info: Saving project information...
4/3/2017 9:59:31 AM, Info: Initializing SIMPLSharp Services...
4/3/2017 9:59:31 AM, Info: ProjectInfo successfully initialized.
4/3/2017 9:59:32 AM, Info: Verifying archive C:\Users\dja\Documents\GIT-repo\Crestron-MC-Concourse-Displays\SimplSharpNetUtils.clz...
4/3/2017 9:59:33 AM, Info: Saving project information...
4/3/2017 9:59:33 AM, Info: Verifying archive C:\Users\dja\Documents\GIT-repo\Crestron-MC-Concourse-Displays\SimplSharpStringUtils.clz...
4/3/2017 9:59:34 AM, Info: Saving project information...
4/3/2017 10:02:50 AM, Info: Initializing SIMPLSharp Services...
4/3/2017 10:02:50 AM, Info: ProjectInfo successfully initialized.
4/3/2017 10:02:51 AM, Info: Verifying archive C:\Users\dja\Documents\GIT-repo\Crestron-MC-Concourse-Displays\SimplSharpNetUtils.clz...
4/3/2017 10:02:52 AM, Info: Saving project information...
4/3/2017 10:02:52 AM, Info: Verifying archive C:\Users\dja\Documents\GIT-repo\Crestron-MC-Concourse-Displays\SimplSharpStringUtils.clz...
4/3/2017 10:02:53 AM, Info: Saving project information...
4/3/2017 10:03:26 AM, Info: Initializing SIMPLSharp Services...
4/3/2017 10:03:26 AM, Info: ProjectInfo successfully initialized.
4/3/2017 10:03:26 AM, Info: Verifying archive C:\Users\dja\Documents\GIT-repo\Crestron-MC-Concourse-Displays\SimplSharpNetUtils.clz...
4/3/2017 10:03:28 AM, Info: Saving project information...
4/3/2017 10:03:28 AM, Info: Verifying archive C:\Users\dja\Documents\GIT-repo\Crestron-MC-Concourse-Displays\SimplSharpStringUtils.clz...
4/3/2017 10:03:28 AM, Info: Saving project information...
4/3/2017 10:04:57 AM, Info: Initializing SIMPLSharp Services...
4/3/2017 10:04:57 AM, Info: ProjectInfo successfully initialized.
4/3/2017 10:04:58 AM, Info: Verifying archive C:\Users\dja\Documents\GIT-repo\Crestron-MC-Concourse-Displays\SimplSharpNetUtils.clz...
4/3/2017 10:04:59 AM, Info: Saving project information...
4/3/2017 10:04:59 AM, Info: Verifying archive C:\Users\dja\Documents\GIT-repo\Crestron-MC-Concourse-Displays\SimplSharpStringUtils.clz...
4/3/2017 10:05:00 AM, Info: Saving project information...
4/3/2017 10:05:07 AM, Info: Initializing SIMPLSharp Services...
4/3/2017 10:05:07 AM, Info: ProjectInfo successfully initialized.
4/3/2017 10:05:08 AM, Info: Verifying archive C:\Users\dja\Documents\GIT-repo\Crestron-MC-Concourse-Displays\SimplSharpNetUtils.clz...
4/3/2017 10:05:09 AM, Info: Saving project information...
4/3/2017 10:05:09 AM, Info: Verifying archive C:\Users\dja\Documents\GIT-repo\Crestron-MC-Concourse-Displays\SimplSharpStringUtils.clz...
4/3/2017 10:05:10 AM, Info: Saving project information...
4/3/2017 10:18:34 AM, Info: Initializing SIMPLSharp Services...
4/3/2017 10:18:34 AM, Info: ProjectInfo successfully initialized.
4/3/2017 10:18:35 AM, Info: Verifying archive C:\Users\dja\Documents\GIT-repo\Crestron-MC-Concourse-Displays\SimplSharpNetUtils.clz...
4/3/2017 10:18:36 AM, Info: Saving project information...
4/3/2017 10:18:36 AM, Info: Verifying archive C:\Users\dja\Documents\GIT-repo\Crestron-MC-Concourse-Displays\SimplSharpStringUtils.clz...
4/3/2017 10:18:37 AM, Info: Saving project information...
4/3/2017 10:27:15 AM, Info: Initializing SIMPLSharp Services...
4/3/2017 10:27:15 AM, Info: ProjectInfo successfully initialized.
4/3/2017 10:27:16 AM, Info: Verifying archive C:\Users\dja\Documents\GIT-repo\Crestron-MC-Concourse-Displays\SimplSharpNetUtils.clz...
4/3/2017 10:27:18 AM, Info: Saving project information...
4/3/2017 10:27:18 AM, Info: Verifying archive C:\Users\dja\Documents\GIT-repo\Crestron-MC-Concourse-Displays\SimplSharpStringUtils.clz...
4/3/2017 10:27:19 AM, Info: Saving project information...
4/3/2017 10:29:07 AM, Info: Initializing SIMPLSharp Services...
4/3/2017 10:29:07 AM, Info: ProjectInfo successfully initialized.
4/3/2017 10:29:08 AM, Info: Verifying archive C:\Users\dja\Documents\GIT-repo\Crestron-MC-Concourse-Displays\SimplSharpNetUtils.clz...
4/3/2017 10:29:09 AM, Info: Saving project information...
4/3/2017 10:29:09 AM, Info: Verifying archive C:\Users\dja\Documents\GIT-repo\Crestron-MC-Concourse-Displays\SimplSharpStringUtils.clz...
4/3/2017 10:29:10 AM, Info: Saving project information...
4/3/2017 10:31:34 AM, Info: Initializing SIMPLSharp Services...
4/3/2017 10:31:34 AM, Info: ProjectInfo successfully initialized.
4/3/2017 10:31:35 AM, Info: Verifying archive C:\Users\dja\Documents\GIT-repo\Crestron-MC-Concourse-Displays\SimplSharpNetUtils.clz...
4/3/2017 10:31:36 AM, Info: Saving project information...
4/3/2017 10:31:36 AM, Info: Verifying archive C:\Users\dja\Documents\GIT-repo\Crestron-MC-Concourse-Displays\SimplSharpStringUtils.clz...
4/3/2017 10:31:37 AM, Info: Saving project information...
4/3/2017 10:38:47 AM, Info: Initializing SIMPLSharp Services...
4/3/2017 10:38:47 AM, Info: ProjectInfo successfully initialized.
4/3/2017 10:38:48 AM, Info: Verifying archive C:\Users\dja\Documents\GIT-repo\Crestron-MC-Concourse-Displays\SimplSharpNetUtils.clz...
4/3/2017 10:38:49 AM, Info: Saving project information...
4/3/2017 10:38:49 AM, Info: Verifying archive C:\Users\dja\Documents\GIT-repo\Crestron-MC-Concourse-Displays\SimplSharpStringUtils.clz...
4/3/2017 10:38:50 AM, Info: Saving project information...
4/3/2017 12:41:51 PM, Info: Initializing SIMPLSharp Services...
4/3/2017 12:41:51 PM, Info: ProjectInfo successfully initialized.
4/3/2017 12:41:52 PM, Info: Verifying archive C:\Users\dja\Documents\GIT-repo\Crestron-MC-Concourse-Displays\SimplSharpNetUtils.clz...
4/3/2017 12:41:54 PM, Info: Saving project information...
4/3/2017 12:41:54 PM, Info: Verifying archive C:\Users\dja\Documents\GIT-repo\Crestron-MC-Concourse-Displays\SimplSharpStringUtils.clz...
4/3/2017 12:41:54 PM, Info: Saving project information...
4/3/2017 12:42:32 PM, Info: Initializing SIMPLSharp Services...
4/3/2017 12:42:32 PM, Info: ProjectInfo successfully initialized.
4/3/2017 12:42:33 PM, Info: Verifying archive C:\Users\dja\Documents\GIT-repo\Crestron-MC-Concourse-Displays\SimplSharpNetUtils.clz...
4/3/2017 12:42:34 PM, Info: Saving project information...
4/3/2017 12:42:34 PM, Info: Verifying archive C:\Users\dja\Documents\GIT-repo\Crestron-MC-Concourse-Displays\SimplSharpStringUtils.clz...
4/3/2017 12:42:35 PM, Info: Saving project information...
4/3/2017 12:42:50 PM, Info: Initializing SIMPLSharp Services...
4/3/2017 12:42:50 PM, Info: ProjectInfo successfully initialized.
4/3/2017 12:42:51 PM, Info: Verifying archive C:\Users\dja\Documents\GIT-repo\Crestron-MC-Concourse-Displays\SimplSharpNetUtils.clz...
4/3/2017 12:42:52 PM, Info: Saving project information...
4/3/2017 12:42:52 PM, Info: Verifying archive C:\Users\dja\Documents\GIT-repo\Crestron-MC-Concourse-Displays\SimplSharpStringUtils.clz...
4/3/2017 12:42:53 PM, Info: Saving project information...
4/3/2017 1:56:23 PM, Info: Initializing SIMPLSharp Services...
4/3/2017 1:56:23 PM, Info: ProjectInfo successfully initialized.
4/3/2017 1:56:24 PM, Info: Verifying archive C:\Users\dja\Documents\GIT-repo\Crestron-MC-Concourse-Displays\SimplSharpNetUtils.clz...
4/3/2017 1:56:25 PM, Info: Saving project information...
4/3/2017 1:56:25 PM, Info: Verifying archive C:\Users\dja\Documents\GIT-repo\Crestron-MC-Concourse-Displays\SimplSharpStringUtils.clz...
4/3/2017 1:56:26 PM, Info: Saving project information...
4/3/2017 2:23:20 PM, Info: Initializing SIMPLSharp Services...
4/3/2017 2:23:20 PM, Info: ProjectInfo successfully initialized.
4/3/2017 2:23:21 PM, Info: Verifying archive C:\Users\dja\Documents\GIT-repo\Crestron-MC-Concourse-Displays\SimplSharpNetUtils.clz...
4/3/2017 2:23:23 PM, Info: Saving project information...
4/3/2017 2:23:23 PM, Info: Verifying archive C:\Users\dja\Documents\GIT-repo\Crestron-MC-Concourse-Displays\SimplSharpStringUtils.clz...
4/3/2017 2:23:24 PM, Info: Saving project information...
4/3/2017 3:19:45 PM, Info: Initializing SIMPLSharp Services...
4/3/2017 3:19:45 PM, Info: ProjectInfo successfully initialized.
4/3/2017 3:19:46 PM, Info: Verifying archive C:\Users\dja\Documents\GIT-repo\Crestron-MC-Concourse-Displays\SimplSharpNetUtils.clz...
4/3/2017 3:19:48 PM, Info: Saving project information...
4/3/2017 3:19:48 PM, Info: Verifying archive C:\Users\dja\Documents\GIT-repo\Crestron-MC-Concourse-Displays\SimplSharpStringUtils.clz...
4/3/2017 3:19:49 PM, Info: Saving project information...
4/3/2017 3:22:07 PM, Info: Initializing SIMPLSharp Services...
4/3/2017 3:22:07 PM, Info: ProjectInfo successfully initialized.
4/3/2017 3:22:08 PM, Info: Verifying archive C:\Users\dja\Documents\GIT-repo\Crestron-MC-Concourse-Displays\SimplSharpNetUtils.clz...
4/3/2017 3:22:10 PM, Info: Saving project information...
4/3/2017 3:22:10 PM, Info: Verifying archive C:\Users\dja\Documents\GIT-repo\Crestron-MC-Concourse-Displays\SimplSharpStringUtils.clz...
4/3/2017 3:22:10 PM, Info: Saving project information...
4/3/2017 5:26:21 PM, Info: Initializing SIMPLSharp Services...
4/3/2017 5:26:21 PM, Info: ProjectInfo successfully initialized.
4/3/2017 5:26:23 PM, Info: Verifying archive C:\Users\dja\Documents\GIT-repo\Crestron-MC-Concourse-Displays\SimplSharpNetUtils.clz...
4/3/2017 5:26:24 PM, Info: Saving project information...
4/3/2017 5:26:24 PM, Info: Verifying archive C:\Users\dja\Documents\GIT-repo\Crestron-MC-Concourse-Displays\SimplSharpStringUtils.clz...
4/3/2017 5:26:25 PM, Info: Saving project information...
4/3/2017 5:43:26 PM, Info: Initializing SIMPLSharp Services...
4/3/2017 5:43:26 PM, Info: ProjectInfo successfully initialized.
4/3/2017 5:43:27 PM, Info: Verifying archive C:\Users\dja\Documents\GIT-repo\Crestron-MC-Concourse-Displays\SimplSharpNetUtils.clz...
4/3/2017 5:43:29 PM, Info: Saving project information...
4/3/2017 5:43:29 PM, Info: Verifying archive C:\Users\dja\Documents\GIT-repo\Crestron-MC-Concourse-Displays\SimplSharpStringUtils.clz...
4/3/2017 5:43:29 PM, Info: Saving project information...
4/3/2017 5:55:26 PM, Info: Initializing SIMPLSharp Services...
4/3/2017 5:55:26 PM, Info: ProjectInfo successfully initialized.
4/3/2017 5:55:27 PM, Info: Verifying archive C:\Users\dja\Documents\GIT-repo\Crestron-MC-Concourse-Displays\SimplSharpNetUtils.clz...
4/3/2017 5:55:28 PM, Info: Saving project information...
4/3/2017 5:55:28 PM, Info: Verifying archive C:\Users\dja\Documents\GIT-repo\Crestron-MC-Concourse-Displays\SimplSharpStringUtils.clz...
4/3/2017 5:55:29 PM, Info: Saving project information...
4/3/2017 6:00:21 PM, Info: Initializing SIMPLSharp Services...
4/3/2017 6:00:21 PM, Info: ProjectInfo successfully initialized.
4/3/2017 6:00:22 PM, Info: Verifying archive C:\Users\dja\Documents\GIT-repo\Crestron-MC-Concourse-Displays\SimplSharpNetUtils.clz...
4/3/2017 6:00:23 PM, Info: Saving project information...
4/3/2017 6:00:23 PM, Info: Verifying archive C:\Users\dja\Documents\GIT-repo\Crestron-MC-Concourse-Displays\SimplSharpStringUtils.clz...
4/3/2017 6:00:24 PM, Info: Saving project information...
4/3/2017 6:39:21 PM, Info: Terminating SIMPLSharp Services
4/3/2017 6:39:21 PM, Info: Saving project information...
4/3/2017 6:39:21 PM, Info: Terminating SIMPLSharp Services
4/3/2017 6:39:21 PM, Info: Saving project information...
4/3/2017 6:39:21 PM, Info: Terminating SIMPLSharp Services
4/3/2017 6:39:21 PM, Info: Saving project information...
4/3/2017 6:39:21 PM, Info: Terminating SIMPLSharp Services
4/3/2017 6:39:21 PM, Info: Saving project information...
4/3/2017 6:39:21 PM, Info: Terminating SIMPLSharp Services
4/3/2017 6:39:21 PM, Info: Saving project information...
4/3/2017 6:39:21 PM, Info: Terminating SIMPLSharp Services
4/3/2017 6:39:21 PM, Info: Saving project information...
4/3/2017 6:39:21 PM, Info: Terminating SIMPLSharp Services
4/3/2017 6:39:21 PM, Info: Saving project information...
4/3/2017 6:39:21 PM, Info: Terminating SIMPLSharp Services
4/3/2017 6:39:21 PM, Info: Saving project information...
4/3/2017 6:39:21 PM, Info: Terminating SIMPLSharp Services
4/3/2017 6:39:21 PM, Info: Saving project information...
4/3/2017 6:39:21 PM, Info: Terminating SIMPLSharp Services
4/3/2017 6:39:21 PM, Info: Saving project information...
4/3/2017 6:39:21 PM, Info: Terminating SIMPLSharp Services
4/3/2017 6:39:21 PM, Info: Saving project information...
4/3/2017 6:39:21 PM, Info: Terminating SIMPLSharp Services
4/3/2017 6:39:21 PM, Info: Saving project information...
4/3/2017 6:39:21 PM, Info: Terminating SIMPLSharp Services
4/3/2017 6:39:21 PM, Info: Saving project information...
4/3/2017 6:39:21 PM, Info: Terminating SIMPLSharp Services
4/3/2017 6:39:21 PM, Info: Saving project information...
4/3/2017 6:39:21 PM, Info: Terminating SIMPLSharp Services
4/3/2017 6:39:21 PM, Info: Saving project information...
4/3/2017 6:39:21 PM, Info: Terminating SIMPLSharp Services
4/3/2017 6:39:21 PM, Info: Saving project information...
4/3/2017 6:39:21 PM, Info: Terminating SIMPLSharp Services
4/3/2017 6:39:21 PM, Info: Saving project information...
4/3/2017 6:39:21 PM, Info: Terminating SIMPLSharp Services
4/3/2017 6:39:21 PM, Info: Saving project information...
4/3/2017 6:39:21 PM, Info: Terminating SIMPLSharp Services
4/3/2017 6:39:21 PM, Info: Saving project information...
4/3/2017 6:39:21 PM, Info: Terminating SIMPLSharp Services
4/3/2017 6:39:21 PM, Info: Saving project information...
4/3/2017 6:39:21 PM, Info: Terminating SIMPLSharp Services
4/3/2017 6:39:21 PM, Info: Saving project information...
4/3/2017 6:39:21 PM, Info: Terminating SIMPLSharp Services
4/3/2017 6:39:21 PM, Info: Saving project information...
4/3/2017 6:39:21 PM, Info: Terminating SIMPLSharp Services
4/3/2017 6:39:21 PM, Info: Saving project information...
4/3/2017 6:39:21 PM, Info: Terminating SIMPLSharp Services
4/3/2017 6:39:21 PM, Info: Saving project information...
4/3/2017 6:39:21 PM, Info: Terminating SIMPLSharp Services
4/3/2017 6:39:21 PM, Info: Saving project information...
4/3/2017 6:39:21 PM, Info: Terminating SIMPLSharp Services
4/3/2017 6:39:21 PM, Info: Saving project information...
4/3/2017 6:39:21 PM, Info: Terminating SIMPLSharp Services
4/3/2017 6:39:21 PM, Info: Saving project information...
4/3/2017 6:39:21 PM, Info: Terminating SIMPLSharp Services
4/3/2017 6:39:21 PM, Info: Saving project information...
4/3/2017 6:39:21 PM, Info: Terminating SIMPLSharp Services
4/3/2017 6:39:21 PM, Info: Saving project information...
4/3/2017 6:39:21 PM, Info: Terminating SIMPLSharp Services
