11/30/2016 1:38:43 PM, Info: Initializing SIMPLSharp Services...
11/30/2016 1:38:43 PM, Info: ProjectInfo successfully initialized.
11/30/2016 1:38:46 PM, Info: Commiting verification transaction...
11/30/2016 1:38:46 PM, Info: Saving project information...
11/30/2016 1:58:38 PM, Info: Initializing SIMPLSharp Services...
11/30/2016 1:58:38 PM, Info: ProjectInfo successfully initialized.
11/30/2016 1:58:41 PM, Info: Commiting verification transaction...
11/30/2016 1:58:41 PM, Info: Saving project information...
11/30/2016 2:34:25 PM, Info: Initializing SIMPLSharp Services...
11/30/2016 2:34:25 PM, Info: ProjectInfo successfully initialized.
11/30/2016 2:34:28 PM, Info: Commiting verification transaction...
11/30/2016 2:34:28 PM, Info: Saving project information...
11/30/2016 3:33:00 PM, Info: Initializing SIMPLSharp Services...
11/30/2016 3:33:00 PM, Info: ProjectInfo successfully initialized.
11/30/2016 3:33:03 PM, Info: Commiting verification transaction...
11/30/2016 3:33:03 PM, Info: Saving project information...
11/30/2016 4:03:13 PM, Info: Initializing SIMPLSharp Services...
11/30/2016 4:03:13 PM, Info: ProjectInfo successfully initialized.
11/30/2016 4:03:16 PM, Info: Commiting verification transaction...
11/30/2016 4:03:16 PM, Info: Saving project information...
11/30/2016 4:57:52 PM, Info: Terminating SIMPLSharp Services
11/30/2016 4:57:52 PM, Info: Saving project information...
11/30/2016 4:57:52 PM, Info: Terminating SIMPLSharp Services
11/30/2016 4:57:52 PM, Info: Saving project information...
11/30/2016 4:57:52 PM, Info: Terminating SIMPLSharp Services
11/30/2016 4:57:52 PM, Info: Saving project information...
11/30/2016 4:57:52 PM, Info: Terminating SIMPLSharp Services
11/30/2016 4:57:52 PM, Info: Saving project information...
11/30/2016 4:57:52 PM, Info: Terminating SIMPLSharp Services
