3/24/2017 8:37:21 AM, Info: Initializing SIMPLSharp Services...
3/24/2017 8:37:21 AM, Info: ProjectInfo successfully initialized.
3/24/2017 8:37:23 AM, Info: Verifying archive C:\Users\dja\Documents\GIT-repo\Crestron-MC-Concourse-Displays\SimplSharpNetUtils.clz...
3/24/2017 8:37:24 AM, Info: Saving project information...
3/24/2017 8:37:25 AM, Info: Verifying archive C:\Users\dja\Documents\GIT-repo\Crestron-MC-Concourse-Displays\SimplSharpStringUtils.clz...
3/24/2017 8:37:25 AM, Info: Saving project information...
3/24/2017 8:50:30 AM, Info: Initializing SIMPLSharp Services...
3/24/2017 8:50:30 AM, Info: ProjectInfo successfully initialized.
3/24/2017 8:50:31 AM, Info: Verifying archive C:\Users\dja\Documents\GIT-repo\Crestron-MC-Concourse-Displays\SimplSharpNetUtils.clz...
3/24/2017 8:50:32 AM, Info: Saving project information...
3/24/2017 8:50:32 AM, Info: Verifying archive C:\Users\dja\Documents\GIT-repo\Crestron-MC-Concourse-Displays\SimplSharpStringUtils.clz...
3/24/2017 8:50:33 AM, Info: Saving project information...
3/24/2017 1:17:38 PM, Info: Initializing SIMPLSharp Services...
3/24/2017 1:17:38 PM, Info: ProjectInfo successfully initialized.
3/24/2017 1:17:39 PM, Info: Verifying archive C:\Users\dja\Documents\GIT-repo\Crestron-MC-Concourse-Displays\SimplSharpNetUtils.clz...
3/24/2017 1:17:40 PM, Info: Saving project information...
3/24/2017 1:17:41 PM, Info: Verifying archive C:\Users\dja\Documents\GIT-repo\Crestron-MC-Concourse-Displays\SimplSharpStringUtils.clz...
3/24/2017 1:17:41 PM, Info: Saving project information...
3/24/2017 1:36:10 PM, Info: Initializing SIMPLSharp Services...
3/24/2017 1:36:10 PM, Info: ProjectInfo successfully initialized.
3/24/2017 1:36:11 PM, Info: Verifying archive C:\Users\dja\Documents\GIT-repo\Crestron-MC-Concourse-Displays\SimplSharpNetUtils.clz...
3/24/2017 1:36:13 PM, Info: Saving project information...
3/24/2017 1:36:13 PM, Info: Verifying archive C:\Users\dja\Documents\GIT-repo\Crestron-MC-Concourse-Displays\SimplSharpStringUtils.clz...
3/24/2017 1:36:13 PM, Info: Saving project information...
3/24/2017 1:41:21 PM, Info: Initializing SIMPLSharp Services...
3/24/2017 1:41:21 PM, Info: ProjectInfo successfully initialized.
3/24/2017 1:41:22 PM, Info: Verifying archive C:\Users\dja\Documents\GIT-repo\Crestron-MC-Concourse-Displays\SimplSharpNetUtils.clz...
3/24/2017 1:41:24 PM, Info: Saving project information...
3/24/2017 1:41:24 PM, Info: Verifying archive C:\Users\dja\Documents\GIT-repo\Crestron-MC-Concourse-Displays\SimplSharpStringUtils.clz...
3/24/2017 1:41:24 PM, Info: Saving project information...
3/24/2017 2:11:26 PM, Info: Initializing SIMPLSharp Services...
3/24/2017 2:11:26 PM, Info: ProjectInfo successfully initialized.
3/24/2017 2:11:27 PM, Info: Verifying archive C:\Users\dja\Documents\GIT-repo\Crestron-MC-Concourse-Displays\SimplSharpNetUtils.clz...
3/24/2017 2:11:28 PM, Info: Saving project information...
3/24/2017 2:11:28 PM, Info: Verifying archive C:\Users\dja\Documents\GIT-repo\Crestron-MC-Concourse-Displays\SimplSharpStringUtils.clz...
3/24/2017 2:11:29 PM, Info: Saving project information...
3/24/2017 2:27:07 PM, Info: Initializing SIMPLSharp Services...
3/24/2017 2:27:07 PM, Info: ProjectInfo successfully initialized.
3/24/2017 2:27:08 PM, Info: Verifying archive C:\Users\dja\Documents\GIT-repo\Crestron-MC-Concourse-Displays\SimplSharpNetUtils.clz...
3/24/2017 2:27:09 PM, Info: Saving project information...
3/24/2017 2:27:09 PM, Info: Verifying archive C:\Users\dja\Documents\GIT-repo\Crestron-MC-Concourse-Displays\SimplSharpStringUtils.clz...
3/24/2017 2:27:10 PM, Info: Saving project information...
3/24/2017 2:38:28 PM, Info: Initializing SIMPLSharp Services...
3/24/2017 2:38:28 PM, Info: ProjectInfo successfully initialized.
3/24/2017 2:38:29 PM, Info: Verifying archive C:\Users\dja\Documents\GIT-repo\Crestron-MC-Concourse-Displays\SimplSharpNetUtils.clz...
3/24/2017 2:38:30 PM, Info: Saving project information...
3/24/2017 2:38:30 PM, Info: Verifying archive C:\Users\dja\Documents\GIT-repo\Crestron-MC-Concourse-Displays\SimplSharpStringUtils.clz...
3/24/2017 2:38:31 PM, Info: Saving project information...
3/24/2017 3:17:15 PM, Info: Initializing SIMPLSharp Services...
3/24/2017 3:17:15 PM, Info: ProjectInfo successfully initialized.
3/24/2017 3:17:17 PM, Info: Verifying archive C:\Users\dja\Documents\GIT-repo\Crestron-MC-Concourse-Displays\SimplSharpNetUtils.clz...
3/24/2017 3:17:18 PM, Info: Saving project information...
3/24/2017 3:17:18 PM, Info: Verifying archive C:\Users\dja\Documents\GIT-repo\Crestron-MC-Concourse-Displays\SimplSharpStringUtils.clz...
3/24/2017 3:17:19 PM, Info: Saving project information...
3/24/2017 3:30:35 PM, Info: Initializing SIMPLSharp Services...
3/24/2017 3:30:35 PM, Info: ProjectInfo successfully initialized.
3/24/2017 3:30:36 PM, Info: Verifying archive C:\Users\dja\Documents\GIT-repo\Crestron-MC-Concourse-Displays\SimplSharpNetUtils.clz...
3/24/2017 3:30:37 PM, Info: Saving project information...
3/24/2017 3:30:37 PM, Info: Verifying archive C:\Users\dja\Documents\GIT-repo\Crestron-MC-Concourse-Displays\SimplSharpStringUtils.clz...
3/24/2017 3:30:38 PM, Info: Saving project information...
3/24/2017 3:42:38 PM, Info: Initializing SIMPLSharp Services...
3/24/2017 3:42:38 PM, Info: ProjectInfo successfully initialized.
3/24/2017 3:42:39 PM, Info: Verifying archive C:\Users\dja\Documents\GIT-repo\Crestron-MC-Concourse-Displays\SimplSharpNetUtils.clz...
3/24/2017 3:42:40 PM, Info: Saving project information...
3/24/2017 3:42:40 PM, Info: Verifying archive C:\Users\dja\Documents\GIT-repo\Crestron-MC-Concourse-Displays\SimplSharpStringUtils.clz...
3/24/2017 3:42:41 PM, Info: Saving project information...
3/24/2017 4:19:40 PM, Info: Terminating SIMPLSharp Services
3/24/2017 4:19:40 PM, Info: Saving project information...
3/24/2017 4:19:40 PM, Info: Terminating SIMPLSharp Services
3/24/2017 4:19:40 PM, Info: Saving project information...
3/24/2017 4:19:40 PM, Info: Terminating SIMPLSharp Services
3/24/2017 4:19:40 PM, Info: Saving project information...
3/24/2017 4:19:40 PM, Info: Terminating SIMPLSharp Services
3/24/2017 4:19:40 PM, Info: Saving project information...
3/24/2017 4:19:40 PM, Info: Terminating SIMPLSharp Services
3/24/2017 4:19:40 PM, Info: Saving project information...
3/24/2017 4:19:40 PM, Info: Terminating SIMPLSharp Services
3/24/2017 4:19:40 PM, Info: Saving project information...
3/24/2017 4:19:40 PM, Info: Terminating SIMPLSharp Services
3/24/2017 4:19:40 PM, Info: Saving project information...
3/24/2017 4:19:40 PM, Info: Terminating SIMPLSharp Services
3/24/2017 4:19:40 PM, Info: Saving project information...
3/24/2017 4:19:40 PM, Info: Terminating SIMPLSharp Services
3/24/2017 4:19:40 PM, Info: Saving project information...
3/24/2017 4:19:40 PM, Info: Terminating SIMPLSharp Services
3/24/2017 4:19:40 PM, Info: Saving project information...
3/24/2017 4:19:40 PM, Info: Terminating SIMPLSharp Services
