11/21/2016 11:52:29 AM, Info: Initializing SIMPLSharp Services...
11/21/2016 11:52:29 AM, Info: ProjectInfo successfully initialized.
11/21/2016 11:52:31 AM, Info: Commiting verification transaction...
11/21/2016 11:52:31 AM, Info: Saving project information...
11/21/2016 4:14:33 PM, Info: Initializing SIMPLSharp Services...
11/21/2016 4:14:34 PM, Info: ProjectInfo successfully initialized.
11/21/2016 4:14:35 PM, Info: Commiting verification transaction...
11/21/2016 4:14:35 PM, Info: Saving project information...
11/21/2016 4:14:47 PM, Info: Initializing SIMPLSharp Services...
11/21/2016 4:14:47 PM, Info: ProjectInfo successfully initialized.
11/21/2016 4:14:49 PM, Info: Commiting verification transaction...
11/21/2016 4:14:49 PM, Info: Saving project information...
11/21/2016 4:26:29 PM, Info: Initializing SIMPLSharp Services...
11/21/2016 4:26:29 PM, Info: ProjectInfo successfully initialized.
11/21/2016 4:26:31 PM, Info: Commiting verification transaction...
11/21/2016 4:26:31 PM, Info: Saving project information...
11/22/2016 9:28:18 AM, Info: Initializing SIMPLSharp Services...
11/22/2016 9:28:18 AM, Info: ProjectInfo successfully initialized.
11/22/2016 9:28:20 AM, Info: Commiting verification transaction...
11/22/2016 9:28:20 AM, Info: Saving project information...
11/22/2016 9:49:51 AM, Info: Initializing SIMPLSharp Services...
11/22/2016 9:49:52 AM, Info: ProjectInfo successfully initialized.
11/22/2016 9:49:54 AM, Info: Commiting verification transaction...
11/22/2016 9:49:54 AM, Info: Saving project information...
11/22/2016 10:10:31 AM, Info: Initializing SIMPLSharp Services...
11/22/2016 10:10:31 AM, Info: ProjectInfo successfully initialized.
11/22/2016 10:10:34 AM, Info: Commiting verification transaction...
11/22/2016 10:10:34 AM, Info: Saving project information...
11/23/2016 3:37:43 PM, Info: Initializing SIMPLSharp Services...
11/23/2016 3:37:43 PM, Info: ProjectInfo successfully initialized.
11/23/2016 3:37:46 PM, Info: Commiting verification transaction...
11/23/2016 3:37:46 PM, Info: Saving project information...
11/23/2016 3:42:28 PM, Info: Terminating SIMPLSharp Services
11/23/2016 3:42:28 PM, Info: Saving project information...
11/23/2016 3:42:28 PM, Info: Terminating SIMPLSharp Services
11/23/2016 3:42:28 PM, Info: Saving project information...
11/23/2016 3:42:28 PM, Info: Terminating SIMPLSharp Services
11/23/2016 3:42:28 PM, Info: Saving project information...
11/23/2016 3:42:28 PM, Info: Terminating SIMPLSharp Services
11/23/2016 3:42:28 PM, Info: Saving project information...
11/23/2016 3:42:28 PM, Info: Terminating SIMPLSharp Services
11/23/2016 3:42:28 PM, Info: Saving project information...
11/23/2016 3:42:28 PM, Info: Terminating SIMPLSharp Services
11/23/2016 3:42:28 PM, Info: Saving project information...
11/23/2016 3:42:28 PM, Info: Terminating SIMPLSharp Services
11/23/2016 3:42:28 PM, Info: Saving project information...
11/23/2016 3:42:28 PM, Info: Terminating SIMPLSharp Services
