3/3/2017 10:14:46 AM, Info: Initializing SIMPLSharp Services...
3/3/2017 10:14:46 AM, Info: ProjectInfo successfully initialized.
3/3/2017 10:14:47 AM, Info: Verifying archive C:\Users\dja\Documents\_ALLRED\ACT_PROJ\Crestron-MC-Concourse-Displays\SimplSharpNetUtils.clz...
3/3/2017 10:14:49 AM, Info: Saving project information...
3/3/2017 12:05:46 PM, Info: Initializing SIMPLSharp Services...
3/3/2017 12:05:46 PM, Info: ProjectInfo successfully initialized.
3/3/2017 12:05:47 PM, Info: Verifying archive C:\Users\dja\Documents\_ALLRED\ACT_PROJ\Crestron-MC-Concourse-Displays\SimplSharpNetUtils.clz...
3/3/2017 12:05:48 PM, Info: Saving project information...
3/3/2017 12:15:24 PM, Info: Initializing SIMPLSharp Services...
3/3/2017 12:15:24 PM, Info: ProjectInfo successfully initialized.
3/3/2017 12:15:25 PM, Info: Verifying archive C:\Users\dja\Documents\_ALLRED\ACT_PROJ\Crestron-MC-Concourse-Displays\SimplSharpNetUtils.clz...
3/3/2017 12:15:26 PM, Info: Saving project information...
3/3/2017 2:12:20 PM, Info: Initializing SIMPLSharp Services...
3/3/2017 2:12:20 PM, Info: ProjectInfo successfully initialized.
3/3/2017 2:12:21 PM, Info: Verifying archive C:\Users\dja\Documents\_ALLRED\ACT_PROJ\Crestron-MC-Concourse-Displays\SimplSharpNetUtils.clz...
3/3/2017 2:12:22 PM, Info: Saving project information...
3/3/2017 2:25:30 PM, Info: Initializing SIMPLSharp Services...
3/3/2017 2:25:30 PM, Info: ProjectInfo successfully initialized.
3/3/2017 2:25:30 PM, Info: Verifying archive C:\Users\dja\Documents\_ALLRED\ACT_PROJ\Crestron-MC-Concourse-Displays\SimplSharpNetUtils.clz...
3/3/2017 2:25:32 PM, Info: Saving project information...
3/3/2017 2:26:17 PM, Info: Initializing SIMPLSharp Services...
3/3/2017 2:26:17 PM, Info: ProjectInfo successfully initialized.
3/3/2017 2:26:17 PM, Info: Verifying archive C:\Users\dja\Documents\_ALLRED\ACT_PROJ\Crestron-MC-Concourse-Displays\SimplSharpNetUtils.clz...
3/3/2017 2:26:19 PM, Info: Saving project information...
3/3/2017 2:30:26 PM, Info: Initializing SIMPLSharp Services...
3/3/2017 2:30:26 PM, Info: ProjectInfo successfully initialized.
3/3/2017 2:30:26 PM, Info: Verifying archive C:\Users\dja\Documents\_ALLRED\ACT_PROJ\Crestron-MC-Concourse-Displays\SimplSharpNetUtils.clz...
3/3/2017 2:30:28 PM, Info: Saving project information...
3/3/2017 2:31:13 PM, Info: Initializing SIMPLSharp Services...
3/3/2017 2:31:13 PM, Info: ProjectInfo successfully initialized.
3/3/2017 2:31:14 PM, Info: Verifying archive C:\Users\dja\Documents\_ALLRED\ACT_PROJ\Crestron-MC-Concourse-Displays\SimplSharpNetUtils.clz...
3/3/2017 2:31:15 PM, Info: Saving project information...
3/3/2017 3:29:42 PM, Info: Initializing SIMPLSharp Services...
3/3/2017 3:29:42 PM, Info: ProjectInfo successfully initialized.
3/3/2017 3:29:43 PM, Info: Verifying archive C:\Users\dja\Documents\_ALLRED\ACT_PROJ\Crestron-MC-Concourse-Displays\SimplSharpNetUtils.clz...
3/3/2017 3:29:44 PM, Info: Saving project information...
3/3/2017 3:34:44 PM, Info: Initializing SIMPLSharp Services...
3/3/2017 3:34:44 PM, Info: ProjectInfo successfully initialized.
3/3/2017 3:34:45 PM, Info: Verifying archive C:\Users\dja\Documents\_ALLRED\ACT_PROJ\Crestron-MC-Concourse-Displays\SimplSharpNetUtils.clz...
3/3/2017 3:34:46 PM, Info: Saving project information...
3/3/2017 3:36:32 PM, Info: Initializing SIMPLSharp Services...
3/3/2017 3:36:32 PM, Info: ProjectInfo successfully initialized.
3/3/2017 3:36:33 PM, Info: Verifying archive C:\Users\dja\Documents\_ALLRED\ACT_PROJ\Crestron-MC-Concourse-Displays\SimplSharpNetUtils.clz...
3/3/2017 3:36:34 PM, Info: Saving project information...
3/3/2017 4:31:14 PM, Info: Initializing SIMPLSharp Services...
3/3/2017 4:31:14 PM, Info: ProjectInfo successfully initialized.
3/3/2017 4:31:15 PM, Info: Verifying archive C:\Users\dja\Documents\_ALLRED\ACT_PROJ\Crestron-MC-Concourse-Displays\SimplSharpNetUtils.clz...
3/3/2017 4:31:16 PM, Info: Saving project information...
3/3/2017 4:31:36 PM, Info: Initializing SIMPLSharp Services...
3/3/2017 4:31:36 PM, Info: ProjectInfo successfully initialized.
3/3/2017 4:31:36 PM, Info: Verifying archive C:\Users\dja\Documents\_ALLRED\ACT_PROJ\Crestron-MC-Concourse-Displays\SimplSharpNetUtils.clz...
3/3/2017 4:31:37 PM, Info: Saving project information...
3/3/2017 4:33:08 PM, Info: Initializing SIMPLSharp Services...
3/3/2017 4:33:08 PM, Info: ProjectInfo successfully initialized.
3/3/2017 4:33:08 PM, Info: Verifying archive C:\Users\dja\Documents\_ALLRED\ACT_PROJ\Crestron-MC-Concourse-Displays\SimplSharpNetUtils.clz...
3/3/2017 4:33:10 PM, Info: Saving project information...
3/3/2017 4:34:43 PM, Info: Initializing SIMPLSharp Services...
3/3/2017 4:34:43 PM, Info: ProjectInfo successfully initialized.
3/3/2017 4:34:43 PM, Info: Verifying archive C:\Users\dja\Documents\_ALLRED\ACT_PROJ\Crestron-MC-Concourse-Displays\SimplSharpNetUtils.clz...
3/3/2017 4:34:45 PM, Info: Saving project information...
3/3/2017 5:16:43 PM, Info: Terminating SIMPLSharp Services
3/3/2017 5:16:43 PM, Info: Saving project information...
3/3/2017 5:16:43 PM, Info: Terminating SIMPLSharp Services
3/3/2017 5:16:43 PM, Info: Saving project information...
3/3/2017 5:16:43 PM, Info: Terminating SIMPLSharp Services
3/3/2017 5:16:43 PM, Info: Saving project information...
3/3/2017 5:16:43 PM, Info: Terminating SIMPLSharp Services
3/3/2017 5:16:43 PM, Info: Saving project information...
3/3/2017 5:16:43 PM, Info: Terminating SIMPLSharp Services
3/3/2017 5:16:43 PM, Info: Saving project information...
3/3/2017 5:16:43 PM, Info: Terminating SIMPLSharp Services
3/3/2017 5:16:43 PM, Info: Saving project information...
3/3/2017 5:16:43 PM, Info: Terminating SIMPLSharp Services
3/3/2017 5:16:43 PM, Info: Saving project information...
3/3/2017 5:16:43 PM, Info: Terminating SIMPLSharp Services
3/3/2017 5:16:43 PM, Info: Saving project information...
3/3/2017 5:16:43 PM, Info: Terminating SIMPLSharp Services
3/3/2017 5:16:43 PM, Info: Saving project information...
3/3/2017 5:16:43 PM, Info: Terminating SIMPLSharp Services
3/3/2017 5:16:43 PM, Info: Saving project information...
3/3/2017 5:16:43 PM, Info: Terminating SIMPLSharp Services
3/3/2017 5:16:43 PM, Info: Saving project information...
3/3/2017 5:16:43 PM, Info: Terminating SIMPLSharp Services
3/3/2017 5:16:43 PM, Info: Saving project information...
3/3/2017 5:16:43 PM, Info: Terminating SIMPLSharp Services
3/3/2017 5:16:43 PM, Info: Saving project information...
3/3/2017 5:16:43 PM, Info: Terminating SIMPLSharp Services
3/3/2017 5:16:43 PM, Info: Saving project information...
3/3/2017 5:16:43 PM, Info: Terminating SIMPLSharp Services
