3/27/2017 3:06:10 PM, Info: Initializing SIMPLSharp Services...
3/27/2017 3:06:10 PM, Info: ProjectInfo successfully initialized.
3/27/2017 3:06:10 PM, Info: Verifying archive C:\Users\dja\Documents\GIT-repo\Crestron-MC-Concourse-Displays\SimplSharpNetUtils.clz...
3/27/2017 3:06:12 PM, Info: Saving project information...
3/27/2017 3:06:12 PM, Info: Verifying archive C:\Users\dja\Documents\GIT-repo\Crestron-MC-Concourse-Displays\SimplSharpStringUtils.clz...
3/27/2017 3:06:13 PM, Info: Saving project information...
3/27/2017 3:06:15 PM, Info: Commiting verification transaction...
3/27/2017 3:06:15 PM, Info: Saving project information...
3/27/2017 4:12:18 PM, Info: Initializing SIMPLSharp Services...
3/27/2017 4:12:18 PM, Info: ProjectInfo successfully initialized.
3/27/2017 4:12:18 PM, Info: Verifying archive C:\Users\dja\Documents\GIT-repo\Crestron-MC-Concourse-Displays\SimplSharpNetUtils.clz...
3/27/2017 4:12:20 PM, Info: Saving project information...
3/27/2017 4:12:20 PM, Info: Verifying archive C:\Users\dja\Documents\GIT-repo\Crestron-MC-Concourse-Displays\SimplSharpStringUtils.clz...
3/27/2017 4:12:21 PM, Info: Saving project information...
3/27/2017 4:12:23 PM, Info: Commiting verification transaction...
3/27/2017 4:12:23 PM, Info: Saving project information...
3/27/2017 4:40:09 PM, Info: Initializing SIMPLSharp Services...
3/27/2017 4:40:09 PM, Info: ProjectInfo successfully initialized.
3/27/2017 4:40:09 PM, Info: Verifying archive C:\Users\dja\Documents\GIT-repo\Crestron-MC-Concourse-Displays\SimplSharpNetUtils.clz...
3/27/2017 4:40:11 PM, Info: Saving project information...
3/27/2017 4:40:11 PM, Info: Verifying archive C:\Users\dja\Documents\GIT-repo\Crestron-MC-Concourse-Displays\SimplSharpStringUtils.clz...
3/27/2017 4:40:12 PM, Info: Saving project information...
3/27/2017 4:40:13 PM, Info: Commiting verification transaction...
3/27/2017 4:40:13 PM, Info: Saving project information...
3/27/2017 4:42:25 PM, Info: Terminating SIMPLSharp Services
3/27/2017 4:42:25 PM, Info: Saving project information...
3/27/2017 4:42:25 PM, Info: Terminating SIMPLSharp Services
3/27/2017 4:42:25 PM, Info: Saving project information...
3/27/2017 4:42:25 PM, Info: Terminating SIMPLSharp Services
