3/9/2017 3:53:41 PM, Info: Initializing SIMPLSharp Services...
3/9/2017 3:53:41 PM, Info: ProjectInfo successfully initialized.
3/9/2017 4:02:16 PM, Info: Initializing SIMPLSharp Services...
3/9/2017 4:02:16 PM, Info: ProjectInfo successfully initialized.
3/9/2017 4:02:17 PM, Info: Verifying archive C:\Users\dja\Documents\GIT-repo\Crestron-MC-Concourse-Displays\SimplSharpNetUtils.clz...
3/9/2017 4:02:18 PM, Info: Saving project information...
3/9/2017 4:06:36 PM, Info: Initializing SIMPLSharp Services...
3/9/2017 4:06:36 PM, Info: ProjectInfo successfully initialized.
3/9/2017 4:06:37 PM, Info: Verifying archive C:\Users\dja\Documents\GIT-repo\Crestron-MC-Concourse-Displays\SimplSharpNetUtils.clz...
3/9/2017 4:06:38 PM, Info: Saving project information...
3/9/2017 4:07:01 PM, Info: Initializing SIMPLSharp Services...
3/9/2017 4:07:02 PM, Info: ProjectInfo successfully initialized.
3/9/2017 4:07:02 PM, Info: Verifying archive C:\Users\dja\Documents\GIT-repo\Crestron-MC-Concourse-Displays\SimplSharpNetUtils.clz...
3/9/2017 4:07:03 PM, Info: Saving project information...
3/9/2017 4:11:15 PM, Info: Initializing SIMPLSharp Services...
3/9/2017 4:11:15 PM, Info: ProjectInfo successfully initialized.
3/9/2017 4:11:16 PM, Info: Verifying archive C:\Users\dja\Documents\GIT-repo\Crestron-MC-Concourse-Displays\SimplSharpNetUtils.clz...
3/9/2017 4:11:18 PM, Info: Saving project information...
3/9/2017 4:18:40 PM, Info: Initializing SIMPLSharp Services...
3/9/2017 4:18:40 PM, Info: ProjectInfo successfully initialized.
3/9/2017 4:18:41 PM, Info: Verifying archive C:\Users\dja\Documents\GIT-repo\Crestron-MC-Concourse-Displays\SimplSharpNetUtils.clz...
3/9/2017 4:18:42 PM, Info: Saving project information...
3/9/2017 4:49:57 PM, Info: Terminating SIMPLSharp Services
3/9/2017 4:49:57 PM, Info: Saving project information...
3/9/2017 4:49:57 PM, Info: Terminating SIMPLSharp Services
3/9/2017 4:49:57 PM, Info: Saving project information...
3/9/2017 4:49:57 PM, Info: Terminating SIMPLSharp Services
3/9/2017 4:49:57 PM, Info: Saving project information...
3/9/2017 4:49:57 PM, Info: Terminating SIMPLSharp Services
3/9/2017 4:49:57 PM, Info: Saving project information...
3/9/2017 4:49:57 PM, Info: Terminating SIMPLSharp Services
3/9/2017 4:49:57 PM, Info: Saving project information...
3/9/2017 4:49:57 PM, Info: Terminating SIMPLSharp Services
