4/5/2017 8:25:42 AM, Info: Initializing SIMPLSharp Services...
4/5/2017 8:25:43 AM, Info: ProjectInfo successfully initialized.
4/5/2017 8:25:45 AM, Info: Verifying archive C:\Users\dja\Documents\GIT-repo\Crestron-MC-Concourse-Displays\SimplSharpNetUtils.clz...
4/5/2017 8:25:47 AM, Info: Saving project information...
4/5/2017 8:25:47 AM, Info: Verifying archive C:\Users\dja\Documents\GIT-repo\Crestron-MC-Concourse-Displays\SimplSharpStringUtils.clz...
4/5/2017 8:25:48 AM, Info: Saving project information...
4/5/2017 8:43:06 AM, Info: Initializing SIMPLSharp Services...
4/5/2017 8:43:06 AM, Info: ProjectInfo successfully initialized.
4/5/2017 8:43:07 AM, Info: Verifying archive C:\Users\dja\Documents\GIT-repo\Crestron-MC-Concourse-Displays\SimplSharpNetUtils.clz...
4/5/2017 8:43:09 AM, Info: Saving project information...
4/5/2017 8:43:09 AM, Info: Verifying archive C:\Users\dja\Documents\GIT-repo\Crestron-MC-Concourse-Displays\SimplSharpStringUtils.clz...
4/5/2017 8:43:09 AM, Info: Saving project information...
4/5/2017 11:24:30 AM, Info: Initializing SIMPLSharp Services...
4/5/2017 11:24:30 AM, Info: ProjectInfo successfully initialized.
4/5/2017 11:24:31 AM, Info: Verifying archive C:\Users\dja\Documents\GIT-repo\Crestron-MC-Concourse-Displays\SimplSharpNetUtils.clz...
4/5/2017 11:24:33 AM, Info: Saving project information...
4/5/2017 11:24:33 AM, Info: Verifying archive C:\Users\dja\Documents\GIT-repo\Crestron-MC-Concourse-Displays\SimplSharpStringUtils.clz...
4/5/2017 11:24:34 AM, Info: Saving project information...
4/5/2017 12:02:47 PM, Info: Terminating SIMPLSharp Services
4/5/2017 12:02:47 PM, Info: Saving project information...
4/5/2017 12:02:47 PM, Info: Terminating SIMPLSharp Services
4/5/2017 12:02:47 PM, Info: Saving project information...
4/5/2017 12:02:47 PM, Info: Terminating SIMPLSharp Services
