11/14/2016 12:19:47 PM, Info: Initializing SIMPLSharp Services...
11/14/2016 12:19:48 PM, Info: ProjectInfo successfully initialized.
11/14/2016 12:19:50 PM, Info: Commiting verification transaction...
11/14/2016 12:19:50 PM, Info: Saving project information...
11/14/2016 2:46:17 PM, Info: Initializing SIMPLSharp Services...
11/14/2016 2:46:17 PM, Info: ProjectInfo successfully initialized.
11/14/2016 2:46:20 PM, Info: Commiting verification transaction...
11/14/2016 2:46:20 PM, Info: Saving project information...
11/14/2016 3:29:05 PM, Info: Initializing SIMPLSharp Services...
11/14/2016 3:29:05 PM, Info: ProjectInfo successfully initialized.
11/14/2016 3:29:07 PM, Info: Commiting verification transaction...
11/14/2016 3:29:07 PM, Info: Saving project information...
11/14/2016 4:19:18 PM, Info: Initializing SIMPLSharp Services...
11/14/2016 4:19:18 PM, Info: ProjectInfo successfully initialized.
11/14/2016 4:19:19 PM, Info: Commiting verification transaction...
11/14/2016 4:19:19 PM, Info: Saving project information...
11/14/2016 4:39:29 PM, Info: Terminating SIMPLSharp Services
11/14/2016 4:39:29 PM, Info: Saving project information...
11/14/2016 4:39:29 PM, Info: Terminating SIMPLSharp Services
11/14/2016 4:39:29 PM, Info: Saving project information...
11/14/2016 4:39:29 PM, Info: Terminating SIMPLSharp Services
11/14/2016 4:39:29 PM, Info: Saving project information...
11/14/2016 4:39:29 PM, Info: Terminating SIMPLSharp Services
