3/10/2017 3:25:09 PM, Info: Initializing SIMPLSharp Services...
3/10/2017 3:25:10 PM, Info: ProjectInfo successfully initialized.
3/10/2017 3:25:11 PM, Info: Verifying archive C:\Users\dja\Documents\GIT-repo\Crestron-MC-Concourse-Displays\SimplSharpNetUtils.clz...
3/10/2017 3:25:13 PM, Info: Saving project information...
3/10/2017 3:25:15 PM, Info: Commiting verification transaction...
3/10/2017 3:25:15 PM, Info: Saving project information...
3/10/2017 5:20:53 PM, Info: Initializing SIMPLSharp Services...
3/10/2017 5:20:53 PM, Info: ProjectInfo successfully initialized.
3/10/2017 5:20:54 PM, Info: Verifying archive C:\Users\dja\Documents\GIT-repo\Crestron-MC-Concourse-Displays\SimplSharpNetUtils.clz...
3/10/2017 5:20:56 PM, Info: Saving project information...
3/10/2017 5:20:57 PM, Info: Commiting verification transaction...
3/10/2017 5:20:57 PM, Info: Saving project information...
3/10/2017 5:31:04 PM, Info: Initializing SIMPLSharp Services...
3/10/2017 5:31:04 PM, Info: ProjectInfo successfully initialized.
3/10/2017 5:31:05 PM, Info: Verifying archive C:\Users\dja\Documents\GIT-repo\Crestron-MC-Concourse-Displays\SimplSharpNetUtils.clz...
3/10/2017 5:31:07 PM, Info: Saving project information...
3/10/2017 5:31:09 PM, Info: Commiting verification transaction...
3/10/2017 5:31:09 PM, Info: Saving project information...
3/10/2017 5:42:09 PM, Info: Terminating SIMPLSharp Services
3/10/2017 5:42:09 PM, Info: Saving project information...
3/10/2017 5:42:09 PM, Info: Terminating SIMPLSharp Services
3/10/2017 5:42:09 PM, Info: Saving project information...
3/10/2017 5:42:09 PM, Info: Terminating SIMPLSharp Services
