3/22/2017 10:50:59 AM, Info: Initializing SIMPLSharp Services...
3/22/2017 10:51:00 AM, Info: ProjectInfo successfully initialized.
3/23/2017 12:06:45 PM, Info: Initializing SIMPLSharp Services...
3/23/2017 12:06:45 PM, Info: ProjectInfo successfully initialized.
3/23/2017 12:06:46 PM, Info: Verifying archive C:\Users\dja\Documents\GIT-repo\Crestron-MC-Concourse-Displays\SimplSharpNetUtils.clz...
3/23/2017 12:06:48 PM, Info: Saving project information...
3/23/2017 12:06:48 PM, Info: Verifying archive C:\Users\dja\Documents\GIT-repo\Crestron-MC-Concourse-Displays\SimplSharpStringUtils.clz...
3/23/2017 12:06:49 PM, Info: Saving project information...
3/23/2017 2:01:03 PM, Info: Initializing SIMPLSharp Services...
3/23/2017 2:01:03 PM, Info: ProjectInfo successfully initialized.
3/23/2017 2:01:04 PM, Info: Verifying archive C:\Users\dja\Documents\GIT-repo\Crestron-MC-Concourse-Displays\SimplSharpNetUtils.clz...
3/23/2017 2:01:05 PM, Info: Saving project information...
3/23/2017 2:01:05 PM, Info: Verifying archive C:\Users\dja\Documents\GIT-repo\Crestron-MC-Concourse-Displays\SimplSharpStringUtils.clz...
3/23/2017 2:01:06 PM, Info: Saving project information...
3/23/2017 2:02:05 PM, Info: Initializing SIMPLSharp Services...
3/23/2017 2:02:05 PM, Info: ProjectInfo successfully initialized.
3/23/2017 2:02:06 PM, Info: Verifying archive C:\Users\dja\Documents\GIT-repo\Crestron-MC-Concourse-Displays\SimplSharpNetUtils.clz...
3/23/2017 2:02:07 PM, Info: Saving project information...
3/23/2017 2:02:07 PM, Info: Verifying archive C:\Users\dja\Documents\GIT-repo\Crestron-MC-Concourse-Displays\SimplSharpStringUtils.clz...
3/23/2017 2:02:08 PM, Info: Saving project information...
3/23/2017 2:23:17 PM, Info: Initializing SIMPLSharp Services...
3/23/2017 2:23:17 PM, Info: ProjectInfo successfully initialized.
3/23/2017 2:23:24 PM, Info: Initializing SIMPLSharp Services...
3/23/2017 2:23:24 PM, Info: ProjectInfo successfully initialized.
3/23/2017 2:24:22 PM, Info: Initializing SIMPLSharp Services...
3/23/2017 2:24:22 PM, Info: ProjectInfo successfully initialized.
3/23/2017 2:40:45 PM, Info: Initializing SIMPLSharp Services...
3/23/2017 2:40:45 PM, Info: ProjectInfo successfully initialized.
3/23/2017 2:40:45 PM, Info: Verifying archive C:\Users\dja\Documents\GIT-repo\Crestron-MC-Concourse-Displays\SimplSharpNetUtils.clz...
3/23/2017 2:40:47 PM, Info: Saving project information...
3/23/2017 2:40:47 PM, Info: Verifying archive C:\Users\dja\Documents\GIT-repo\Crestron-MC-Concourse-Displays\SimplSharpStringUtils.clz...
3/23/2017 2:40:48 PM, Info: Saving project information...
3/23/2017 2:41:20 PM, Info: Initializing SIMPLSharp Services...
3/23/2017 2:41:20 PM, Info: ProjectInfo successfully initialized.
3/23/2017 2:41:20 PM, Info: Verifying archive C:\Users\dja\Documents\GIT-repo\Crestron-MC-Concourse-Displays\SimplSharpNetUtils.clz...
3/23/2017 2:41:22 PM, Info: Saving project information...
3/23/2017 2:41:22 PM, Info: Verifying archive C:\Users\dja\Documents\GIT-repo\Crestron-MC-Concourse-Displays\SimplSharpStringUtils.clz...
3/23/2017 2:41:23 PM, Info: Saving project information...
3/23/2017 2:42:07 PM, Info: Initializing SIMPLSharp Services...
3/23/2017 2:42:07 PM, Info: ProjectInfo successfully initialized.
3/23/2017 2:42:07 PM, Info: Verifying archive C:\Users\dja\Documents\GIT-repo\Crestron-MC-Concourse-Displays\SimplSharpNetUtils.clz...
3/23/2017 2:42:09 PM, Info: Saving project information...
3/23/2017 2:42:09 PM, Info: Verifying archive C:\Users\dja\Documents\GIT-repo\Crestron-MC-Concourse-Displays\SimplSharpStringUtils.clz...
3/23/2017 2:42:10 PM, Info: Saving project information...
3/23/2017 2:46:37 PM, Info: Initializing SIMPLSharp Services...
3/23/2017 2:46:37 PM, Info: ProjectInfo successfully initialized.
3/23/2017 2:46:37 PM, Info: Verifying archive C:\Users\dja\Documents\GIT-repo\Crestron-MC-Concourse-Displays\SimplSharpNetUtils.clz...
3/23/2017 2:46:39 PM, Info: Saving project information...
3/23/2017 2:46:39 PM, Info: Verifying archive C:\Users\dja\Documents\GIT-repo\Crestron-MC-Concourse-Displays\SimplSharpStringUtils.clz...
3/23/2017 2:46:40 PM, Info: Saving project information...
3/23/2017 2:48:08 PM, Info: Initializing SIMPLSharp Services...
3/23/2017 2:48:08 PM, Info: ProjectInfo successfully initialized.
3/23/2017 2:48:09 PM, Info: Verifying archive C:\Users\dja\Documents\GIT-repo\Crestron-MC-Concourse-Displays\SimplSharpNetUtils.clz...
3/23/2017 2:48:11 PM, Info: Saving project information...
3/23/2017 2:48:11 PM, Info: Verifying archive C:\Users\dja\Documents\GIT-repo\Crestron-MC-Concourse-Displays\SimplSharpStringUtils.clz...
3/23/2017 2:48:11 PM, Info: Saving project information...
3/23/2017 3:06:15 PM, Info: Initializing SIMPLSharp Services...
3/23/2017 3:06:15 PM, Info: ProjectInfo successfully initialized.
3/23/2017 3:06:16 PM, Info: Verifying archive C:\Users\dja\Documents\GIT-repo\Crestron-MC-Concourse-Displays\SimplSharpNetUtils.clz...
3/23/2017 3:06:18 PM, Info: Saving project information...
3/23/2017 3:06:18 PM, Info: Verifying archive C:\Users\dja\Documents\GIT-repo\Crestron-MC-Concourse-Displays\SimplSharpStringUtils.clz...
3/23/2017 3:06:19 PM, Info: Saving project information...
3/23/2017 3:07:14 PM, Info: Initializing SIMPLSharp Services...
3/23/2017 3:07:14 PM, Info: ProjectInfo successfully initialized.
3/23/2017 3:07:15 PM, Info: Verifying archive C:\Users\dja\Documents\GIT-repo\Crestron-MC-Concourse-Displays\SimplSharpNetUtils.clz...
3/23/2017 3:07:16 PM, Info: Saving project information...
3/23/2017 3:07:16 PM, Info: Verifying archive C:\Users\dja\Documents\GIT-repo\Crestron-MC-Concourse-Displays\SimplSharpStringUtils.clz...
3/23/2017 3:07:17 PM, Info: Saving project information...
3/23/2017 3:08:28 PM, Info: Initializing SIMPLSharp Services...
3/23/2017 3:08:28 PM, Info: ProjectInfo successfully initialized.
3/23/2017 3:08:29 PM, Info: Verifying archive C:\Users\dja\Documents\GIT-repo\Crestron-MC-Concourse-Displays\SimplSharpNetUtils.clz...
3/23/2017 3:08:30 PM, Info: Saving project information...
3/23/2017 3:08:30 PM, Info: Verifying archive C:\Users\dja\Documents\GIT-repo\Crestron-MC-Concourse-Displays\SimplSharpStringUtils.clz...
3/23/2017 3:08:31 PM, Info: Saving project information...
3/23/2017 3:10:41 PM, Info: Initializing SIMPLSharp Services...
3/23/2017 3:10:41 PM, Info: ProjectInfo successfully initialized.
3/23/2017 3:10:42 PM, Info: Verifying archive C:\Users\dja\Documents\GIT-repo\Crestron-MC-Concourse-Displays\SimplSharpNetUtils.clz...
3/23/2017 3:10:44 PM, Info: Saving project information...
3/23/2017 3:10:44 PM, Info: Verifying archive C:\Users\dja\Documents\GIT-repo\Crestron-MC-Concourse-Displays\SimplSharpStringUtils.clz...
3/23/2017 3:10:45 PM, Info: Saving project information...
3/23/2017 3:16:12 PM, Info: Initializing SIMPLSharp Services...
3/23/2017 3:16:12 PM, Info: ProjectInfo successfully initialized.
3/23/2017 3:16:13 PM, Info: Verifying archive C:\Users\dja\Documents\GIT-repo\Crestron-MC-Concourse-Displays\SimplSharpNetUtils.clz...
3/23/2017 3:16:15 PM, Info: Saving project information...
3/23/2017 3:16:15 PM, Info: Verifying archive C:\Users\dja\Documents\GIT-repo\Crestron-MC-Concourse-Displays\SimplSharpStringUtils.clz...
3/23/2017 3:16:15 PM, Info: Saving project information...
3/23/2017 3:40:28 PM, Info: Initializing SIMPLSharp Services...
3/23/2017 3:40:28 PM, Info: ProjectInfo successfully initialized.
3/23/2017 3:40:29 PM, Info: Verifying archive C:\Users\dja\Documents\GIT-repo\Crestron-MC-Concourse-Displays\SimplSharpNetUtils.clz...
3/23/2017 3:40:31 PM, Info: Saving project information...
3/23/2017 3:40:31 PM, Info: Verifying archive C:\Users\dja\Documents\GIT-repo\Crestron-MC-Concourse-Displays\SimplSharpStringUtils.clz...
3/23/2017 3:40:31 PM, Info: Saving project information...
3/23/2017 4:44:37 PM, Info: Terminating SIMPLSharp Services
3/23/2017 4:44:37 PM, Info: Saving project information...
3/23/2017 4:44:37 PM, Info: Terminating SIMPLSharp Services
3/23/2017 4:44:37 PM, Info: Saving project information...
3/23/2017 4:44:37 PM, Info: Terminating SIMPLSharp Services
3/23/2017 4:44:37 PM, Info: Saving project information...
3/23/2017 4:44:37 PM, Info: Terminating SIMPLSharp Services
3/23/2017 4:44:37 PM, Info: Saving project information...
3/23/2017 4:44:37 PM, Info: Terminating SIMPLSharp Services
3/23/2017 4:44:37 PM, Info: Saving project information...
3/23/2017 4:44:37 PM, Info: Terminating SIMPLSharp Services
3/23/2017 4:44:37 PM, Info: Saving project information...
3/23/2017 4:44:37 PM, Info: Terminating SIMPLSharp Services
3/23/2017 4:44:37 PM, Info: Saving project information...
3/23/2017 4:44:37 PM, Info: Terminating SIMPLSharp Services
3/23/2017 4:44:37 PM, Info: Saving project information...
3/23/2017 4:44:37 PM, Info: Terminating SIMPLSharp Services
3/23/2017 4:44:37 PM, Info: Saving project information...
3/23/2017 4:44:37 PM, Info: Terminating SIMPLSharp Services
3/23/2017 4:44:37 PM, Info: Saving project information...
3/23/2017 4:44:37 PM, Info: Terminating SIMPLSharp Services
3/23/2017 4:44:37 PM, Info: Saving project information...
3/23/2017 4:44:37 PM, Info: Terminating SIMPLSharp Services
3/23/2017 4:44:37 PM, Info: Saving project information...
3/23/2017 4:44:37 PM, Info: Terminating SIMPLSharp Services
3/23/2017 4:44:37 PM, Info: Saving project information...
3/23/2017 4:44:37 PM, Info: Terminating SIMPLSharp Services
3/23/2017 4:44:37 PM, Info: Saving project information...
3/23/2017 4:44:37 PM, Info: Terminating SIMPLSharp Services
3/23/2017 4:44:37 PM, Info: Saving project information...
3/23/2017 4:44:37 PM, Info: Terminating SIMPLSharp Services
3/23/2017 4:44:37 PM, Info: Saving project information...
3/23/2017 4:44:37 PM, Info: Terminating SIMPLSharp Services
3/23/2017 4:44:37 PM, Info: Saving project information...
3/23/2017 4:44:37 PM, Info: Terminating SIMPLSharp Services
