3/13/2017 9:32:35 AM, Info: Initializing SIMPLSharp Services...
3/13/2017 9:32:36 AM, Info: ProjectInfo successfully initialized.
3/13/2017 9:37:03 AM, Info: Initializing SIMPLSharp Services...
3/13/2017 9:37:03 AM, Info: ProjectInfo successfully initialized.
3/13/2017 9:37:04 AM, Info: Verifying archive C:\Users\dja\Documents\GIT-repo\Crestron-MC-Concourse-Displays\SimplSharpNetUtils.clz...
3/13/2017 9:37:07 AM, Info: Saving project information...
3/13/2017 9:45:55 AM, Info: Initializing SIMPLSharp Services...
3/13/2017 9:45:55 AM, Info: ProjectInfo successfully initialized.
3/13/2017 9:45:56 AM, Info: Verifying archive C:\Users\dja\Documents\GIT-repo\Crestron-MC-Concourse-Displays\SimplSharpNetUtils.clz...
3/13/2017 9:45:58 AM, Info: Saving project information...
3/13/2017 9:47:04 AM, Info: Initializing SIMPLSharp Services...
3/13/2017 9:47:04 AM, Info: ProjectInfo successfully initialized.
3/13/2017 9:47:04 AM, Info: Verifying archive C:\Users\dja\Documents\GIT-repo\Crestron-MC-Concourse-Displays\SimplSharpNetUtils.clz...
3/13/2017 9:47:06 AM, Info: Saving project information...
3/13/2017 11:42:05 AM, Info: Initializing SIMPLSharp Services...
3/13/2017 11:42:05 AM, Info: ProjectInfo successfully initialized.
3/13/2017 11:42:14 AM, Info: Initializing SIMPLSharp Services...
3/13/2017 11:42:14 AM, Info: ProjectInfo successfully initialized.
3/13/2017 11:42:14 AM, Info: Verifying archive C:\Users\dja\Documents\GIT-repo\Crestron-MC-Concourse-Displays\SimplSharpNetUtils.clz...
3/13/2017 11:42:16 AM, Info: Saving project information...
3/13/2017 2:11:05 PM, Info: Initializing SIMPLSharp Services...
3/13/2017 2:11:05 PM, Info: ProjectInfo successfully initialized.
3/13/2017 2:11:06 PM, Info: Verifying archive C:\Users\dja\Documents\GIT-repo\Crestron-MC-Concourse-Displays\SimplSharpNetUtils.clz...
3/13/2017 2:11:08 PM, Info: Saving project information...
3/13/2017 2:11:17 PM, Info: Terminating SIMPLSharp Services
3/13/2017 2:11:17 PM, Info: Saving project information...
3/13/2017 2:11:17 PM, Info: Terminating SIMPLSharp Services
3/13/2017 2:11:17 PM, Info: Saving project information...
3/13/2017 2:11:17 PM, Info: Terminating SIMPLSharp Services
3/13/2017 2:11:17 PM, Info: Saving project information...
3/13/2017 2:11:17 PM, Info: Terminating SIMPLSharp Services
3/13/2017 2:11:17 PM, Info: Saving project information...
3/13/2017 2:11:17 PM, Info: Terminating SIMPLSharp Services
3/13/2017 2:11:17 PM, Info: Saving project information...
3/13/2017 2:11:17 PM, Info: Terminating SIMPLSharp Services
3/13/2017 2:11:17 PM, Info: Saving project information...
3/13/2017 2:11:17 PM, Info: Terminating SIMPLSharp Services
