12/14/2016 11:02:02 AM, Info: Initializing SIMPLSharp Services...
12/14/2016 11:02:02 AM, Info: ProjectInfo successfully initialized.
12/14/2016 11:02:05 AM, Info: Commiting verification transaction...
12/14/2016 11:02:05 AM, Info: Saving project information...
12/14/2016 11:31:20 AM, Info: Initializing SIMPLSharp Services...
12/14/2016 11:31:20 AM, Info: ProjectInfo successfully initialized.
12/14/2016 11:31:22 AM, Info: Commiting verification transaction...
12/14/2016 11:31:22 AM, Info: Saving project information...
12/14/2016 1:41:02 PM, Info: Initializing SIMPLSharp Services...
12/14/2016 1:41:02 PM, Info: ProjectInfo successfully initialized.
12/14/2016 1:41:05 PM, Info: Commiting verification transaction...
12/14/2016 1:41:05 PM, Info: Saving project information...
12/14/2016 2:51:05 PM, Info: Initializing SIMPLSharp Services...
12/14/2016 2:51:05 PM, Info: ProjectInfo successfully initialized.
12/14/2016 2:51:07 PM, Info: Commiting verification transaction...
12/14/2016 2:51:07 PM, Info: Saving project information...
12/14/2016 3:00:13 PM, Info: Initializing SIMPLSharp Services...
12/14/2016 3:00:13 PM, Info: ProjectInfo successfully initialized.
12/14/2016 3:00:16 PM, Info: Commiting verification transaction...
12/14/2016 3:00:16 PM, Info: Saving project information...
12/14/2016 3:15:25 PM, Info: Initializing SIMPLSharp Services...
12/14/2016 3:15:25 PM, Info: ProjectInfo successfully initialized.
12/14/2016 3:15:27 PM, Info: Commiting verification transaction...
12/14/2016 3:15:27 PM, Info: Saving project information...
12/14/2016 3:37:02 PM, Info: Initializing SIMPLSharp Services...
12/14/2016 3:37:02 PM, Info: ProjectInfo successfully initialized.
12/14/2016 3:37:04 PM, Info: Commiting verification transaction...
12/14/2016 3:37:04 PM, Info: Saving project information...
12/14/2016 3:44:24 PM, Info: Initializing SIMPLSharp Services...
12/14/2016 3:44:24 PM, Info: ProjectInfo successfully initialized.
12/14/2016 3:44:26 PM, Info: Commiting verification transaction...
12/14/2016 3:44:26 PM, Info: Saving project information...
12/14/2016 3:46:23 PM, Info: Initializing SIMPLSharp Services...
12/14/2016 3:46:23 PM, Info: ProjectInfo successfully initialized.
12/14/2016 3:46:26 PM, Info: Commiting verification transaction...
12/14/2016 3:46:26 PM, Info: Saving project information...
12/14/2016 3:47:22 PM, Info: Initializing SIMPLSharp Services...
12/14/2016 3:47:22 PM, Info: ProjectInfo successfully initialized.
12/14/2016 3:47:25 PM, Info: Commiting verification transaction...
12/14/2016 3:47:25 PM, Info: Saving project information...
12/14/2016 4:00:28 PM, Info: Initializing SIMPLSharp Services...
12/14/2016 4:00:28 PM, Info: ProjectInfo successfully initialized.
12/14/2016 4:00:32 PM, Info: Commiting verification transaction...
12/14/2016 4:00:32 PM, Info: Saving project information...
12/14/2016 4:09:54 PM, Info: Initializing SIMPLSharp Services...
12/14/2016 4:09:54 PM, Info: ProjectInfo successfully initialized.
12/14/2016 4:09:58 PM, Info: Commiting verification transaction...
12/14/2016 4:09:58 PM, Info: Saving project information...
12/14/2016 4:11:17 PM, Info: Initializing SIMPLSharp Services...
12/14/2016 4:11:17 PM, Info: ProjectInfo successfully initialized.
12/14/2016 4:11:21 PM, Info: Commiting verification transaction...
12/14/2016 4:11:21 PM, Info: Saving project information...
12/14/2016 5:05:59 PM, Info: Terminating SIMPLSharp Services
12/14/2016 5:05:59 PM, Info: Saving project information...
12/14/2016 5:05:59 PM, Info: Terminating SIMPLSharp Services
12/14/2016 5:05:59 PM, Info: Saving project information...
12/14/2016 5:05:59 PM, Info: Terminating SIMPLSharp Services
12/14/2016 5:05:59 PM, Info: Saving project information...
12/14/2016 5:05:59 PM, Info: Terminating SIMPLSharp Services
12/14/2016 5:05:59 PM, Info: Saving project information...
12/14/2016 5:05:59 PM, Info: Terminating SIMPLSharp Services
12/14/2016 5:05:59 PM, Info: Saving project information...
12/14/2016 5:05:59 PM, Info: Terminating SIMPLSharp Services
12/14/2016 5:05:59 PM, Info: Saving project information...
12/14/2016 5:05:59 PM, Info: Terminating SIMPLSharp Services
12/14/2016 5:05:59 PM, Info: Saving project information...
12/14/2016 5:05:59 PM, Info: Terminating SIMPLSharp Services
12/14/2016 5:05:59 PM, Info: Saving project information...
12/14/2016 5:05:59 PM, Info: Terminating SIMPLSharp Services
12/14/2016 5:05:59 PM, Info: Saving project information...
12/14/2016 5:05:59 PM, Info: Terminating SIMPLSharp Services
12/14/2016 5:05:59 PM, Info: Saving project information...
12/14/2016 5:05:59 PM, Info: Terminating SIMPLSharp Services
12/14/2016 5:05:59 PM, Info: Saving project information...
12/14/2016 5:05:59 PM, Info: Terminating SIMPLSharp Services
12/14/2016 5:05:59 PM, Info: Saving project information...
12/14/2016 5:05:59 PM, Info: Terminating SIMPLSharp Services
