11/14/2016 11:55:17 AM, Info: Initializing SIMPLSharp Services...
11/14/2016 11:55:18 AM, Info: ProjectInfo successfully initialized.
11/14/2016 3:28:27 PM, Info: Initializing SIMPLSharp Services...
11/14/2016 3:28:27 PM, Info: ProjectInfo successfully initialized.
11/14/2016 4:12:57 PM, Info: Initializing SIMPLSharp Services...
11/14/2016 4:12:57 PM, Info: ProjectInfo successfully initialized.
11/14/2016 4:17:19 PM, Info: Initializing SIMPLSharp Services...
11/14/2016 4:17:19 PM, Info: ProjectInfo successfully initialized.
11/14/2016 4:18:42 PM, Info: Initializing SIMPLSharp Services...
11/14/2016 4:18:42 PM, Info: ProjectInfo successfully initialized.
11/14/2016 4:38:39 PM, Info: Initializing SIMPLSharp Services...
11/14/2016 4:38:39 PM, Info: ProjectInfo successfully initialized.
11/14/2016 4:39:10 PM, Info: Initializing SIMPLSharp Services...
11/14/2016 4:39:10 PM, Info: ProjectInfo successfully initialized.
11/14/2016 4:39:21 PM, Info: Terminating SIMPLSharp Services
11/14/2016 4:39:21 PM, Info: Saving project information...
11/14/2016 4:39:21 PM, Info: Terminating SIMPLSharp Services
11/14/2016 4:39:21 PM, Info: Saving project information...
11/14/2016 4:39:21 PM, Info: Terminating SIMPLSharp Services
11/14/2016 4:39:21 PM, Info: Saving project information...
11/14/2016 4:39:21 PM, Info: Terminating SIMPLSharp Services
11/14/2016 4:39:21 PM, Info: Saving project information...
11/14/2016 4:39:21 PM, Info: Terminating SIMPLSharp Services
11/14/2016 4:39:21 PM, Info: Saving project information...
11/14/2016 4:39:21 PM, Info: Terminating SIMPLSharp Services
11/14/2016 4:39:21 PM, Info: Saving project information...
11/14/2016 4:39:21 PM, Info: Terminating SIMPLSharp Services
