11/21/2016 3:19:41 PM, Info: Initializing SIMPLSharp Services...
11/21/2016 3:19:41 PM, Info: ProjectInfo successfully initialized.
11/21/2016 4:11:24 PM, Info: Initializing SIMPLSharp Services...
11/21/2016 4:11:24 PM, Info: ProjectInfo successfully initialized.
11/21/2016 4:12:26 PM, Info: Initializing SIMPLSharp Services...
11/21/2016 4:12:26 PM, Info: ProjectInfo successfully initialized.
11/21/2016 4:25:27 PM, Info: Initializing SIMPLSharp Services...
11/21/2016 4:25:27 PM, Info: ProjectInfo successfully initialized.
11/22/2016 9:26:55 AM, Info: Initializing SIMPLSharp Services...
11/22/2016 9:26:55 AM, Info: ProjectInfo successfully initialized.
11/22/2016 9:27:37 AM, Info: Initializing SIMPLSharp Services...
11/22/2016 9:27:37 AM, Info: ProjectInfo successfully initialized.
11/22/2016 9:48:18 AM, Info: Initializing SIMPLSharp Services...
11/22/2016 9:48:18 AM, Info: ProjectInfo successfully initialized.
11/22/2016 9:49:16 AM, Info: Initializing SIMPLSharp Services...
11/22/2016 9:49:16 AM, Info: ProjectInfo successfully initialized.
11/22/2016 10:09:54 AM, Info: Initializing SIMPLSharp Services...
11/22/2016 10:09:54 AM, Info: ProjectInfo successfully initialized.
11/23/2016 3:15:43 PM, Info: Initializing SIMPLSharp Services...
11/23/2016 3:15:43 PM, Info: ProjectInfo successfully initialized.
11/23/2016 3:18:11 PM, Info: Initializing SIMPLSharp Services...
11/23/2016 3:18:11 PM, Info: ProjectInfo successfully initialized.
11/23/2016 3:22:17 PM, Info: Initializing SIMPLSharp Services...
11/23/2016 3:22:17 PM, Info: ProjectInfo successfully initialized.
11/23/2016 3:42:30 PM, Info: Terminating SIMPLSharp Services
11/23/2016 3:42:30 PM, Info: Saving project information...
11/23/2016 3:42:30 PM, Info: Terminating SIMPLSharp Services
11/23/2016 3:42:30 PM, Info: Saving project information...
11/23/2016 3:42:30 PM, Info: Terminating SIMPLSharp Services
11/23/2016 3:42:30 PM, Info: Saving project information...
11/23/2016 3:42:30 PM, Info: Terminating SIMPLSharp Services
11/23/2016 3:42:30 PM, Info: Saving project information...
11/23/2016 3:42:30 PM, Info: Terminating SIMPLSharp Services
11/23/2016 3:42:30 PM, Info: Saving project information...
11/23/2016 3:42:30 PM, Info: Terminating SIMPLSharp Services
11/23/2016 3:42:30 PM, Info: Saving project information...
11/23/2016 3:42:30 PM, Info: Terminating SIMPLSharp Services
11/23/2016 3:42:30 PM, Info: Saving project information...
11/23/2016 3:42:30 PM, Info: Terminating SIMPLSharp Services
11/23/2016 3:42:30 PM, Info: Saving project information...
11/23/2016 3:42:30 PM, Info: Terminating SIMPLSharp Services
11/23/2016 3:42:30 PM, Info: Saving project information...
11/23/2016 3:42:30 PM, Info: Terminating SIMPLSharp Services
11/23/2016 3:42:30 PM, Info: Saving project information...
11/23/2016 3:42:30 PM, Info: Terminating SIMPLSharp Services
11/23/2016 3:42:30 PM, Info: Saving project information...
11/23/2016 3:42:30 PM, Info: Terminating SIMPLSharp Services
