3/13/2017 3:01:30 PM, Info: Initializing SIMPLSharp Services...
3/13/2017 3:01:30 PM, Info: ProjectInfo successfully initialized.
3/13/2017 3:01:31 PM, Info: Verifying archive C:\Users\dja\Documents\GIT-repo\Crestron-MC-Concourse-Displays\SimplSharpNetUtils.clz...
3/13/2017 3:01:33 PM, Info: Saving project information...
3/13/2017 3:06:18 PM, Info: Initializing SIMPLSharp Services...
3/13/2017 3:06:18 PM, Info: ProjectInfo successfully initialized.
3/13/2017 3:06:20 PM, Info: Verifying archive C:\Users\dja\Documents\GIT-repo\Crestron-MC-Concourse-Displays\SimplSharpNetUtils.clz...
3/13/2017 3:06:21 PM, Info: Saving project information...
3/13/2017 3:14:22 PM, Info: Initializing SIMPLSharp Services...
3/13/2017 3:14:22 PM, Info: ProjectInfo successfully initialized.
3/13/2017 3:14:23 PM, Info: Verifying archive C:\Users\dja\Documents\GIT-repo\Crestron-MC-Concourse-Displays\SimplSharpNetUtils.clz...
3/13/2017 3:14:26 PM, Info: Saving project information...
3/13/2017 3:18:48 PM, Info: Initializing SIMPLSharp Services...
3/13/2017 3:18:48 PM, Info: ProjectInfo successfully initialized.
3/13/2017 3:18:50 PM, Info: Verifying archive C:\Users\dja\Documents\GIT-repo\Crestron-MC-Concourse-Displays\SimplSharpNetUtils.clz...
3/13/2017 3:18:52 PM, Info: Saving project information...
3/13/2017 3:22:51 PM, Info: Initializing SIMPLSharp Services...
3/13/2017 3:22:51 PM, Info: ProjectInfo successfully initialized.
3/13/2017 3:22:52 PM, Info: Verifying archive C:\Users\dja\Documents\GIT-repo\Crestron-MC-Concourse-Displays\SimplSharpNetUtils.clz...
3/13/2017 3:22:54 PM, Info: Saving project information...
3/13/2017 3:46:24 PM, Info: Initializing SIMPLSharp Services...
3/13/2017 3:46:24 PM, Info: ProjectInfo successfully initialized.
3/13/2017 3:46:44 PM, Info: Initializing SIMPLSharp Services...
3/13/2017 3:46:44 PM, Info: ProjectInfo successfully initialized.
3/13/2017 3:53:20 PM, Info: Initializing SIMPLSharp Services...
3/13/2017 3:53:20 PM, Info: ProjectInfo successfully initialized.
3/13/2017 3:56:09 PM, Info: Initializing SIMPLSharp Services...
3/13/2017 3:56:09 PM, Info: ProjectInfo successfully initialized.
3/14/2017 12:32:05 PM, Info: Initializing SIMPLSharp Services...
3/14/2017 12:32:05 PM, Info: ProjectInfo successfully initialized.
3/14/2017 12:32:19 PM, Info: Initializing SIMPLSharp Services...
3/14/2017 12:32:19 PM, Info: ProjectInfo successfully initialized.
3/14/2017 4:26:14 PM, Info: Initializing SIMPLSharp Services...
3/14/2017 4:26:14 PM, Info: ProjectInfo successfully initialized.
3/14/2017 4:26:15 PM, Info: Verifying archive C:\Users\dja\Documents\GIT-repo\Crestron-MC-Concourse-Displays\SimplSharpNetUtils.clz...
3/14/2017 4:26:16 PM, Info: Saving project information...
3/14/2017 4:48:23 PM, Info: Initializing SIMPLSharp Services...
3/14/2017 4:48:23 PM, Info: ProjectInfo successfully initialized.
3/14/2017 4:48:24 PM, Info: Verifying archive C:\Users\dja\Documents\GIT-repo\Crestron-MC-Concourse-Displays\SimplSharpNetUtils.clz...
3/14/2017 4:48:25 PM, Info: Saving project information...
3/14/2017 5:01:36 PM, Info: Terminating SIMPLSharp Services
3/14/2017 5:01:36 PM, Info: Saving project information...
3/14/2017 5:01:36 PM, Info: Terminating SIMPLSharp Services
3/14/2017 5:01:36 PM, Info: Saving project information...
3/14/2017 5:01:36 PM, Info: Terminating SIMPLSharp Services
3/14/2017 5:01:36 PM, Info: Saving project information...
3/14/2017 5:01:36 PM, Info: Terminating SIMPLSharp Services
3/14/2017 5:01:36 PM, Info: Saving project information...
3/14/2017 5:01:36 PM, Info: Terminating SIMPLSharp Services
3/14/2017 5:01:36 PM, Info: Saving project information...
3/14/2017 5:01:36 PM, Info: Terminating SIMPLSharp Services
3/14/2017 5:01:36 PM, Info: Saving project information...
3/14/2017 5:01:36 PM, Info: Terminating SIMPLSharp Services
3/14/2017 5:01:36 PM, Info: Saving project information...
3/14/2017 5:01:36 PM, Info: Terminating SIMPLSharp Services
3/14/2017 5:01:36 PM, Info: Saving project information...
3/14/2017 5:01:36 PM, Info: Terminating SIMPLSharp Services
3/14/2017 5:01:36 PM, Info: Saving project information...
3/14/2017 5:01:36 PM, Info: Terminating SIMPLSharp Services
3/14/2017 5:01:36 PM, Info: Saving project information...
3/14/2017 5:01:36 PM, Info: Terminating SIMPLSharp Services
3/14/2017 5:01:36 PM, Info: Saving project information...
3/14/2017 5:01:36 PM, Info: Terminating SIMPLSharp Services
3/14/2017 5:01:36 PM, Info: Saving project information...
3/14/2017 5:01:36 PM, Info: Terminating SIMPLSharp Services
