3/1/2017 4:07:11 PM, Info: Initializing SIMPLSharp Services...
3/1/2017 4:07:12 PM, Info: ProjectInfo successfully initialized.
3/1/2017 4:07:13 PM, Info: Verifying archive C:\Users\dja\Documents\GIT-repo\Crestron-MC-Concourse-Displays\SimplSharpNetUtils.clz...
3/1/2017 4:07:14 PM, Info: Saving project information...
3/1/2017 5:01:55 PM, Info: Initializing SIMPLSharp Services...
3/1/2017 5:01:55 PM, Info: ProjectInfo successfully initialized.
3/1/2017 5:01:56 PM, Info: Verifying archive C:\Users\dja\Documents\GIT-repo\Crestron-MC-Concourse-Displays\SimplSharpNetUtils.clz...
3/1/2017 5:01:57 PM, Info: Saving project information...
3/1/2017 5:04:54 PM, Info: Initializing SIMPLSharp Services...
3/1/2017 5:04:54 PM, Info: ProjectInfo successfully initialized.
3/1/2017 5:04:55 PM, Info: Verifying archive C:\Users\dja\Documents\GIT-repo\Crestron-MC-Concourse-Displays\SimplSharpNetUtils.clz...
3/1/2017 5:04:56 PM, Info: Saving project information...
3/1/2017 5:06:30 PM, Info: Initializing SIMPLSharp Services...
3/1/2017 5:06:30 PM, Info: ProjectInfo successfully initialized.
3/1/2017 5:06:30 PM, Info: Verifying archive C:\Users\dja\Documents\GIT-repo\Crestron-MC-Concourse-Displays\SimplSharpNetUtils.clz...
3/1/2017 5:06:31 PM, Info: Saving project information...
3/1/2017 5:09:06 PM, Info: Initializing SIMPLSharp Services...
3/1/2017 5:09:06 PM, Info: ProjectInfo successfully initialized.
3/1/2017 5:09:07 PM, Info: Verifying archive C:\Users\dja\Documents\GIT-repo\Crestron-MC-Concourse-Displays\SimplSharpNetUtils.clz...
3/1/2017 5:09:08 PM, Info: Saving project information...
3/1/2017 5:10:01 PM, Info: Terminating SIMPLSharp Services
3/1/2017 5:10:01 PM, Info: Saving project information...
3/1/2017 5:10:01 PM, Info: Terminating SIMPLSharp Services
3/1/2017 5:10:01 PM, Info: Saving project information...
3/1/2017 5:10:01 PM, Info: Terminating SIMPLSharp Services
3/1/2017 5:10:01 PM, Info: Saving project information...
3/1/2017 5:10:01 PM, Info: Terminating SIMPLSharp Services
3/1/2017 5:10:01 PM, Info: Saving project information...
3/1/2017 5:10:01 PM, Info: Terminating SIMPLSharp Services
