4/3/2017 6:46:40 PM, Info: Initializing SIMPLSharp Services...
4/3/2017 6:46:41 PM, Info: ProjectInfo successfully initialized.
4/3/2017 6:46:42 PM, Info: Verifying archive C:\Users\dja\Documents\GIT-repo\Crestron-MC-Concourse-Displays\SimplSharpNetUtils.clz...
4/3/2017 6:46:44 PM, Info: Saving project information...
4/3/2017 6:46:44 PM, Info: Verifying archive C:\Users\dja\Documents\GIT-repo\Crestron-MC-Concourse-Displays\SimplSharpStringUtils.clz...
4/3/2017 6:46:44 PM, Info: Saving project information...
4/3/2017 6:47:28 PM, Info: Initializing SIMPLSharp Services...
4/3/2017 6:47:28 PM, Info: ProjectInfo successfully initialized.
4/3/2017 6:47:28 PM, Info: Verifying archive C:\Users\dja\Documents\GIT-repo\Crestron-MC-Concourse-Displays\SimplSharpNetUtils.clz...
4/3/2017 6:47:30 PM, Info: Saving project information...
4/3/2017 6:47:30 PM, Info: Verifying archive C:\Users\dja\Documents\GIT-repo\Crestron-MC-Concourse-Displays\SimplSharpStringUtils.clz...
4/3/2017 6:47:30 PM, Info: Saving project information...
4/3/2017 6:51:33 PM, Info: Initializing SIMPLSharp Services...
4/3/2017 6:51:33 PM, Info: ProjectInfo successfully initialized.
4/3/2017 6:51:35 PM, Info: Verifying archive C:\Users\dja\Documents\GIT-repo\Crestron-MC-Concourse-Displays\SimplSharpNetUtils.clz...
4/3/2017 6:51:36 PM, Info: Saving project information...
4/3/2017 6:51:36 PM, Info: Verifying archive C:\Users\dja\Documents\GIT-repo\Crestron-MC-Concourse-Displays\SimplSharpStringUtils.clz...
4/3/2017 6:51:37 PM, Info: Saving project information...
4/4/2017 9:48:05 AM, Info: Initializing SIMPLSharp Services...
4/4/2017 9:48:05 AM, Info: ProjectInfo successfully initialized.
4/4/2017 9:48:06 AM, Info: Verifying archive C:\Users\dja\Documents\GIT-repo\Crestron-MC-Concourse-Displays\SimplSharpNetUtils.clz...
4/4/2017 9:48:08 AM, Info: Saving project information...
4/4/2017 9:48:08 AM, Info: Verifying archive C:\Users\dja\Documents\GIT-repo\Crestron-MC-Concourse-Displays\SimplSharpStringUtils.clz...
4/4/2017 9:48:08 AM, Info: Saving project information...
4/4/2017 10:36:32 AM, Info: Initializing SIMPLSharp Services...
4/4/2017 10:36:32 AM, Info: ProjectInfo successfully initialized.
4/4/2017 10:36:33 AM, Info: Verifying archive C:\Users\dja\Documents\GIT-repo\Crestron-MC-Concourse-Displays\SimplSharpNetUtils.clz...
4/4/2017 10:36:35 AM, Info: Saving project information...
4/4/2017 10:36:35 AM, Info: Verifying archive C:\Users\dja\Documents\GIT-repo\Crestron-MC-Concourse-Displays\SimplSharpStringUtils.clz...
4/4/2017 10:36:36 AM, Info: Saving project information...
4/4/2017 10:38:15 AM, Info: Initializing SIMPLSharp Services...
4/4/2017 10:38:15 AM, Info: ProjectInfo successfully initialized.
4/4/2017 10:38:16 AM, Info: Verifying archive C:\Users\dja\Documents\GIT-repo\Crestron-MC-Concourse-Displays\SimplSharpNetUtils.clz...
4/4/2017 10:38:18 AM, Info: Saving project information...
4/4/2017 10:38:18 AM, Info: Verifying archive C:\Users\dja\Documents\GIT-repo\Crestron-MC-Concourse-Displays\SimplSharpStringUtils.clz...
4/4/2017 10:38:18 AM, Info: Saving project information...
4/4/2017 10:52:30 AM, Info: Initializing SIMPLSharp Services...
4/4/2017 10:52:30 AM, Info: ProjectInfo successfully initialized.
4/4/2017 10:52:31 AM, Info: Verifying archive C:\Users\dja\Documents\GIT-repo\Crestron-MC-Concourse-Displays\SimplSharpNetUtils.clz...
4/4/2017 10:52:33 AM, Info: Saving project information...
4/4/2017 10:52:33 AM, Info: Verifying archive C:\Users\dja\Documents\GIT-repo\Crestron-MC-Concourse-Displays\SimplSharpStringUtils.clz...
4/4/2017 10:52:34 AM, Info: Saving project information...
4/4/2017 11:01:33 AM, Info: Initializing SIMPLSharp Services...
4/4/2017 11:01:33 AM, Info: ProjectInfo successfully initialized.
4/4/2017 11:01:34 AM, Info: Verifying archive C:\Users\dja\Documents\GIT-repo\Crestron-MC-Concourse-Displays\SimplSharpNetUtils.clz...
4/4/2017 11:01:36 AM, Info: Saving project information...
4/4/2017 11:01:36 AM, Info: Verifying archive C:\Users\dja\Documents\GIT-repo\Crestron-MC-Concourse-Displays\SimplSharpStringUtils.clz...
4/4/2017 11:01:37 AM, Info: Saving project information...
4/4/2017 11:02:50 AM, Info: Initializing SIMPLSharp Services...
4/4/2017 11:02:50 AM, Info: ProjectInfo successfully initialized.
4/4/2017 11:02:51 AM, Info: Verifying archive C:\Users\dja\Documents\GIT-repo\Crestron-MC-Concourse-Displays\SimplSharpNetUtils.clz...
4/4/2017 11:02:52 AM, Info: Saving project information...
4/4/2017 11:02:52 AM, Info: Verifying archive C:\Users\dja\Documents\GIT-repo\Crestron-MC-Concourse-Displays\SimplSharpStringUtils.clz...
4/4/2017 11:02:53 AM, Info: Saving project information...
4/4/2017 11:05:51 AM, Info: Initializing SIMPLSharp Services...
4/4/2017 11:05:51 AM, Info: ProjectInfo successfully initialized.
4/4/2017 11:05:52 AM, Info: Verifying archive C:\Users\dja\Documents\GIT-repo\Crestron-MC-Concourse-Displays\SimplSharpNetUtils.clz...
4/4/2017 11:05:53 AM, Info: Saving project information...
4/4/2017 11:05:53 AM, Info: Verifying archive C:\Users\dja\Documents\GIT-repo\Crestron-MC-Concourse-Displays\SimplSharpStringUtils.clz...
4/4/2017 11:05:54 AM, Info: Saving project information...
4/4/2017 11:15:12 AM, Info: Initializing SIMPLSharp Services...
4/4/2017 11:15:12 AM, Info: ProjectInfo successfully initialized.
4/4/2017 11:15:13 AM, Info: Verifying archive C:\Users\dja\Documents\GIT-repo\Crestron-MC-Concourse-Displays\SimplSharpNetUtils.clz...
4/4/2017 11:15:15 AM, Info: Saving project information...
4/4/2017 11:15:15 AM, Info: Verifying archive C:\Users\dja\Documents\GIT-repo\Crestron-MC-Concourse-Displays\SimplSharpStringUtils.clz...
4/4/2017 11:15:16 AM, Info: Saving project information...
4/4/2017 11:37:50 AM, Info: Initializing SIMPLSharp Services...
4/4/2017 11:37:50 AM, Info: ProjectInfo successfully initialized.
4/4/2017 11:37:51 AM, Info: Verifying archive C:\Users\dja\Documents\GIT-repo\Crestron-MC-Concourse-Displays\SimplSharpNetUtils.clz...
4/4/2017 11:37:53 AM, Info: Saving project information...
4/4/2017 11:37:53 AM, Info: Verifying archive C:\Users\dja\Documents\GIT-repo\Crestron-MC-Concourse-Displays\SimplSharpStringUtils.clz...
4/4/2017 11:37:53 AM, Info: Saving project information...
4/4/2017 2:17:19 PM, Info: Initializing SIMPLSharp Services...
4/4/2017 2:17:19 PM, Info: ProjectInfo successfully initialized.
4/4/2017 2:17:20 PM, Info: Verifying archive C:\Users\dja\Documents\GIT-repo\Crestron-MC-Concourse-Displays\SimplSharpNetUtils.clz...
4/4/2017 2:17:22 PM, Info: Saving project information...
4/4/2017 2:17:22 PM, Info: Verifying archive C:\Users\dja\Documents\GIT-repo\Crestron-MC-Concourse-Displays\SimplSharpStringUtils.clz...
4/4/2017 2:17:23 PM, Info: Saving project information...
4/4/2017 2:28:42 PM, Info: Initializing SIMPLSharp Services...
4/4/2017 2:28:42 PM, Info: ProjectInfo successfully initialized.
4/4/2017 2:28:43 PM, Info: Verifying archive C:\Users\dja\Documents\GIT-repo\Crestron-MC-Concourse-Displays\SimplSharpNetUtils.clz...
4/4/2017 2:28:45 PM, Info: Saving project information...
4/4/2017 2:28:45 PM, Info: Verifying archive C:\Users\dja\Documents\GIT-repo\Crestron-MC-Concourse-Displays\SimplSharpStringUtils.clz...
4/4/2017 2:28:46 PM, Info: Saving project information...
4/4/2017 2:40:42 PM, Info: Initializing SIMPLSharp Services...
4/4/2017 2:40:42 PM, Info: ProjectInfo successfully initialized.
4/4/2017 2:40:43 PM, Info: Verifying archive C:\Users\dja\Documents\GIT-repo\Crestron-MC-Concourse-Displays\SimplSharpNetUtils.clz...
4/4/2017 2:40:45 PM, Info: Saving project information...
4/4/2017 2:40:45 PM, Info: Verifying archive C:\Users\dja\Documents\GIT-repo\Crestron-MC-Concourse-Displays\SimplSharpStringUtils.clz...
4/4/2017 2:40:46 PM, Info: Saving project information...
4/4/2017 2:44:11 PM, Info: Initializing SIMPLSharp Services...
4/4/2017 2:44:11 PM, Info: ProjectInfo successfully initialized.
4/4/2017 2:44:12 PM, Info: Verifying archive C:\Users\dja\Documents\GIT-repo\Crestron-MC-Concourse-Displays\SimplSharpNetUtils.clz...
4/4/2017 2:44:14 PM, Info: Saving project information...
4/4/2017 2:44:14 PM, Info: Verifying archive C:\Users\dja\Documents\GIT-repo\Crestron-MC-Concourse-Displays\SimplSharpStringUtils.clz...
4/4/2017 2:44:14 PM, Info: Saving project information...
4/4/2017 2:53:02 PM, Info: Initializing SIMPLSharp Services...
4/4/2017 2:53:02 PM, Info: ProjectInfo successfully initialized.
4/4/2017 2:53:02 PM, Info: Verifying archive C:\Users\dja\Documents\GIT-repo\Crestron-MC-Concourse-Displays\SimplSharpNetUtils.clz...
4/4/2017 2:53:05 PM, Info: Saving project information...
4/4/2017 2:53:05 PM, Info: Verifying archive C:\Users\dja\Documents\GIT-repo\Crestron-MC-Concourse-Displays\SimplSharpStringUtils.clz...
4/4/2017 2:53:06 PM, Info: Saving project information...
4/4/2017 3:10:26 PM, Info: Initializing SIMPLSharp Services...
4/4/2017 3:10:26 PM, Info: ProjectInfo successfully initialized.
4/4/2017 3:10:27 PM, Info: Verifying archive C:\Users\dja\Documents\GIT-repo\Crestron-MC-Concourse-Displays\SimplSharpNetUtils.clz...
4/4/2017 3:10:29 PM, Info: Saving project information...
4/4/2017 3:10:29 PM, Info: Verifying archive C:\Users\dja\Documents\GIT-repo\Crestron-MC-Concourse-Displays\SimplSharpStringUtils.clz...
4/4/2017 3:10:30 PM, Info: Saving project information...
4/4/2017 3:11:45 PM, Info: Initializing SIMPLSharp Services...
4/4/2017 3:11:45 PM, Info: ProjectInfo successfully initialized.
4/4/2017 3:11:46 PM, Info: Verifying archive C:\Users\dja\Documents\GIT-repo\Crestron-MC-Concourse-Displays\SimplSharpNetUtils.clz...
4/4/2017 3:11:48 PM, Info: Saving project information...
4/4/2017 3:11:48 PM, Info: Verifying archive C:\Users\dja\Documents\GIT-repo\Crestron-MC-Concourse-Displays\SimplSharpStringUtils.clz...
4/4/2017 3:11:49 PM, Info: Saving project information...
4/4/2017 3:19:37 PM, Info: Initializing SIMPLSharp Services...
4/4/2017 3:19:37 PM, Info: ProjectInfo successfully initialized.
4/4/2017 3:19:39 PM, Info: Verifying archive C:\Users\dja\Documents\GIT-repo\Crestron-MC-Concourse-Displays\SimplSharpNetUtils.clz...
4/4/2017 3:19:40 PM, Info: Saving project information...
4/4/2017 3:19:40 PM, Info: Verifying archive C:\Users\dja\Documents\GIT-repo\Crestron-MC-Concourse-Displays\SimplSharpStringUtils.clz...
4/4/2017 3:19:41 PM, Info: Saving project information...
4/4/2017 3:48:58 PM, Info: Initializing SIMPLSharp Services...
4/4/2017 3:48:58 PM, Info: ProjectInfo successfully initialized.
4/4/2017 3:48:59 PM, Info: Verifying archive C:\Users\dja\Documents\GIT-repo\Crestron-MC-Concourse-Displays\SimplSharpNetUtils.clz...
4/4/2017 3:49:01 PM, Info: Saving project information...
4/4/2017 3:49:01 PM, Info: Verifying archive C:\Users\dja\Documents\GIT-repo\Crestron-MC-Concourse-Displays\SimplSharpStringUtils.clz...
4/4/2017 3:49:02 PM, Info: Saving project information...
4/4/2017 4:02:35 PM, Info: Initializing SIMPLSharp Services...
4/4/2017 4:02:35 PM, Info: ProjectInfo successfully initialized.
4/4/2017 4:02:36 PM, Info: Verifying archive C:\Users\dja\Documents\GIT-repo\Crestron-MC-Concourse-Displays\SimplSharpNetUtils.clz...
4/4/2017 4:02:38 PM, Info: Saving project information...
4/4/2017 4:02:38 PM, Info: Verifying archive C:\Users\dja\Documents\GIT-repo\Crestron-MC-Concourse-Displays\SimplSharpStringUtils.clz...
4/4/2017 4:02:39 PM, Info: Saving project information...
4/4/2017 4:10:52 PM, Info: Initializing SIMPLSharp Services...
4/4/2017 4:10:52 PM, Info: ProjectInfo successfully initialized.
4/4/2017 4:10:53 PM, Info: Verifying archive C:\Users\dja\Documents\GIT-repo\Crestron-MC-Concourse-Displays\SimplSharpNetUtils.clz...
4/4/2017 4:10:55 PM, Info: Saving project information...
4/4/2017 4:10:55 PM, Info: Verifying archive C:\Users\dja\Documents\GIT-repo\Crestron-MC-Concourse-Displays\SimplSharpStringUtils.clz...
4/4/2017 4:10:56 PM, Info: Saving project information...
4/4/2017 4:11:04 PM, Info: Terminating SIMPLSharp Services
4/4/2017 4:11:04 PM, Info: Saving project information...
4/4/2017 4:11:04 PM, Info: Terminating SIMPLSharp Services
4/4/2017 4:11:04 PM, Info: Saving project information...
4/4/2017 4:11:04 PM, Info: Terminating SIMPLSharp Services
4/4/2017 4:11:04 PM, Info: Saving project information...
4/4/2017 4:11:04 PM, Info: Terminating SIMPLSharp Services
4/4/2017 4:11:04 PM, Info: Saving project information...
4/4/2017 4:11:04 PM, Info: Terminating SIMPLSharp Services
4/4/2017 4:11:04 PM, Info: Saving project information...
4/4/2017 4:11:04 PM, Info: Terminating SIMPLSharp Services
4/4/2017 4:11:04 PM, Info: Saving project information...
4/4/2017 4:11:04 PM, Info: Terminating SIMPLSharp Services
4/4/2017 4:11:04 PM, Info: Saving project information...
4/4/2017 4:11:04 PM, Info: Terminating SIMPLSharp Services
4/4/2017 4:11:04 PM, Info: Saving project information...
4/4/2017 4:11:04 PM, Info: Terminating SIMPLSharp Services
4/4/2017 4:11:04 PM, Info: Saving project information...
4/4/2017 4:11:04 PM, Info: Terminating SIMPLSharp Services
4/4/2017 4:11:04 PM, Info: Saving project information...
4/4/2017 4:11:04 PM, Info: Terminating SIMPLSharp Services
4/4/2017 4:11:04 PM, Info: Saving project information...
4/4/2017 4:11:04 PM, Info: Terminating SIMPLSharp Services
4/4/2017 4:11:04 PM, Info: Saving project information...
4/4/2017 4:11:04 PM, Info: Terminating SIMPLSharp Services
4/4/2017 4:11:04 PM, Info: Saving project information...
4/4/2017 4:11:04 PM, Info: Terminating SIMPLSharp Services
4/4/2017 4:11:04 PM, Info: Saving project information...
4/4/2017 4:11:04 PM, Info: Terminating SIMPLSharp Services
4/4/2017 4:11:04 PM, Info: Saving project information...
4/4/2017 4:11:04 PM, Info: Terminating SIMPLSharp Services
4/4/2017 4:11:04 PM, Info: Saving project information...
4/4/2017 4:11:04 PM, Info: Terminating SIMPLSharp Services
4/4/2017 4:11:04 PM, Info: Saving project information...
4/4/2017 4:11:04 PM, Info: Terminating SIMPLSharp Services
4/4/2017 4:11:04 PM, Info: Saving project information...
4/4/2017 4:11:04 PM, Info: Terminating SIMPLSharp Services
4/4/2017 4:11:04 PM, Info: Saving project information...
4/4/2017 4:11:04 PM, Info: Terminating SIMPLSharp Services
4/4/2017 4:11:04 PM, Info: Saving project information...
4/4/2017 4:11:04 PM, Info: Terminating SIMPLSharp Services
4/4/2017 4:11:04 PM, Info: Saving project information...
4/4/2017 4:11:04 PM, Info: Terminating SIMPLSharp Services
4/4/2017 4:11:04 PM, Info: Saving project information...
4/4/2017 4:11:04 PM, Info: Terminating SIMPLSharp Services
