3/9/2017 1:53:32 PM, Info: Initializing SIMPLSharp Services...
3/9/2017 1:53:33 PM, Info: ProjectInfo successfully initialized.
3/9/2017 1:53:45 PM, Info: Initializing SIMPLSharp Services...
3/9/2017 1:53:45 PM, Info: ProjectInfo successfully initialized.
3/9/2017 1:55:35 PM, Info: Initializing SIMPLSharp Services...
3/9/2017 1:55:35 PM, Info: ProjectInfo successfully initialized.
3/9/2017 1:55:37 PM, Info: Verifying archive C:\Users\dja\Documents\GIT-repo\Crestron-MC-Concourse-Displays\SimplSharpNetUtils.clz...
3/9/2017 1:55:38 PM, Info: Saving project information...
3/9/2017 1:56:11 PM, Info: Initializing SIMPLSharp Services...
3/9/2017 1:56:11 PM, Info: ProjectInfo successfully initialized.
3/9/2017 1:56:50 PM, Info: Initializing SIMPLSharp Services...
3/9/2017 1:56:50 PM, Info: ProjectInfo successfully initialized.
3/9/2017 1:56:55 PM, Info: Terminating SIMPLSharp Services
3/9/2017 1:56:55 PM, Info: Saving project information...
3/9/2017 1:56:55 PM, Info: Terminating SIMPLSharp Services
3/9/2017 1:56:55 PM, Info: Saving project information...
3/9/2017 1:56:55 PM, Info: Terminating SIMPLSharp Services
3/9/2017 1:56:55 PM, Info: Saving project information...
3/9/2017 1:56:55 PM, Info: Terminating SIMPLSharp Services
3/9/2017 1:56:55 PM, Info: Saving project information...
3/9/2017 1:56:55 PM, Info: Terminating SIMPLSharp Services
