3/6/2017 12:47:17 PM, Info: Initializing SIMPLSharp Services...
3/6/2017 12:47:17 PM, Info: ProjectInfo successfully initialized.
3/6/2017 12:47:21 PM, Info: Verifying archive C:\Users\dja\Documents\GIT-repo\Crestron-MC-Concourse-Displays\SimplSharpNetUtils.clz...
3/6/2017 12:47:23 PM, Info: Saving project information...
3/6/2017 12:47:26 PM, Info: Commiting verification transaction...
3/6/2017 12:47:26 PM, Info: Saving project information...
3/6/2017 4:11:37 PM, Info: Initializing SIMPLSharp Services...
3/6/2017 4:11:37 PM, Info: ProjectInfo successfully initialized.
3/6/2017 4:11:39 PM, Info: Verifying archive C:\Users\dja\Documents\GIT-repo\Crestron-MC-Concourse-Displays\SimplSharpNetUtils.clz...
3/6/2017 4:11:40 PM, Info: Saving project information...
3/6/2017 4:11:42 PM, Info: Commiting verification transaction...
3/6/2017 4:11:42 PM, Info: Saving project information...
3/6/2017 4:16:50 PM, Info: Initializing SIMPLSharp Services...
3/6/2017 4:16:50 PM, Info: ProjectInfo successfully initialized.
3/6/2017 4:16:51 PM, Info: Verifying archive C:\Users\dja\Documents\GIT-repo\Crestron-MC-Concourse-Displays\SimplSharpNetUtils.clz...
3/6/2017 4:16:53 PM, Info: Saving project information...
3/6/2017 4:16:56 PM, Info: Commiting verification transaction...
3/6/2017 4:16:56 PM, Info: Saving project information...
3/6/2017 4:18:19 PM, Info: Initializing SIMPLSharp Services...
3/6/2017 4:18:19 PM, Info: ProjectInfo successfully initialized.
3/6/2017 4:18:20 PM, Info: Verifying archive C:\Users\dja\Documents\GIT-repo\Crestron-MC-Concourse-Displays\SimplSharpNetUtils.clz...
3/6/2017 4:18:22 PM, Info: Saving project information...
3/6/2017 4:18:23 PM, Info: Commiting verification transaction...
3/6/2017 4:18:23 PM, Info: Saving project information...
3/6/2017 4:30:44 PM, Info: Initializing SIMPLSharp Services...
3/6/2017 4:30:44 PM, Info: ProjectInfo successfully initialized.
3/6/2017 4:30:45 PM, Info: Verifying archive C:\Users\dja\Documents\GIT-repo\Crestron-MC-Concourse-Displays\SimplSharpNetUtils.clz...
3/6/2017 4:30:46 PM, Info: Saving project information...
3/6/2017 4:30:47 PM, Info: Commiting verification transaction...
3/6/2017 4:30:47 PM, Info: Saving project information...
3/6/2017 4:46:16 PM, Info: Terminating SIMPLSharp Services
3/6/2017 4:46:16 PM, Info: Saving project information...
3/6/2017 4:46:16 PM, Info: Terminating SIMPLSharp Services
3/6/2017 4:46:16 PM, Info: Saving project information...
3/6/2017 4:46:16 PM, Info: Terminating SIMPLSharp Services
3/6/2017 4:46:16 PM, Info: Saving project information...
3/6/2017 4:46:16 PM, Info: Terminating SIMPLSharp Services
3/6/2017 4:46:16 PM, Info: Saving project information...
3/6/2017 4:46:16 PM, Info: Terminating SIMPLSharp Services
