4/5/2017 8:44:47 AM, Info: Initializing SIMPLSharp Services...
4/5/2017 8:44:48 AM, Info: ProjectInfo successfully initialized.
4/5/2017 8:44:49 AM, Info: Verifying archive C:\Users\dja\Documents\GIT-repo\Crestron-MC-Concourse-Displays\SimplSharpNetUtils.clz...
4/5/2017 8:44:52 AM, Info: Saving project information...
4/5/2017 8:44:52 AM, Info: Verifying archive C:\Users\dja\Documents\GIT-repo\Crestron-MC-Concourse-Displays\SimplSharpStringUtils.clz...
4/5/2017 8:44:53 AM, Info: Saving project information...
4/5/2017 8:44:55 AM, Info: Commiting verification transaction...
4/5/2017 8:44:55 AM, Info: Saving project information...
4/5/2017 8:52:39 AM, Info: Initializing SIMPLSharp Services...
4/5/2017 8:52:39 AM, Info: ProjectInfo successfully initialized.
4/5/2017 8:52:40 AM, Info: Verifying archive C:\Users\dja\Documents\GIT-repo\Crestron-MC-Concourse-Displays\SimplSharpNetUtils.clz...
4/5/2017 8:52:43 AM, Info: Saving project information...
4/5/2017 8:52:43 AM, Info: Verifying archive C:\Users\dja\Documents\GIT-repo\Crestron-MC-Concourse-Displays\SimplSharpStringUtils.clz...
4/5/2017 8:52:44 AM, Info: Saving project information...
4/5/2017 8:52:47 AM, Info: Commiting verification transaction...
4/5/2017 8:52:47 AM, Info: Saving project information...
4/5/2017 11:25:10 AM, Info: Initializing SIMPLSharp Services...
4/5/2017 11:25:10 AM, Info: ProjectInfo successfully initialized.
4/5/2017 11:25:10 AM, Info: Verifying archive C:\Users\dja\Documents\GIT-repo\Crestron-MC-Concourse-Displays\SimplSharpNetUtils.clz...
4/5/2017 11:25:12 AM, Info: Saving project information...
4/5/2017 11:25:12 AM, Info: Verifying archive C:\Users\dja\Documents\GIT-repo\Crestron-MC-Concourse-Displays\SimplSharpStringUtils.clz...
4/5/2017 11:25:13 AM, Info: Saving project information...
4/5/2017 11:25:15 AM, Info: Commiting verification transaction...
4/5/2017 11:25:15 AM, Info: Saving project information...
4/5/2017 12:09:37 PM, Info: Initializing SIMPLSharp Services...
4/5/2017 12:09:37 PM, Info: ProjectInfo successfully initialized.
4/5/2017 12:09:38 PM, Info: Verifying archive C:\Users\dja\Documents\GIT-repo\Crestron-MC-Concourse-Displays\SimplSharpNetUtils.clz...
4/5/2017 12:09:40 PM, Info: Saving project information...
4/5/2017 12:09:40 PM, Info: Verifying archive C:\Users\dja\Documents\GIT-repo\Crestron-MC-Concourse-Displays\SimplSharpStringUtils.clz...
4/5/2017 12:09:41 PM, Info: Saving project information...
4/5/2017 12:09:42 PM, Info: Commiting verification transaction...
4/5/2017 12:09:42 PM, Info: Saving project information...
4/5/2017 12:12:58 PM, Info: Initializing SIMPLSharp Services...
4/5/2017 12:12:58 PM, Info: ProjectInfo successfully initialized.
4/5/2017 12:12:59 PM, Info: Verifying archive C:\Users\dja\Documents\GIT-repo\Crestron-MC-Concourse-Displays\SimplSharpNetUtils.clz...
4/5/2017 12:13:01 PM, Info: Saving project information...
4/5/2017 12:13:01 PM, Info: Verifying archive C:\Users\dja\Documents\GIT-repo\Crestron-MC-Concourse-Displays\SimplSharpStringUtils.clz...
4/5/2017 12:13:02 PM, Info: Saving project information...
4/5/2017 12:13:04 PM, Info: Commiting verification transaction...
4/5/2017 12:13:04 PM, Info: Saving project information...
4/5/2017 12:15:51 PM, Info: Initializing SIMPLSharp Services...
4/5/2017 12:15:51 PM, Info: ProjectInfo successfully initialized.
4/5/2017 12:15:52 PM, Info: Verifying archive C:\Users\dja\Documents\GIT-repo\Crestron-MC-Concourse-Displays\SimplSharpNetUtils.clz...
4/5/2017 12:15:54 PM, Info: Saving project information...
4/5/2017 12:15:54 PM, Info: Verifying archive C:\Users\dja\Documents\GIT-repo\Crestron-MC-Concourse-Displays\SimplSharpStringUtils.clz...
4/5/2017 12:15:55 PM, Info: Saving project information...
4/5/2017 12:15:57 PM, Info: Commiting verification transaction...
4/5/2017 12:15:57 PM, Info: Saving project information...
4/5/2017 12:19:09 PM, Info: Initializing SIMPLSharp Services...
4/5/2017 12:19:09 PM, Info: ProjectInfo successfully initialized.
4/5/2017 12:19:10 PM, Info: Verifying archive C:\Users\dja\Documents\GIT-repo\Crestron-MC-Concourse-Displays\SimplSharpNetUtils.clz...
4/5/2017 12:19:12 PM, Info: Saving project information...
4/5/2017 12:19:12 PM, Info: Verifying archive C:\Users\dja\Documents\GIT-repo\Crestron-MC-Concourse-Displays\SimplSharpStringUtils.clz...
4/5/2017 12:19:13 PM, Info: Saving project information...
4/5/2017 12:19:15 PM, Info: Commiting verification transaction...
4/5/2017 12:19:15 PM, Info: Saving project information...
4/5/2017 12:25:33 PM, Info: Initializing SIMPLSharp Services...
4/5/2017 12:25:33 PM, Info: ProjectInfo successfully initialized.
4/5/2017 12:25:34 PM, Info: Verifying archive C:\Users\dja\Documents\GIT-repo\Crestron-MC-Concourse-Displays\SimplSharpNetUtils.clz...
4/5/2017 12:25:36 PM, Info: Saving project information...
4/5/2017 12:25:36 PM, Info: Verifying archive C:\Users\dja\Documents\GIT-repo\Crestron-MC-Concourse-Displays\SimplSharpStringUtils.clz...
4/5/2017 12:25:37 PM, Info: Saving project information...
4/5/2017 12:25:39 PM, Info: Commiting verification transaction...
4/5/2017 12:25:39 PM, Info: Saving project information...
4/5/2017 12:28:23 PM, Info: Initializing SIMPLSharp Services...
4/5/2017 12:28:23 PM, Info: ProjectInfo successfully initialized.
4/5/2017 12:28:24 PM, Info: Verifying archive C:\Users\dja\Documents\GIT-repo\Crestron-MC-Concourse-Displays\SimplSharpNetUtils.clz...
4/5/2017 12:28:26 PM, Info: Saving project information...
4/5/2017 12:28:26 PM, Info: Verifying archive C:\Users\dja\Documents\GIT-repo\Crestron-MC-Concourse-Displays\SimplSharpStringUtils.clz...
4/5/2017 12:28:27 PM, Info: Saving project information...
4/5/2017 12:28:29 PM, Info: Commiting verification transaction...
4/5/2017 12:28:29 PM, Info: Saving project information...
4/5/2017 12:42:10 PM, Info: Initializing SIMPLSharp Services...
4/5/2017 12:42:10 PM, Info: ProjectInfo successfully initialized.
4/5/2017 12:42:11 PM, Info: Verifying archive C:\Users\dja\Documents\GIT-repo\Crestron-MC-Concourse-Displays\SimplSharpNetUtils.clz...
4/5/2017 12:42:13 PM, Info: Saving project information...
4/5/2017 12:42:13 PM, Info: Verifying archive C:\Users\dja\Documents\GIT-repo\Crestron-MC-Concourse-Displays\SimplSharpStringUtils.clz...
4/5/2017 12:42:14 PM, Info: Saving project information...
4/5/2017 12:42:18 PM, Info: Commiting verification transaction...
4/5/2017 12:42:18 PM, Info: Saving project information...
4/5/2017 12:51:25 PM, Info: Terminating SIMPLSharp Services
4/5/2017 12:51:25 PM, Info: Saving project information...
4/5/2017 12:51:25 PM, Info: Terminating SIMPLSharp Services
4/5/2017 12:51:25 PM, Info: Saving project information...
4/5/2017 12:51:25 PM, Info: Terminating SIMPLSharp Services
4/5/2017 12:51:25 PM, Info: Saving project information...
4/5/2017 12:51:25 PM, Info: Terminating SIMPLSharp Services
4/5/2017 12:51:25 PM, Info: Saving project information...
4/5/2017 12:51:25 PM, Info: Terminating SIMPLSharp Services
4/5/2017 12:51:25 PM, Info: Saving project information...
4/5/2017 12:51:25 PM, Info: Terminating SIMPLSharp Services
4/5/2017 12:51:25 PM, Info: Saving project information...
4/5/2017 12:51:25 PM, Info: Terminating SIMPLSharp Services
4/5/2017 12:51:25 PM, Info: Saving project information...
4/5/2017 12:51:25 PM, Info: Terminating SIMPLSharp Services
4/5/2017 12:51:25 PM, Info: Saving project information...
4/5/2017 12:51:25 PM, Info: Terminating SIMPLSharp Services
4/5/2017 12:51:25 PM, Info: Saving project information...
4/5/2017 12:51:25 PM, Info: Terminating SIMPLSharp Services
