4/3/2017 6:58:21 PM, Info: Saving project information...
4/3/2017 6:58:21 PM, Info: Verifying archive C:\Users\dja\Documents\GIT-repo\Crestron-MC-Concourse-Displays\SimplSharpStringUtils.clz...
4/3/2017 6:58:21 PM, Info: Saving project information...
4/3/2017 6:58:23 PM, Info: Commiting verification transaction...
4/3/2017 6:58:23 PM, Info: Saving project information...
4/4/2017 10:39:11 AM, Info: Initializing SIMPLSharp Services...
4/4/2017 10:39:11 AM, Info: ProjectInfo successfully initialized.
4/4/2017 10:39:11 AM, Info: Verifying archive C:\Users\dja\Documents\GIT-repo\Crestron-MC-Concourse-Displays\SimplSharpNetUtils.clz...
4/4/2017 10:39:13 AM, Info: Saving project information...
4/4/2017 10:39:13 AM, Info: Verifying archive C:\Users\dja\Documents\GIT-repo\Crestron-MC-Concourse-Displays\SimplSharpStringUtils.clz...
4/4/2017 10:39:14 AM, Info: Saving project information...
4/4/2017 10:39:16 AM, Info: Commiting verification transaction...
4/4/2017 10:39:16 AM, Info: Saving project information...
4/4/2017 11:08:45 AM, Info: Initializing SIMPLSharp Services...
4/4/2017 11:08:45 AM, Info: ProjectInfo successfully initialized.
4/4/2017 11:08:46 AM, Info: Verifying archive C:\Users\dja\Documents\GIT-repo\Crestron-MC-Concourse-Displays\SimplSharpNetUtils.clz...
4/4/2017 11:08:48 AM, Info: Saving project information...
4/4/2017 11:08:48 AM, Info: Verifying archive C:\Users\dja\Documents\GIT-repo\Crestron-MC-Concourse-Displays\SimplSharpStringUtils.clz...
4/4/2017 11:08:49 AM, Info: Saving project information...
4/4/2017 11:08:51 AM, Info: Commiting verification transaction...
4/4/2017 11:08:51 AM, Info: Saving project information...
4/4/2017 11:16:49 AM, Info: Initializing SIMPLSharp Services...
4/4/2017 11:16:49 AM, Info: ProjectInfo successfully initialized.
4/4/2017 11:16:49 AM, Info: Verifying archive C:\Users\dja\Documents\GIT-repo\Crestron-MC-Concourse-Displays\SimplSharpNetUtils.clz...
4/4/2017 11:16:51 AM, Info: Saving project information...
4/4/2017 11:16:51 AM, Info: Verifying archive C:\Users\dja\Documents\GIT-repo\Crestron-MC-Concourse-Displays\SimplSharpStringUtils.clz...
4/4/2017 11:16:53 AM, Info: Saving project information...
4/4/2017 11:16:55 AM, Info: Commiting verification transaction...
4/4/2017 11:16:55 AM, Info: Saving project information...
4/4/2017 11:39:17 AM, Info: Initializing SIMPLSharp Services...
4/4/2017 11:39:17 AM, Info: ProjectInfo successfully initialized.
4/4/2017 11:39:18 AM, Info: Verifying archive C:\Users\dja\Documents\GIT-repo\Crestron-MC-Concourse-Displays\SimplSharpNetUtils.clz...
4/4/2017 11:39:20 AM, Info: Saving project information...
4/4/2017 11:39:20 AM, Info: Verifying archive C:\Users\dja\Documents\GIT-repo\Crestron-MC-Concourse-Displays\SimplSharpStringUtils.clz...
4/4/2017 11:39:21 AM, Info: Saving project information...
4/4/2017 11:39:23 AM, Info: Commiting verification transaction...
4/4/2017 11:39:23 AM, Info: Saving project information...
4/4/2017 2:18:08 PM, Info: Initializing SIMPLSharp Services...
4/4/2017 2:18:08 PM, Info: ProjectInfo successfully initialized.
4/4/2017 2:18:09 PM, Info: Verifying archive C:\Users\dja\Documents\GIT-repo\Crestron-MC-Concourse-Displays\SimplSharpNetUtils.clz...
4/4/2017 2:18:11 PM, Info: Saving project information...
4/4/2017 2:18:11 PM, Info: Verifying archive C:\Users\dja\Documents\GIT-repo\Crestron-MC-Concourse-Displays\SimplSharpStringUtils.clz...
4/4/2017 2:18:12 PM, Info: Saving project information...
4/4/2017 2:18:14 PM, Info: Commiting verification transaction...
4/4/2017 2:18:14 PM, Info: Saving project information...
4/4/2017 2:29:29 PM, Info: Initializing SIMPLSharp Services...
4/4/2017 2:29:29 PM, Info: ProjectInfo successfully initialized.
4/4/2017 2:29:30 PM, Info: Verifying archive C:\Users\dja\Documents\GIT-repo\Crestron-MC-Concourse-Displays\SimplSharpNetUtils.clz...
4/4/2017 2:29:33 PM, Info: Saving project information...
4/4/2017 2:29:33 PM, Info: Verifying archive C:\Users\dja\Documents\GIT-repo\Crestron-MC-Concourse-Displays\SimplSharpStringUtils.clz...
4/4/2017 2:29:34 PM, Info: Saving project information...
4/4/2017 2:29:36 PM, Info: Commiting verification transaction...
4/4/2017 2:29:36 PM, Info: Saving project information...
4/4/2017 2:41:23 PM, Info: Initializing SIMPLSharp Services...
4/4/2017 2:41:23 PM, Info: ProjectInfo successfully initialized.
4/4/2017 2:41:23 PM, Info: Verifying archive C:\Users\dja\Documents\GIT-repo\Crestron-MC-Concourse-Displays\SimplSharpNetUtils.clz...
4/4/2017 2:41:26 PM, Info: Saving project information...
4/4/2017 2:41:26 PM, Info: Verifying archive C:\Users\dja\Documents\GIT-repo\Crestron-MC-Concourse-Displays\SimplSharpStringUtils.clz...
4/4/2017 2:41:27 PM, Info: Saving project information...
4/4/2017 2:41:29 PM, Info: Commiting verification transaction...
4/4/2017 2:41:29 PM, Info: Saving project information...
4/4/2017 2:53:20 PM, Info: Initializing SIMPLSharp Services...
4/4/2017 2:53:20 PM, Info: ProjectInfo successfully initialized.
4/4/2017 2:53:20 PM, Info: Verifying archive C:\Users\dja\Documents\GIT-repo\Crestron-MC-Concourse-Displays\SimplSharpNetUtils.clz...
4/4/2017 2:53:23 PM, Info: Saving project information...
4/4/2017 2:53:23 PM, Info: Verifying archive C:\Users\dja\Documents\GIT-repo\Crestron-MC-Concourse-Displays\SimplSharpStringUtils.clz...
4/4/2017 2:53:24 PM, Info: Saving project information...
4/4/2017 2:53:26 PM, Info: Commiting verification transaction...
4/4/2017 2:53:26 PM, Info: Saving project information...
4/4/2017 3:14:58 PM, Info: Initializing SIMPLSharp Services...
4/4/2017 3:14:58 PM, Info: ProjectInfo successfully initialized.
4/4/2017 3:14:59 PM, Info: Verifying archive C:\Users\dja\Documents\GIT-repo\Crestron-MC-Concourse-Displays\SimplSharpNetUtils.clz...
4/4/2017 3:15:01 PM, Info: Saving project information...
4/4/2017 3:15:01 PM, Info: Verifying archive C:\Users\dja\Documents\GIT-repo\Crestron-MC-Concourse-Displays\SimplSharpStringUtils.clz...
4/4/2017 3:15:02 PM, Info: Saving project information...
4/4/2017 3:15:05 PM, Info: Commiting verification transaction...
4/4/2017 3:15:05 PM, Info: Saving project information...
4/4/2017 3:20:25 PM, Info: Initializing SIMPLSharp Services...
4/4/2017 3:20:25 PM, Info: ProjectInfo successfully initialized.
4/4/2017 3:20:26 PM, Info: Verifying archive C:\Users\dja\Documents\GIT-repo\Crestron-MC-Concourse-Displays\SimplSharpNetUtils.clz...
4/4/2017 3:20:28 PM, Info: Saving project information...
4/4/2017 3:20:28 PM, Info: Verifying archive C:\Users\dja\Documents\GIT-repo\Crestron-MC-Concourse-Displays\SimplSharpStringUtils.clz...
4/4/2017 3:20:29 PM, Info: Saving project information...
4/4/2017 3:20:32 PM, Info: Commiting verification transaction...
4/4/2017 3:20:32 PM, Info: Saving project information...
4/4/2017 3:53:44 PM, Info: Initializing SIMPLSharp Services...
4/4/2017 3:53:44 PM, Info: ProjectInfo successfully initialized.
4/4/2017 3:53:44 PM, Info: Verifying archive C:\Users\dja\Documents\GIT-repo\Crestron-MC-Concourse-Displays\SimplSharpNetUtils.clz...
4/4/2017 3:53:47 PM, Info: Saving project information...
4/4/2017 3:53:47 PM, Info: Verifying archive C:\Users\dja\Documents\GIT-repo\Crestron-MC-Concourse-Displays\SimplSharpStringUtils.clz...
4/4/2017 3:53:48 PM, Info: Saving project information...
4/4/2017 3:53:50 PM, Info: Commiting verification transaction...
4/4/2017 3:53:50 PM, Info: Saving project information...
4/4/2017 4:03:36 PM, Info: Initializing SIMPLSharp Services...
4/4/2017 4:03:36 PM, Info: ProjectInfo successfully initialized.
4/4/2017 4:03:36 PM, Info: Verifying archive C:\Users\dja\Documents\GIT-repo\Crestron-MC-Concourse-Displays\SimplSharpNetUtils.clz...
4/4/2017 4:03:39 PM, Info: Saving project information...
4/4/2017 4:03:39 PM, Info: Verifying archive C:\Users\dja\Documents\GIT-repo\Crestron-MC-Concourse-Displays\SimplSharpStringUtils.clz...
4/4/2017 4:03:40 PM, Info: Saving project information...
4/4/2017 4:03:43 PM, Info: Commiting verification transaction...
4/4/2017 4:03:43 PM, Info: Saving project information...
4/4/2017 4:22:00 PM, Info: Initializing SIMPLSharp Services...
4/4/2017 4:22:00 PM, Info: ProjectInfo successfully initialized.
4/4/2017 4:22:01 PM, Info: Verifying archive C:\Users\dja\Documents\GIT-repo\Crestron-MC-Concourse-Displays\SimplSharpNetUtils.clz...
4/4/2017 4:22:03 PM, Info: Saving project information...
4/4/2017 4:22:03 PM, Info: Verifying archive C:\Users\dja\Documents\GIT-repo\Crestron-MC-Concourse-Displays\SimplSharpStringUtils.clz...
4/4/2017 4:22:04 PM, Info: Saving project information...
4/4/2017 4:22:07 PM, Info: Commiting verification transaction...
4/4/2017 4:22:07 PM, Info: Saving project information...
4/4/2017 4:53:36 PM, Info: Initializing SIMPLSharp Services...
4/4/2017 4:53:36 PM, Info: ProjectInfo successfully initialized.
4/4/2017 4:53:37 PM, Info: Verifying archive C:\Users\dja\Documents\GIT-repo\Crestron-MC-Concourse-Displays\SimplSharpNetUtils.clz...
4/4/2017 4:53:40 PM, Info: Saving project information...
4/4/2017 4:53:40 PM, Info: Verifying archive C:\Users\dja\Documents\GIT-repo\Crestron-MC-Concourse-Displays\SimplSharpStringUtils.clz...
4/4/2017 4:53:41 PM, Info: Saving project information...
4/4/2017 4:53:44 PM, Info: Commiting verification transaction...
4/4/2017 4:53:44 PM, Info: Saving project information...
4/4/2017 5:13:01 PM, Info: Initializing SIMPLSharp Services...
4/4/2017 5:13:01 PM, Info: ProjectInfo successfully initialized.
4/4/2017 5:13:03 PM, Info: Verifying archive C:\Users\dja\Documents\GIT-repo\Crestron-MC-Concourse-Displays\SimplSharpNetUtils.clz...
4/4/2017 5:13:05 PM, Info: Saving project information...
4/4/2017 5:13:05 PM, Info: Verifying archive C:\Users\dja\Documents\GIT-repo\Crestron-MC-Concourse-Displays\SimplSharpStringUtils.clz...
4/4/2017 5:13:06 PM, Info: Saving project information...
4/4/2017 5:13:08 PM, Info: Commiting verification transaction...
4/4/2017 5:13:08 PM, Info: Saving project information...
4/4/2017 5:35:32 PM, Info: Initializing SIMPLSharp Services...
4/4/2017 5:35:32 PM, Info: ProjectInfo successfully initialized.
4/4/2017 5:35:34 PM, Info: Verifying archive C:\Users\dja\Documents\GIT-repo\Crestron-MC-Concourse-Displays\SimplSharpNetUtils.clz...
4/4/2017 5:35:36 PM, Info: Saving project information...
4/4/2017 5:35:36 PM, Info: Verifying archive C:\Users\dja\Documents\GIT-repo\Crestron-MC-Concourse-Displays\SimplSharpStringUtils.clz...
4/4/2017 5:35:37 PM, Info: Saving project information...
4/4/2017 5:35:39 PM, Info: Commiting verification transaction...
4/4/2017 5:35:39 PM, Info: Saving project information...
4/4/2017 5:45:11 PM, Info: Initializing SIMPLSharp Services...
4/4/2017 5:45:11 PM, Info: ProjectInfo successfully initialized.
4/4/2017 5:45:12 PM, Info: Verifying archive C:\Users\dja\Documents\GIT-repo\Crestron-MC-Concourse-Displays\SimplSharpNetUtils.clz...
4/4/2017 5:45:14 PM, Info: Saving project information...
4/4/2017 5:45:14 PM, Info: Verifying archive C:\Users\dja\Documents\GIT-repo\Crestron-MC-Concourse-Displays\SimplSharpStringUtils.clz...
4/4/2017 5:45:15 PM, Info: Saving project information...
4/4/2017 5:45:18 PM, Info: Commiting verification transaction...
4/4/2017 5:45:18 PM, Info: Saving project information...
4/4/2017 5:51:19 PM, Info: Initializing SIMPLSharp Services...
4/4/2017 5:51:19 PM, Info: ProjectInfo successfully initialized.
4/4/2017 5:51:21 PM, Info: Verifying archive C:\Users\dja\Documents\GIT-repo\Crestron-MC-Concourse-Displays\SimplSharpNetUtils.clz...
4/4/2017 5:51:23 PM, Info: Saving project information...
4/4/2017 5:51:23 PM, Info: Verifying archive C:\Users\dja\Documents\GIT-repo\Crestron-MC-Concourse-Displays\SimplSharpStringUtils.clz...
4/4/2017 5:51:25 PM, Info: Saving project information...
4/4/2017 5:51:27 PM, Info: Commiting verification transaction...
4/4/2017 5:51:27 PM, Info: Saving project information...
4/4/2017 6:01:37 PM, Info: Terminating SIMPLSharp Services
4/4/2017 6:01:37 PM, Info: Saving project information...
4/4/2017 6:01:37 PM, Info: Terminating SIMPLSharp Services
4/4/2017 6:01:37 PM, Info: Saving project information...
4/4/2017 6:01:37 PM, Info: Terminating SIMPLSharp Services
4/4/2017 6:01:37 PM, Info: Saving project information...
4/4/2017 6:01:37 PM, Info: Terminating SIMPLSharp Services
4/4/2017 6:01:37 PM, Info: Saving project information...
4/4/2017 6:01:37 PM, Info: Terminating SIMPLSharp Services
4/4/2017 6:01:37 PM, Info: Saving project information...
4/4/2017 6:01:37 PM, Info: Terminating SIMPLSharp Services
4/4/2017 6:01:37 PM, Info: Saving project information...
4/4/2017 6:01:37 PM, Info: Terminating SIMPLSharp Services
4/4/2017 6:01:37 PM, Info: Saving project information...
4/4/2017 6:01:37 PM, Info: Terminating SIMPLSharp Services
4/4/2017 6:01:37 PM, Info: Saving project information...
4/4/2017 6:01:37 PM, Info: Terminating SIMPLSharp Services
4/4/2017 6:01:37 PM, Info: Saving project information...
4/4/2017 6:01:37 PM, Info: Terminating SIMPLSharp Services
4/4/2017 6:01:37 PM, Info: Saving project information...
4/4/2017 6:01:37 PM, Info: Terminating SIMPLSharp Services
4/4/2017 6:01:37 PM, Info: Saving project information...
4/4/2017 6:01:37 PM, Info: Terminating SIMPLSharp Services
4/4/2017 6:01:37 PM, Info: Saving project information...
4/4/2017 6:01:37 PM, Info: Terminating SIMPLSharp Services
4/4/2017 6:01:37 PM, Info: Saving project information...
4/4/2017 6:01:37 PM, Info: Terminating SIMPLSharp Services
4/4/2017 6:01:37 PM, Info: Saving project information...
4/4/2017 6:01:37 PM, Info: Terminating SIMPLSharp Services
4/4/2017 6:01:37 PM, Info: Saving project information...
4/4/2017 6:01:37 PM, Info: Terminating SIMPLSharp Services
4/4/2017 6:01:37 PM, Info: Saving project information...
4/4/2017 6:01:37 PM, Info: Terminating SIMPLSharp Services
4/4/2017 6:01:37 PM, Info: Saving project information...
4/4/2017 6:01:37 PM, Info: Terminating SIMPLSharp Services
4/4/2017 6:01:37 PM, Info: Saving project information...
4/4/2017 6:01:37 PM, Info: Terminating SIMPLSharp Services
4/4/2017 6:01:37 PM, Info: Saving project information...
4/4/2017 6:01:37 PM, Info: Terminating SIMPLSharp Services
4/4/2017 6:01:37 PM, Info: Saving project information...
4/4/2017 6:01:37 PM, Info: Terminating SIMPLSharp Services
4/4/2017 6:01:37 PM, Info: Saving project information...
4/4/2017 6:01:37 PM, Info: Terminating SIMPLSharp Services
4/4/2017 6:01:37 PM, Info: Saving project information...
4/4/2017 6:01:37 PM, Info: Terminating SIMPLSharp Services
4/4/2017 6:01:37 PM, Info: Saving project information...
4/4/2017 6:01:37 PM, Info: Terminating SIMPLSharp Services
4/4/2017 6:01:37 PM, Info: Saving project information...
4/4/2017 6:01:37 PM, Info: Terminating SIMPLSharp Services
4/4/2017 6:01:37 PM, Info: Saving project information...
4/4/2017 6:01:37 PM, Info: Terminating SIMPLSharp Services
4/4/2017 6:01:37 PM, Info: Saving project information...
4/4/2017 6:01:37 PM, Info: Terminating SIMPLSharp Services
4/4/2017 6:01:37 PM, Info: Saving project information...
4/4/2017 6:01:37 PM, Info: Terminating SIMPLSharp Services
4/4/2017 6:01:37 PM, Info: Saving project information...
4/4/2017 6:01:37 PM, Info: Terminating SIMPLSharp Services
4/4/2017 6:01:37 PM, Info: Saving project information...
4/4/2017 6:01:37 PM, Info: Terminating SIMPLSharp Services
4/4/2017 6:01:37 PM, Info: Saving project information...
4/4/2017 6:01:37 PM, Info: Terminating SIMPLSharp Services
4/4/2017 6:01:37 PM, Info: Saving project information...
4/4/2017 6:01:37 PM, Info: Terminating SIMPLSharp Services
4/4/2017 6:01:37 PM, Info: Saving project information...
4/4/2017 6:01:37 PM, Info: Terminating SIMPLSharp Services
4/4/2017 6:01:37 PM, Info: Saving project information...
4/4/2017 6:01:37 PM, Info: Terminating SIMPLSharp Services
4/4/2017 6:01:37 PM, Info: Saving project information...
4/4/2017 6:01:37 PM, Info: Terminating SIMPLSharp Services
4/4/2017 6:01:37 PM, Info: Saving project information...
4/4/2017 6:01:37 PM, Info: Terminating SIMPLSharp Services
4/4/2017 6:01:37 PM, Info: Saving project information...
4/4/2017 6:01:37 PM, Info: Terminating SIMPLSharp Services
4/4/2017 6:01:37 PM, Info: Saving project information...
4/4/2017 6:01:37 PM, Info: Terminating SIMPLSharp Services
4/4/2017 6:01:37 PM, Info: Saving project information...
4/4/2017 6:01:37 PM, Info: Terminating SIMPLSharp Services
4/4/2017 6:01:37 PM, Info: Saving project information...
4/4/2017 6:01:37 PM, Info: Terminating SIMPLSharp Services
4/4/2017 6:01:37 PM, Info: Saving project information...
4/4/2017 6:01:37 PM, Info: Terminating SIMPLSharp Services
4/4/2017 6:01:37 PM, Info: Saving project information...
4/4/2017 6:01:37 PM, Info: Terminating SIMPLSharp Services
4/4/2017 6:01:37 PM, Info: Saving project information...
4/4/2017 6:01:37 PM, Info: Terminating SIMPLSharp Services
4/4/2017 6:01:37 PM, Info: Saving project information...
4/4/2017 6:01:37 PM, Info: Terminating SIMPLSharp Services
