3/23/2017 3:12:30 PM, Info: Initializing SIMPLSharp Services...
3/23/2017 3:12:30 PM, Info: ProjectInfo successfully initialized.
3/23/2017 3:12:30 PM, Info: Verifying archive C:\Users\dja\Documents\GIT-repo\Crestron-MC-Concourse-Displays\SimplSharpNetUtils.clz...
3/23/2017 3:12:32 PM, Info: Saving project information...
3/23/2017 3:12:32 PM, Info: Verifying archive C:\Users\dja\Documents\GIT-repo\Crestron-MC-Concourse-Displays\SimplSharpStringUtils.clz...
3/23/2017 3:12:33 PM, Info: Saving project information...
3/23/2017 3:12:35 PM, Info: Commiting verification transaction...
3/23/2017 3:12:35 PM, Info: Saving project information...
3/23/2017 3:16:55 PM, Info: Initializing SIMPLSharp Services...
3/23/2017 3:16:55 PM, Info: ProjectInfo successfully initialized.
3/23/2017 3:16:56 PM, Info: Verifying archive C:\Users\dja\Documents\GIT-repo\Crestron-MC-Concourse-Displays\SimplSharpNetUtils.clz...
3/23/2017 3:16:58 PM, Info: Saving project information...
3/23/2017 3:16:58 PM, Info: Verifying archive C:\Users\dja\Documents\GIT-repo\Crestron-MC-Concourse-Displays\SimplSharpStringUtils.clz...
3/23/2017 3:16:59 PM, Info: Saving project information...
3/23/2017 3:17:00 PM, Info: Commiting verification transaction...
3/23/2017 3:17:00 PM, Info: Saving project information...
3/23/2017 3:41:14 PM, Info: Initializing SIMPLSharp Services...
3/23/2017 3:41:14 PM, Info: ProjectInfo successfully initialized.
3/23/2017 3:41:15 PM, Info: Verifying archive C:\Users\dja\Documents\GIT-repo\Crestron-MC-Concourse-Displays\SimplSharpNetUtils.clz...
3/23/2017 3:41:17 PM, Info: Saving project information...
3/23/2017 3:41:17 PM, Info: Verifying archive C:\Users\dja\Documents\GIT-repo\Crestron-MC-Concourse-Displays\SimplSharpStringUtils.clz...
3/23/2017 3:41:18 PM, Info: Saving project information...
3/23/2017 3:41:19 PM, Info: Commiting verification transaction...
3/23/2017 3:41:19 PM, Info: Saving project information...
3/23/2017 3:44:47 PM, Info: Initializing SIMPLSharp Services...
3/23/2017 3:44:47 PM, Info: ProjectInfo successfully initialized.
3/23/2017 3:44:48 PM, Info: Verifying archive C:\Users\dja\Documents\GIT-repo\Crestron-MC-Concourse-Displays\SimplSharpNetUtils.clz...
3/23/2017 3:44:50 PM, Info: Saving project information...
3/23/2017 3:44:50 PM, Info: Verifying archive C:\Users\dja\Documents\GIT-repo\Crestron-MC-Concourse-Displays\SimplSharpStringUtils.clz...
3/23/2017 3:44:51 PM, Info: Saving project information...
3/23/2017 3:44:53 PM, Info: Commiting verification transaction...
3/23/2017 3:44:53 PM, Info: Saving project information...
3/23/2017 3:50:04 PM, Info: Initializing SIMPLSharp Services...
3/23/2017 3:50:04 PM, Info: ProjectInfo successfully initialized.
3/23/2017 3:50:05 PM, Info: Verifying archive C:\Users\dja\Documents\GIT-repo\Crestron-MC-Concourse-Displays\SimplSharpNetUtils.clz...
3/23/2017 3:50:07 PM, Info: Saving project information...
3/23/2017 3:50:07 PM, Info: Verifying archive C:\Users\dja\Documents\GIT-repo\Crestron-MC-Concourse-Displays\SimplSharpStringUtils.clz...
3/23/2017 3:50:08 PM, Info: Saving project information...
3/23/2017 3:50:10 PM, Info: Commiting verification transaction...
3/23/2017 3:50:10 PM, Info: Saving project information...
3/23/2017 4:44:32 PM, Info: Terminating SIMPLSharp Services
3/23/2017 4:44:32 PM, Info: Saving project information...
3/23/2017 4:44:32 PM, Info: Terminating SIMPLSharp Services
3/23/2017 4:44:32 PM, Info: Saving project information...
3/23/2017 4:44:32 PM, Info: Terminating SIMPLSharp Services
3/23/2017 4:44:32 PM, Info: Saving project information...
3/23/2017 4:44:32 PM, Info: Terminating SIMPLSharp Services
3/23/2017 4:44:32 PM, Info: Saving project information...
3/23/2017 4:44:32 PM, Info: Terminating SIMPLSharp Services
