4/3/2017 8:39:52 AM, Info: Initializing SIMPLSharp Services...
4/3/2017 8:39:53 AM, Info: ProjectInfo successfully initialized.
4/3/2017 8:39:53 AM, Info: Verifying archive C:\Users\dja\Documents\GIT-repo\Crestron-MC-Concourse-Displays\SimplSharpNetUtils.clz...
4/3/2017 8:39:55 AM, Info: Saving project information...
4/3/2017 8:39:55 AM, Info: Verifying archive C:\Users\dja\Documents\GIT-repo\Crestron-MC-Concourse-Displays\SimplSharpStringUtils.clz...
4/3/2017 8:39:56 AM, Info: Saving project information...
4/3/2017 8:39:57 AM, Info: Commiting verification transaction...
4/3/2017 8:39:57 AM, Info: Saving project information...
4/3/2017 8:52:22 AM, Info: Initializing SIMPLSharp Services...
4/3/2017 8:52:22 AM, Info: ProjectInfo successfully initialized.
4/3/2017 8:52:23 AM, Info: Verifying archive C:\Users\dja\Documents\GIT-repo\Crestron-MC-Concourse-Displays\SimplSharpNetUtils.clz...
4/3/2017 8:52:25 AM, Info: Saving project information...
4/3/2017 8:52:25 AM, Info: Verifying archive C:\Users\dja\Documents\GIT-repo\Crestron-MC-Concourse-Displays\SimplSharpStringUtils.clz...
4/3/2017 8:52:25 AM, Info: Saving project information...
4/3/2017 8:52:27 AM, Info: Commiting verification transaction...
4/3/2017 8:52:27 AM, Info: Saving project information...
4/3/2017 9:02:45 AM, Info: Initializing SIMPLSharp Services...
4/3/2017 9:02:45 AM, Info: ProjectInfo successfully initialized.
4/3/2017 9:02:46 AM, Info: Verifying archive C:\Users\dja\Documents\GIT-repo\Crestron-MC-Concourse-Displays\SimplSharpNetUtils.clz...
4/3/2017 9:02:48 AM, Info: Saving project information...
4/3/2017 9:02:48 AM, Info: Verifying archive C:\Users\dja\Documents\GIT-repo\Crestron-MC-Concourse-Displays\SimplSharpStringUtils.clz...
4/3/2017 9:02:49 AM, Info: Saving project information...
4/3/2017 9:02:50 AM, Info: Commiting verification transaction...
4/3/2017 9:02:50 AM, Info: Saving project information...
4/3/2017 9:22:16 AM, Info: Initializing SIMPLSharp Services...
4/3/2017 9:22:16 AM, Info: ProjectInfo successfully initialized.
4/3/2017 9:22:17 AM, Info: Verifying archive C:\Users\dja\Documents\GIT-repo\Crestron-MC-Concourse-Displays\SimplSharpNetUtils.clz...
4/3/2017 9:22:19 AM, Info: Saving project information...
4/3/2017 9:22:19 AM, Info: Verifying archive C:\Users\dja\Documents\GIT-repo\Crestron-MC-Concourse-Displays\SimplSharpStringUtils.clz...
4/3/2017 9:22:20 AM, Info: Saving project information...
4/3/2017 9:22:21 AM, Info: Commiting verification transaction...
4/3/2017 9:22:21 AM, Info: Saving project information...
4/3/2017 9:29:25 AM, Info: Initializing SIMPLSharp Services...
4/3/2017 9:29:25 AM, Info: ProjectInfo successfully initialized.
4/3/2017 9:29:26 AM, Info: Verifying archive C:\Users\dja\Documents\GIT-repo\Crestron-MC-Concourse-Displays\SimplSharpNetUtils.clz...
4/3/2017 9:29:28 AM, Info: Saving project information...
4/3/2017 9:29:28 AM, Info: Verifying archive C:\Users\dja\Documents\GIT-repo\Crestron-MC-Concourse-Displays\SimplSharpStringUtils.clz...
4/3/2017 9:29:29 AM, Info: Saving project information...
4/3/2017 9:29:30 AM, Info: Commiting verification transaction...
4/3/2017 9:29:30 AM, Info: Saving project information...
4/3/2017 9:47:27 AM, Info: Initializing SIMPLSharp Services...
4/3/2017 9:47:27 AM, Info: ProjectInfo successfully initialized.
4/3/2017 9:47:28 AM, Info: Verifying archive C:\Users\dja\Documents\GIT-repo\Crestron-MC-Concourse-Displays\SimplSharpNetUtils.clz...
4/3/2017 9:47:30 AM, Info: Saving project information...
4/3/2017 9:47:30 AM, Info: Verifying archive C:\Users\dja\Documents\GIT-repo\Crestron-MC-Concourse-Displays\SimplSharpStringUtils.clz...
4/3/2017 9:47:31 AM, Info: Saving project information...
4/3/2017 9:47:32 AM, Info: Commiting verification transaction...
4/3/2017 9:47:32 AM, Info: Saving project information...
4/3/2017 9:51:30 AM, Info: Initializing SIMPLSharp Services...
4/3/2017 9:51:30 AM, Info: ProjectInfo successfully initialized.
4/3/2017 9:51:31 AM, Info: Verifying archive C:\Users\dja\Documents\GIT-repo\Crestron-MC-Concourse-Displays\SimplSharpNetUtils.clz...
4/3/2017 9:51:32 AM, Info: Saving project information...
4/3/2017 9:51:32 AM, Info: Verifying archive C:\Users\dja\Documents\GIT-repo\Crestron-MC-Concourse-Displays\SimplSharpStringUtils.clz...
4/3/2017 9:51:33 AM, Info: Saving project information...
4/3/2017 9:51:35 AM, Info: Commiting verification transaction...
4/3/2017 9:51:35 AM, Info: Saving project information...
4/3/2017 10:00:25 AM, Info: Initializing SIMPLSharp Services...
4/3/2017 10:00:25 AM, Info: ProjectInfo successfully initialized.
4/3/2017 10:00:26 AM, Info: Verifying archive C:\Users\dja\Documents\GIT-repo\Crestron-MC-Concourse-Displays\SimplSharpNetUtils.clz...
4/3/2017 10:00:28 AM, Info: Saving project information...
4/3/2017 10:00:28 AM, Info: Verifying archive C:\Users\dja\Documents\GIT-repo\Crestron-MC-Concourse-Displays\SimplSharpStringUtils.clz...
4/3/2017 10:00:29 AM, Info: Saving project information...
4/3/2017 10:00:30 AM, Info: Commiting verification transaction...
4/3/2017 10:00:30 AM, Info: Saving project information...
4/3/2017 10:06:03 AM, Info: Initializing SIMPLSharp Services...
4/3/2017 10:06:03 AM, Info: ProjectInfo successfully initialized.
4/3/2017 10:06:04 AM, Info: Verifying archive C:\Users\dja\Documents\GIT-repo\Crestron-MC-Concourse-Displays\SimplSharpNetUtils.clz...
4/3/2017 10:06:06 AM, Info: Saving project information...
4/3/2017 10:06:06 AM, Info: Verifying archive C:\Users\dja\Documents\GIT-repo\Crestron-MC-Concourse-Displays\SimplSharpStringUtils.clz...
4/3/2017 10:06:07 AM, Info: Saving project information...
4/3/2017 10:06:08 AM, Info: Commiting verification transaction...
4/3/2017 10:06:08 AM, Info: Saving project information...
4/3/2017 10:19:24 AM, Info: Initializing SIMPLSharp Services...
4/3/2017 10:19:24 AM, Info: ProjectInfo successfully initialized.
4/3/2017 10:19:24 AM, Info: Verifying archive C:\Users\dja\Documents\GIT-repo\Crestron-MC-Concourse-Displays\SimplSharpNetUtils.clz...
4/3/2017 10:19:26 AM, Info: Saving project information...
4/3/2017 10:19:26 AM, Info: Verifying archive C:\Users\dja\Documents\GIT-repo\Crestron-MC-Concourse-Displays\SimplSharpStringUtils.clz...
4/3/2017 10:19:27 AM, Info: Saving project information...
4/3/2017 10:19:29 AM, Info: Commiting verification transaction...
4/3/2017 10:19:29 AM, Info: Saving project information...
4/3/2017 10:32:21 AM, Info: Initializing SIMPLSharp Services...
4/3/2017 10:32:21 AM, Info: ProjectInfo successfully initialized.
4/3/2017 10:32:21 AM, Info: Verifying archive C:\Users\dja\Documents\GIT-repo\Crestron-MC-Concourse-Displays\SimplSharpNetUtils.clz...
4/3/2017 10:32:23 AM, Info: Saving project information...
4/3/2017 10:32:23 AM, Info: Verifying archive C:\Users\dja\Documents\GIT-repo\Crestron-MC-Concourse-Displays\SimplSharpStringUtils.clz...
4/3/2017 10:32:24 AM, Info: Saving project information...
4/3/2017 10:32:26 AM, Info: Commiting verification transaction...
4/3/2017 10:32:26 AM, Info: Saving project information...
4/3/2017 10:39:47 AM, Info: Initializing SIMPLSharp Services...
4/3/2017 10:39:47 AM, Info: ProjectInfo successfully initialized.
4/3/2017 10:39:48 AM, Info: Verifying archive C:\Users\dja\Documents\GIT-repo\Crestron-MC-Concourse-Displays\SimplSharpNetUtils.clz...
4/3/2017 10:39:49 AM, Info: Saving project information...
4/3/2017 10:39:49 AM, Info: Verifying archive C:\Users\dja\Documents\GIT-repo\Crestron-MC-Concourse-Displays\SimplSharpStringUtils.clz...
4/3/2017 10:39:50 AM, Info: Saving project information...
4/3/2017 10:39:52 AM, Info: Commiting verification transaction...
4/3/2017 10:39:52 AM, Info: Saving project information...
4/3/2017 12:44:11 PM, Info: Initializing SIMPLSharp Services...
4/3/2017 12:44:11 PM, Info: ProjectInfo successfully initialized.
4/3/2017 12:44:12 PM, Info: Verifying archive C:\Users\dja\Documents\GIT-repo\Crestron-MC-Concourse-Displays\SimplSharpNetUtils.clz...
4/3/2017 12:44:14 PM, Info: Saving project information...
4/3/2017 12:44:14 PM, Info: Verifying archive C:\Users\dja\Documents\GIT-repo\Crestron-MC-Concourse-Displays\SimplSharpStringUtils.clz...
4/3/2017 12:44:15 PM, Info: Saving project information...
4/3/2017 12:44:16 PM, Info: Commiting verification transaction...
4/3/2017 12:44:16 PM, Info: Saving project information...
4/3/2017 12:48:06 PM, Info: Initializing SIMPLSharp Services...
4/3/2017 12:48:06 PM, Info: ProjectInfo successfully initialized.
4/3/2017 12:48:07 PM, Info: Verifying archive C:\Users\dja\Documents\GIT-repo\Crestron-MC-Concourse-Displays\SimplSharpNetUtils.clz...
4/3/2017 12:48:09 PM, Info: Saving project information...
4/3/2017 12:48:09 PM, Info: Verifying archive C:\Users\dja\Documents\GIT-repo\Crestron-MC-Concourse-Displays\SimplSharpStringUtils.clz...
4/3/2017 12:48:09 PM, Info: Saving project information...
4/3/2017 12:48:11 PM, Info: Commiting verification transaction...
4/3/2017 12:48:11 PM, Info: Saving project information...
4/3/2017 1:57:40 PM, Info: Initializing SIMPLSharp Services...
4/3/2017 1:57:40 PM, Info: ProjectInfo successfully initialized.
4/3/2017 1:57:41 PM, Info: Verifying archive C:\Users\dja\Documents\GIT-repo\Crestron-MC-Concourse-Displays\SimplSharpNetUtils.clz...
4/3/2017 1:57:43 PM, Info: Saving project information...
4/3/2017 1:57:43 PM, Info: Verifying archive C:\Users\dja\Documents\GIT-repo\Crestron-MC-Concourse-Displays\SimplSharpStringUtils.clz...
4/3/2017 1:57:44 PM, Info: Saving project information...
4/3/2017 1:57:45 PM, Info: Commiting verification transaction...
4/3/2017 1:57:45 PM, Info: Saving project information...
4/3/2017 2:23:37 PM, Info: Initializing SIMPLSharp Services...
4/3/2017 2:23:37 PM, Info: ProjectInfo successfully initialized.
4/3/2017 2:23:37 PM, Info: Verifying archive C:\Users\dja\Documents\GIT-repo\Crestron-MC-Concourse-Displays\SimplSharpNetUtils.clz...
4/3/2017 2:23:39 PM, Info: Saving project information...
4/3/2017 2:23:39 PM, Info: Verifying archive C:\Users\dja\Documents\GIT-repo\Crestron-MC-Concourse-Displays\SimplSharpStringUtils.clz...
4/3/2017 2:23:40 PM, Info: Saving project information...
4/3/2017 2:23:42 PM, Info: Commiting verification transaction...
4/3/2017 2:23:42 PM, Info: Saving project information...
4/3/2017 3:26:34 PM, Info: Initializing SIMPLSharp Services...
4/3/2017 3:26:34 PM, Info: ProjectInfo successfully initialized.
4/3/2017 3:26:35 PM, Info: Verifying archive C:\Users\dja\Documents\GIT-repo\Crestron-MC-Concourse-Displays\SimplSharpNetUtils.clz...
4/3/2017 3:26:37 PM, Info: Saving project information...
4/3/2017 3:26:37 PM, Info: Verifying archive C:\Users\dja\Documents\GIT-repo\Crestron-MC-Concourse-Displays\SimplSharpStringUtils.clz...
4/3/2017 3:26:38 PM, Info: Saving project information...
4/3/2017 3:26:39 PM, Info: Commiting verification transaction...
4/3/2017 3:26:39 PM, Info: Saving project information...
4/3/2017 5:27:41 PM, Info: Initializing SIMPLSharp Services...
4/3/2017 5:27:41 PM, Info: ProjectInfo successfully initialized.
4/3/2017 5:27:41 PM, Info: Verifying archive C:\Users\dja\Documents\GIT-repo\Crestron-MC-Concourse-Displays\SimplSharpNetUtils.clz...
4/3/2017 5:27:43 PM, Info: Saving project information...
4/3/2017 5:27:43 PM, Info: Verifying archive C:\Users\dja\Documents\GIT-repo\Crestron-MC-Concourse-Displays\SimplSharpStringUtils.clz...
4/3/2017 5:27:44 PM, Info: Saving project information...
4/3/2017 5:27:46 PM, Info: Commiting verification transaction...
4/3/2017 5:27:46 PM, Info: Saving project information...
4/3/2017 5:33:15 PM, Info: Initializing SIMPLSharp Services...
4/3/2017 5:33:15 PM, Info: ProjectInfo successfully initialized.
4/3/2017 5:33:16 PM, Info: Verifying archive C:\Users\dja\Documents\GIT-repo\Crestron-MC-Concourse-Displays\SimplSharpNetUtils.clz...
4/3/2017 5:33:18 PM, Info: Saving project information...
4/3/2017 5:33:18 PM, Info: Verifying archive C:\Users\dja\Documents\GIT-repo\Crestron-MC-Concourse-Displays\SimplSharpStringUtils.clz...
4/3/2017 5:33:19 PM, Info: Saving project information...
4/3/2017 5:33:20 PM, Info: Commiting verification transaction...
4/3/2017 5:33:20 PM, Info: Saving project information...
4/3/2017 5:44:10 PM, Info: Initializing SIMPLSharp Services...
4/3/2017 5:44:10 PM, Info: ProjectInfo successfully initialized.
4/3/2017 5:44:10 PM, Info: Verifying archive C:\Users\dja\Documents\GIT-repo\Crestron-MC-Concourse-Displays\SimplSharpNetUtils.clz...
4/3/2017 5:44:12 PM, Info: Saving project information...
4/3/2017 5:44:12 PM, Info: Verifying archive C:\Users\dja\Documents\GIT-repo\Crestron-MC-Concourse-Displays\SimplSharpStringUtils.clz...
4/3/2017 5:44:13 PM, Info: Saving project information...
4/3/2017 5:44:14 PM, Info: Commiting verification transaction...
4/3/2017 5:44:14 PM, Info: Saving project information...
4/3/2017 5:56:10 PM, Info: Initializing SIMPLSharp Services...
4/3/2017 5:56:10 PM, Info: ProjectInfo successfully initialized.
4/3/2017 5:56:11 PM, Info: Verifying archive C:\Users\dja\Documents\GIT-repo\Crestron-MC-Concourse-Displays\SimplSharpNetUtils.clz...
4/3/2017 5:56:13 PM, Info: Saving project information...
4/3/2017 5:56:13 PM, Info: Verifying archive C:\Users\dja\Documents\GIT-repo\Crestron-MC-Concourse-Displays\SimplSharpStringUtils.clz...
4/3/2017 5:56:14 PM, Info: Saving project information...
4/3/2017 5:56:15 PM, Info: Commiting verification transaction...
4/3/2017 5:56:15 PM, Info: Saving project information...
4/3/2017 6:03:52 PM, Info: Initializing SIMPLSharp Services...
4/3/2017 6:03:52 PM, Info: ProjectInfo successfully initialized.
4/3/2017 6:03:53 PM, Info: Verifying archive C:\Users\dja\Documents\GIT-repo\Crestron-MC-Concourse-Displays\SimplSharpNetUtils.clz...
4/3/2017 6:03:55 PM, Info: Saving project information...
4/3/2017 6:03:55 PM, Info: Verifying archive C:\Users\dja\Documents\GIT-repo\Crestron-MC-Concourse-Displays\SimplSharpStringUtils.clz...
4/3/2017 6:03:56 PM, Info: Saving project information...
4/3/2017 6:03:57 PM, Info: Commiting verification transaction...
4/3/2017 6:03:57 PM, Info: Saving project information...
4/3/2017 6:30:44 PM, Info: Initializing SIMPLSharp Services...
4/3/2017 6:30:44 PM, Info: ProjectInfo successfully initialized.
4/3/2017 6:30:45 PM, Info: Verifying archive C:\Users\dja\Documents\GIT-repo\Crestron-MC-Concourse-Displays\SimplSharpNetUtils.clz...
4/3/2017 6:30:46 PM, Info: Saving project information...
4/3/2017 6:30:46 PM, Info: Verifying archive C:\Users\dja\Documents\GIT-repo\Crestron-MC-Concourse-Displays\SimplSharpStringUtils.clz...
4/3/2017 6:30:47 PM, Info: Saving project information...
4/3/2017 6:30:49 PM, Info: Commiting verification transaction...
4/3/2017 6:30:49 PM, Info: Saving project information...
4/3/2017 6:48:25 PM, Info: Initializing SIMPLSharp Services...
4/3/2017 6:48:25 PM, Info: ProjectInfo successfully initialized.
4/3/2017 6:48:25 PM, Info: Verifying archive C:\Users\dja\Documents\GIT-repo\Crestron-MC-Concourse-Displays\SimplSharpNetUtils.clz...
4/3/2017 6:48:27 PM, Info: Saving project information...
4/3/2017 6:48:27 PM, Info: Verifying archive C:\Users\dja\Documents\GIT-repo\Crestron-MC-Concourse-Displays\SimplSharpStringUtils.clz...
4/3/2017 6:48:28 PM, Info: Saving project information...
4/3/2017 6:48:30 PM, Info: Commiting verification transaction...
4/3/2017 6:48:30 PM, Info: Saving project information...
4/3/2017 6:52:07 PM, Info: Initializing SIMPLSharp Services...
4/3/2017 6:52:07 PM, Info: ProjectInfo successfully initialized.
4/3/2017 6:52:07 PM, Info: Verifying archive C:\Users\dja\Documents\GIT-repo\Crestron-MC-Concourse-Displays\SimplSharpNetUtils.clz...
4/3/2017 6:52:09 PM, Info: Saving project information...
4/3/2017 6:52:09 PM, Info: Verifying archive C:\Users\dja\Documents\GIT-repo\Crestron-MC-Concourse-Displays\SimplSharpStringUtils.clz...
4/3/2017 6:52:10 PM, Info: Saving project information...
4/3/2017 6:52:12 PM, Info: Commiting verification transaction...
4/3/2017 6:52:12 PM, Info: Saving project information...
4/3/2017 6:58:18 PM, Info: Initializing SIMPLSharp Services...
4/3/2017 6:58:18 PM, Info: ProjectInfo successfully initialized.
4/3/2017 6:58:19 PM, Info: Verifying archive C:\Users\dja\Documents\GIT-repo\Crestron-MC-Concourse-Displays\SimplSharpNetUtils.clz...
